{"contracts/contracts/AxelarGMP.sol":{"l":{"20":0,"21":0,"22":0,"23":0,"36":0,"45":0,"47":0,"48":0,"57":0,"70":0,"76":0,"78":0,"79":0,"88":0,"101":0,"107":0,"109":0,"110":0,"119":0,"135":0,"144":0,"146":0,"147":0,"156":0,"171":0,"179":0,"181":0,"182":0,"191":0,"204":0,"210":0,"212":0,"213":0,"222":0,"287":0,"289":0,"294":0,"295":0,"302":0,"312":0,"320":0,"326":0,"327":0,"331":0,"337":0,"338":0,"346":0,"358":0,"367":0,"378":0,"389":0,"397":0,"405":0,"411":0,"412":0},"path":"/home/user/Documents/mainstream/dodao-diamond/contracts/contracts/AxelarGMP.sol","s":{"1":0,"2":0,"3":0,"4":0,"5":0,"6":0,"7":0,"8":0,"9":0,"10":0,"11":0,"12":0,"13":0,"14":0,"15":0,"16":0,"17":0,"18":0,"19":0,"20":0,"21":0,"22":0,"23":0,"24":0,"25":0,"26":0,"27":0,"28":0,"29":0,"30":0,"31":0,"32":0,"33":0,"34":0,"35":0,"36":0,"37":0,"38":0,"39":0,"40":0,"41":0,"42":0,"43":0,"44":0,"45":0,"46":0,"47":0,"48":0,"49":0,"50":0,"51":0,"52":0,"53":0,"54":0,"55":0,"56":0},"b":{"1":[0,0],"2":[0,0],"3":[0,0],"4":[0,0],"5":[0,0],"6":[0,0],"7":[0,0],"8":[0,0],"9":[0,0],"10":[0,0],"11":[0,0],"12":[0,0]},"f":{"1":0,"2":0,"3":0,"4":0,"5":0,"6":0,"7":0,"8":0},"fnMap":{"1":{"name":"constructor","line":19,"loc":{"start":{"line":19,"column":4},"end":{"line":25,"column":4}}},"2":{"name":"createTaskContract","line":27,"loc":{"start":{"line":27,"column":4},"end":{"line":62,"column":4}}},"3":{"name":"taskParticipate","line":64,"loc":{"start":{"line":64,"column":4},"end":{"line":93,"column":4}}},"4":{"name":"taskAuditParticipate","line":95,"loc":{"start":{"line":95,"column":4},"end":{"line":124,"column":4}}},"5":{"name":"taskStateChange","line":126,"loc":{"start":{"line":126,"column":4},"end":{"line":161,"column":4}}},"6":{"name":"taskAuditDecision","line":163,"loc":{"start":{"line":163,"column":4},"end":{"line":196,"column":4}}},"7":{"name":"sendMessage","line":198,"loc":{"start":{"line":198,"column":4},"end":{"line":227,"column":4}}},"8":{"name":"_execute","line":282,"loc":{"start":{"line":282,"column":4},"end":{"line":414,"column":4}}}},"statementMap":{"1":{"start":{"line":36,"column":8},"end":{"line":36,"column":1496}},"2":{"start":{"line":45,"column":8},"end":{"line":45,"column":76}},"3":{"start":{"line":47,"column":8},"end":{"line":47,"column":1784}},"4":{"start":{"line":48,"column":12},"end":{"line":48,"column":1821}},"5":{"start":{"line":57,"column":8},"end":{"line":57,"column":2098}},"6":{"start":{"line":70,"column":8},"end":{"line":70,"column":2416}},"7":{"start":{"line":76,"column":8},"end":{"line":76,"column":73}},"8":{"start":{"line":78,"column":8},"end":{"line":78,"column":2643}},"9":{"start":{"line":79,"column":12},"end":{"line":79,"column":2680}},"10":{"start":{"line":88,"column":8},"end":{"line":88,"column":2957}},"11":{"start":{"line":101,"column":8},"end":{"line":101,"column":3280}},"12":{"start":{"line":107,"column":8},"end":{"line":107,"column":78}},"13":{"start":{"line":109,"column":8},"end":{"line":109,"column":3512}},"14":{"start":{"line":110,"column":12},"end":{"line":110,"column":3549}},"15":{"start":{"line":119,"column":8},"end":{"line":119,"column":3826}},"16":{"start":{"line":135,"column":8},"end":{"line":135,"column":4237}},"17":{"start":{"line":144,"column":8},"end":{"line":144,"column":73}},"18":{"start":{"line":146,"column":8},"end":{"line":146,"column":4531}},"19":{"start":{"line":147,"column":12},"end":{"line":147,"column":4568}},"20":{"start":{"line":156,"column":8},"end":{"line":156,"column":4845}},"21":{"start":{"line":171,"column":8},"end":{"line":171,"column":5221}},"22":{"start":{"line":179,"column":8},"end":{"line":179,"column":75}},"23":{"start":{"line":181,"column":8},"end":{"line":181,"column":5492}},"24":{"start":{"line":182,"column":12},"end":{"line":182,"column":5529}},"25":{"start":{"line":191,"column":8},"end":{"line":191,"column":5806}},"26":{"start":{"line":204,"column":8},"end":{"line":204,"column":6120}},"27":{"start":{"line":210,"column":8},"end":{"line":210,"column":69}},"28":{"start":{"line":212,"column":8},"end":{"line":212,"column":6343}},"29":{"start":{"line":213,"column":12},"end":{"line":213,"column":6380}},"30":{"start":{"line":222,"column":8},"end":{"line":222,"column":6657}},"31":{"start":{"line":287,"column":8},"end":{"line":287,"column":74}},"32":{"start":{"line":289,"column":8},"end":{"line":289,"column":8235}},"33":{"start":{"line":294,"column":8},"end":{"line":294,"column":8373}},"34":{"start":{"line":295,"column":12},"end":{"line":295,"column":8467}},"35":{"start":{"line":302,"column":12},"end":{"line":302,"column":8672}},"36":{"start":{"line":312,"column":12},"end":{"line":312,"column":8997}},"37":{"start":{"line":317,"column":15},"end":{"line":317,"column":9164}},"38":{"start":{"line":320,"column":12},"end":{"line":320,"column":9336}},"39":{"start":{"line":326,"column":12},"end":{"line":326,"column":81}},"40":{"start":{"line":327,"column":12},"end":{"line":327,"column":86}},"41":{"start":{"line":328,"column":15},"end":{"line":328,"column":9691}},"42":{"start":{"line":331,"column":12},"end":{"line":331,"column":9868}},"43":{"start":{"line":337,"column":12},"end":{"line":337,"column":81}},"44":{"start":{"line":338,"column":12},"end":{"line":338,"column":10135}},"45":{"start":{"line":343,"column":15},"end":{"line":343,"column":10290}},"46":{"start":{"line":346,"column":12},"end":{"line":346,"column":10403}},"47":{"start":{"line":358,"column":12},"end":{"line":358,"column":10848}},"48":{"start":{"line":367,"column":12},"end":{"line":367,"column":11087}},"49":{"start":{"line":375,"column":15},"end":{"line":375,"column":11316}},"50":{"start":{"line":378,"column":12},"end":{"line":378,"column":11431}},"51":{"start":{"line":389,"column":12},"end":{"line":389,"column":11822}},"52":{"start":{"line":397,"column":12},"end":{"line":397,"column":12035}},"53":{"start":{"line":404,"column":15},"end":{"line":404,"column":12237}},"54":{"start":{"line":405,"column":12},"end":{"line":405,"column":12383}},"55":{"start":{"line":411,"column":12},"end":{"line":411,"column":81}},"56":{"start":{"line":412,"column":12},"end":{"line":412,"column":82}}},"branchMap":{"1":{"line":47,"type":"if","locations":[{"start":{"line":47,"column":8},"end":{"line":47,"column":8}},{"start":{"line":47,"column":8},"end":{"line":47,"column":8}}]},"2":{"line":78,"type":"if","locations":[{"start":{"line":78,"column":8},"end":{"line":78,"column":8}},{"start":{"line":78,"column":8},"end":{"line":78,"column":8}}]},"3":{"line":109,"type":"if","locations":[{"start":{"line":109,"column":8},"end":{"line":109,"column":8}},{"start":{"line":109,"column":8},"end":{"line":109,"column":8}}]},"4":{"line":146,"type":"if","locations":[{"start":{"line":146,"column":8},"end":{"line":146,"column":8}},{"start":{"line":146,"column":8},"end":{"line":146,"column":8}}]},"5":{"line":181,"type":"if","locations":[{"start":{"line":181,"column":8},"end":{"line":181,"column":8}},{"start":{"line":181,"column":8},"end":{"line":181,"column":8}}]},"6":{"line":212,"type":"if","locations":[{"start":{"line":212,"column":8},"end":{"line":212,"column":8}},{"start":{"line":212,"column":8},"end":{"line":212,"column":8}}]},"7":{"line":294,"type":"if","locations":[{"start":{"line":294,"column":8},"end":{"line":294,"column":8}},{"start":{"line":294,"column":8},"end":{"line":294,"column":8}}]},"8":{"line":317,"type":"if","locations":[{"start":{"line":317,"column":15},"end":{"line":317,"column":15}},{"start":{"line":317,"column":15},"end":{"line":317,"column":15}}]},"9":{"line":328,"type":"if","locations":[{"start":{"line":328,"column":15},"end":{"line":328,"column":15}},{"start":{"line":328,"column":15},"end":{"line":328,"column":15}}]},"10":{"line":343,"type":"if","locations":[{"start":{"line":343,"column":15},"end":{"line":343,"column":15}},{"start":{"line":343,"column":15},"end":{"line":343,"column":15}}]},"11":{"line":375,"type":"if","locations":[{"start":{"line":375,"column":15},"end":{"line":375,"column":15}},{"start":{"line":375,"column":15},"end":{"line":375,"column":15}}]},"12":{"line":404,"type":"if","locations":[{"start":{"line":404,"column":15},"end":{"line":404,"column":15}},{"start":{"line":404,"column":15},"end":{"line":404,"column":15}}]}}},"contracts/contracts/Hyperlane.sol":{"l":{"17":0,"18":0,"19":0,"20":0,"34":0,"43":0,"44":0,"49":0,"58":0,"64":0,"65":0,"70":0,"79":0,"85":0,"86":0,"91":0,"103":0,"112":0,"113":0,"118":0,"129":0,"137":0,"138":0,"143":0,"152":0,"158":0,"159":0,"164":0,"221":0,"223":0,"225":0,"226":0,"233":0,"243":0,"251":0,"257":0,"258":0,"262":0,"268":0,"269":0,"277":0,"289":0,"298":0,"309":0,"320":0,"328":0,"336":0,"342":0,"343":0,"351":0,"356":0},"path":"/home/user/Documents/mainstream/dodao-diamond/contracts/contracts/Hyperlane.sol","s":{"1":0,"2":0,"3":0,"4":0,"5":0,"6":0,"7":0,"8":0,"9":0,"10":0,"11":0,"12":0,"13":0,"14":0,"15":0,"16":0,"17":0,"18":0,"19":0,"20":0,"21":0,"22":0,"23":0,"24":0,"25":0,"26":0,"27":0,"28":0,"29":0,"30":0,"31":0,"32":0,"33":0,"34":0,"35":0,"36":0,"37":0,"38":0,"39":0,"40":0,"41":0,"42":0,"43":0,"44":0,"45":0,"46":0,"47":0,"48":0,"49":0,"50":0,"51":0,"52":0},"b":{"1":[0,0],"2":[0,0],"3":[0,0],"4":[0,0],"5":[0,0],"6":[0,0]},"f":{"1":0,"2":0,"3":0,"4":0,"5":0,"6":0,"7":0,"8":0,"9":0,"10":0},"fnMap":{"1":{"name":"constructor","line":16,"loc":{"start":{"line":16,"column":4},"end":{"line":21,"column":4}}},"2":{"name":"createTaskContract","line":25,"loc":{"start":{"line":25,"column":4},"end":{"line":50,"column":4}}},"3":{"name":"taskParticipate","line":52,"loc":{"start":{"line":52,"column":4},"end":{"line":71,"column":4}}},"4":{"name":"taskAuditParticipate","line":73,"loc":{"start":{"line":73,"column":4},"end":{"line":92,"column":4}}},"5":{"name":"taskStateChange","line":94,"loc":{"start":{"line":94,"column":4},"end":{"line":119,"column":4}}},"6":{"name":"taskAuditDecision","line":121,"loc":{"start":{"line":121,"column":4},"end":{"line":144,"column":4}}},"7":{"name":"sendMessage","line":146,"loc":{"start":{"line":146,"column":4},"end":{"line":165,"column":4}}},"8":{"name":"handle","line":216,"loc":{"start":{"line":216,"column":4},"end":{"line":346,"column":4}}},"9":{"name":"addressToBytes32","line":350,"loc":{"start":{"line":350,"column":4},"end":{"line":352,"column":4}}},"10":{"name":"bytes32ToAddress","line":355,"loc":{"start":{"line":355,"column":4},"end":{"line":357,"column":4}}}},"statementMap":{"1":{"start":{"line":34,"column":8},"end":{"line":34,"column":1113}},"2":{"start":{"line":43,"column":8},"end":{"line":43,"column":76}},"3":{"start":{"line":44,"column":8},"end":{"line":44,"column":1400}},"4":{"start":{"line":49,"column":8},"end":{"line":49,"column":72}},"5":{"start":{"line":58,"column":8},"end":{"line":58,"column":1807}},"6":{"start":{"line":64,"column":8},"end":{"line":64,"column":73}},"7":{"start":{"line":65,"column":8},"end":{"line":65,"column":2033}},"8":{"start":{"line":70,"column":8},"end":{"line":70,"column":72}},"9":{"start":{"line":79,"column":8},"end":{"line":79,"column":2445}},"10":{"start":{"line":85,"column":8},"end":{"line":85,"column":78}},"11":{"start":{"line":86,"column":8},"end":{"line":86,"column":2676}},"12":{"start":{"line":91,"column":8},"end":{"line":91,"column":72}},"13":{"start":{"line":103,"column":8},"end":{"line":103,"column":3176}},"14":{"start":{"line":112,"column":8},"end":{"line":112,"column":73}},"15":{"start":{"line":113,"column":8},"end":{"line":113,"column":3469}},"16":{"start":{"line":118,"column":8},"end":{"line":118,"column":72}},"17":{"start":{"line":129,"column":8},"end":{"line":129,"column":3934}},"18":{"start":{"line":137,"column":8},"end":{"line":137,"column":75}},"19":{"start":{"line":138,"column":8},"end":{"line":138,"column":4204}},"20":{"start":{"line":143,"column":8},"end":{"line":143,"column":72}},"21":{"start":{"line":152,"column":8},"end":{"line":152,"column":4607}},"22":{"start":{"line":158,"column":8},"end":{"line":158,"column":69}},"23":{"start":{"line":159,"column":8},"end":{"line":159,"column":4829}},"24":{"start":{"line":164,"column":8},"end":{"line":164,"column":72}},"25":{"start":{"line":221,"column":8},"end":{"line":221,"column":63}},"26":{"start":{"line":223,"column":8},"end":{"line":223,"column":102}},"27":{"start":{"line":225,"column":8},"end":{"line":225,"column":6403}},"28":{"start":{"line":226,"column":12},"end":{"line":226,"column":6497}},"29":{"start":{"line":233,"column":12},"end":{"line":233,"column":6702}},"30":{"start":{"line":243,"column":12},"end":{"line":243,"column":7027}},"31":{"start":{"line":248,"column":15},"end":{"line":248,"column":7194}},"32":{"start":{"line":251,"column":12},"end":{"line":251,"column":7366}},"33":{"start":{"line":257,"column":12},"end":{"line":257,"column":81}},"34":{"start":{"line":258,"column":12},"end":{"line":258,"column":86}},"35":{"start":{"line":259,"column":15},"end":{"line":259,"column":7721}},"36":{"start":{"line":262,"column":12},"end":{"line":262,"column":7898}},"37":{"start":{"line":268,"column":12},"end":{"line":268,"column":81}},"38":{"start":{"line":269,"column":12},"end":{"line":269,"column":8165}},"39":{"start":{"line":274,"column":15},"end":{"line":274,"column":8320}},"40":{"start":{"line":277,"column":12},"end":{"line":277,"column":8433}},"41":{"start":{"line":289,"column":12},"end":{"line":289,"column":8878}},"42":{"start":{"line":298,"column":12},"end":{"line":298,"column":9117}},"43":{"start":{"line":306,"column":15},"end":{"line":306,"column":9346}},"44":{"start":{"line":309,"column":12},"end":{"line":309,"column":9461}},"45":{"start":{"line":320,"column":12},"end":{"line":320,"column":9852}},"46":{"start":{"line":328,"column":12},"end":{"line":328,"column":10065}},"47":{"start":{"line":335,"column":15},"end":{"line":335,"column":10267}},"48":{"start":{"line":336,"column":12},"end":{"line":336,"column":10413}},"49":{"start":{"line":342,"column":12},"end":{"line":342,"column":81}},"50":{"start":{"line":343,"column":12},"end":{"line":343,"column":82}},"51":{"start":{"line":351,"column":8},"end":{"line":351,"column":47}},"52":{"start":{"line":356,"column":8},"end":{"line":356,"column":46}}},"branchMap":{"1":{"line":225,"type":"if","locations":[{"start":{"line":225,"column":8},"end":{"line":225,"column":8}},{"start":{"line":225,"column":8},"end":{"line":225,"column":8}}]},"2":{"line":248,"type":"if","locations":[{"start":{"line":248,"column":15},"end":{"line":248,"column":15}},{"start":{"line":248,"column":15},"end":{"line":248,"column":15}}]},"3":{"line":259,"type":"if","locations":[{"start":{"line":259,"column":15},"end":{"line":259,"column":15}},{"start":{"line":259,"column":15},"end":{"line":259,"column":15}}]},"4":{"line":274,"type":"if","locations":[{"start":{"line":274,"column":15},"end":{"line":274,"column":15}},{"start":{"line":274,"column":15},"end":{"line":274,"column":15}}]},"5":{"line":306,"type":"if","locations":[{"start":{"line":306,"column":15},"end":{"line":306,"column":15}},{"start":{"line":306,"column":15},"end":{"line":306,"column":15}}]},"6":{"line":335,"type":"if","locations":[{"start":{"line":335,"column":15},"end":{"line":335,"column":15}},{"start":{"line":335,"column":15},"end":{"line":335,"column":15}}]}}},"contracts/contracts/Layerzero.sol":{"l":{"26":0,"27":0,"28":0,"29":0,"43":0,"52":0,"54":0,"55":0,"57":0,"73":0,"79":0,"81":0,"82":0,"84":0,"100":0,"106":0,"108":0,"109":0,"111":0,"130":0,"139":0,"141":0,"142":0,"144":0,"162":0,"170":0,"172":0,"173":0,"175":0,"191":0,"197":0,"199":0,"200":0,"202":0,"263":0,"264":0,"265":0,"268":0,"272":0,"282":0,"284":0,"285":0,"292":0,"302":0,"310":0,"316":0,"317":0,"321":0,"327":0,"328":0,"336":0,"348":0,"357":0,"368":0,"379":0,"387":0,"395":0,"401":0,"402":0,"414":0},"path":"/home/user/Documents/mainstream/dodao-diamond/contracts/contracts/Layerzero.sol","s":{"1":0,"2":0,"3":0,"4":0,"5":0,"6":0,"7":0,"8":0,"9":0,"10":0,"11":0,"12":0,"13":0,"14":0,"15":0,"16":0,"17":0,"18":0,"19":0,"20":0,"21":0,"22":0,"23":0,"24":0,"25":0,"26":0,"27":0,"28":0,"29":0,"30":0,"31":0,"32":0,"33":0,"34":0,"35":0,"36":0,"37":0,"38":0,"39":0,"40":0,"41":0,"42":0,"43":0,"44":0,"45":0,"46":0,"47":0,"48":0,"49":0,"50":0,"51":0,"52":0,"53":0,"54":0,"55":0,"56":0,"57":0,"58":0,"59":0,"60":0},"b":{"1":[0,0],"2":[0,0],"3":[0,0],"4":[0,0],"5":[0,0],"6":[0,0],"7":[0,0],"8":[0,0]},"f":{"1":0,"2":0,"3":0,"4":0,"5":0,"6":0,"7":0,"8":0,"9":0},"fnMap":{"1":{"name":"constructor","line":25,"loc":{"start":{"line":25,"column":4},"end":{"line":30,"column":4}}},"2":{"name":"createTaskContract","line":34,"loc":{"start":{"line":34,"column":4},"end":{"line":65,"column":4}}},"3":{"name":"taskParticipate","line":67,"loc":{"start":{"line":67,"column":4},"end":{"line":92,"column":4}}},"4":{"name":"taskAuditParticipate","line":94,"loc":{"start":{"line":94,"column":4},"end":{"line":119,"column":4}}},"5":{"name":"taskStateChange","line":121,"loc":{"start":{"line":121,"column":4},"end":{"line":152,"column":4}}},"6":{"name":"taskAuditDecision","line":154,"loc":{"start":{"line":154,"column":4},"end":{"line":183,"column":4}}},"7":{"name":"sendMessage","line":185,"loc":{"start":{"line":185,"column":4},"end":{"line":210,"column":4}}},"8":{"name":"lzReceive","line":257,"loc":{"start":{"line":257,"column":4},"end":{"line":404,"column":4}}},"9":{"name":"estimateFees","line":407,"loc":{"start":{"line":407,"column":4},"end":{"line":422,"column":4}}}},"statementMap":{"1":{"start":{"line":43,"column":8},"end":{"line":43,"column":1304}},"2":{"start":{"line":52,"column":8},"end":{"line":52,"column":76}},"3":{"start":{"line":54,"column":8},"end":{"line":54,"column":107}},"4":{"start":{"line":55,"column":8},"end":{"line":55,"column":80}},"5":{"start":{"line":57,"column":8},"end":{"line":57,"column":1784}},"6":{"start":{"line":73,"column":8},"end":{"line":73,"column":2210}},"7":{"start":{"line":79,"column":8},"end":{"line":79,"column":73}},"8":{"start":{"line":81,"column":8},"end":{"line":81,"column":107}},"9":{"start":{"line":82,"column":8},"end":{"line":82,"column":80}},"10":{"start":{"line":84,"column":8},"end":{"line":84,"column":2629}},"11":{"start":{"line":100,"column":8},"end":{"line":100,"column":3060}},"12":{"start":{"line":106,"column":8},"end":{"line":106,"column":78}},"13":{"start":{"line":108,"column":8},"end":{"line":108,"column":107}},"14":{"start":{"line":109,"column":8},"end":{"line":109,"column":80}},"15":{"start":{"line":111,"column":8},"end":{"line":111,"column":3484}},"16":{"start":{"line":130,"column":8},"end":{"line":130,"column":4003}},"17":{"start":{"line":139,"column":8},"end":{"line":139,"column":73}},"18":{"start":{"line":141,"column":8},"end":{"line":141,"column":107}},"19":{"start":{"line":142,"column":8},"end":{"line":142,"column":80}},"20":{"start":{"line":144,"column":8},"end":{"line":144,"column":4489}},"21":{"start":{"line":162,"column":8},"end":{"line":162,"column":4973}},"22":{"start":{"line":170,"column":8},"end":{"line":170,"column":75}},"23":{"start":{"line":172,"column":8},"end":{"line":172,"column":107}},"24":{"start":{"line":173,"column":8},"end":{"line":173,"column":80}},"25":{"start":{"line":175,"column":8},"end":{"line":175,"column":5436}},"26":{"start":{"line":191,"column":8},"end":{"line":191,"column":5858}},"27":{"start":{"line":197,"column":8},"end":{"line":197,"column":69}},"28":{"start":{"line":199,"column":8},"end":{"line":199,"column":107}},"29":{"start":{"line":200,"column":8},"end":{"line":200,"column":80}},"30":{"start":{"line":202,"column":8},"end":{"line":202,"column":6273}},"31":{"start":{"line":263,"column":8},"end":{"line":263,"column":47}},"32":{"start":{"line":264,"column":8},"end":{"line":264,"column":20}},"33":{"start":{"line":268,"column":8},"end":{"line":268,"column":7787}},"34":{"start":{"line":272,"column":12},"end":{"line":272,"column":7932}},"35":{"start":{"line":282,"column":8},"end":{"line":282,"column":102}},"36":{"start":{"line":284,"column":8},"end":{"line":284,"column":8268}},"37":{"start":{"line":285,"column":12},"end":{"line":285,"column":8362}},"38":{"start":{"line":292,"column":12},"end":{"line":292,"column":8567}},"39":{"start":{"line":302,"column":12},"end":{"line":302,"column":8892}},"40":{"start":{"line":307,"column":15},"end":{"line":307,"column":9059}},"41":{"start":{"line":310,"column":12},"end":{"line":310,"column":9231}},"42":{"start":{"line":316,"column":12},"end":{"line":316,"column":81}},"43":{"start":{"line":317,"column":12},"end":{"line":317,"column":86}},"44":{"start":{"line":318,"column":15},"end":{"line":318,"column":9586}},"45":{"start":{"line":321,"column":12},"end":{"line":321,"column":9763}},"46":{"start":{"line":327,"column":12},"end":{"line":327,"column":81}},"47":{"start":{"line":328,"column":12},"end":{"line":328,"column":10030}},"48":{"start":{"line":333,"column":15},"end":{"line":333,"column":10185}},"49":{"start":{"line":336,"column":12},"end":{"line":336,"column":10298}},"50":{"start":{"line":348,"column":12},"end":{"line":348,"column":10743}},"51":{"start":{"line":357,"column":12},"end":{"line":357,"column":10982}},"52":{"start":{"line":365,"column":15},"end":{"line":365,"column":11211}},"53":{"start":{"line":368,"column":12},"end":{"line":368,"column":11326}},"54":{"start":{"line":379,"column":12},"end":{"line":379,"column":11717}},"55":{"start":{"line":387,"column":12},"end":{"line":387,"column":11930}},"56":{"start":{"line":394,"column":15},"end":{"line":394,"column":12132}},"57":{"start":{"line":395,"column":12},"end":{"line":395,"column":12278}},"58":{"start":{"line":401,"column":12},"end":{"line":401,"column":81}},"59":{"start":{"line":402,"column":12},"end":{"line":402,"column":82}},"60":{"start":{"line":414,"column":8},"end":{"line":414,"column":12966}}},"branchMap":{"1":{"line":263,"type":"if","locations":[{"start":{"line":263,"column":8},"end":{"line":263,"column":8}},{"start":{"line":263,"column":8},"end":{"line":263,"column":8}}]},"2":{"line":268,"type":"if","locations":[{"start":{"line":268,"column":8},"end":{"line":268,"column":8}},{"start":{"line":268,"column":8},"end":{"line":268,"column":8}}]},"3":{"line":284,"type":"if","locations":[{"start":{"line":284,"column":8},"end":{"line":284,"column":8}},{"start":{"line":284,"column":8},"end":{"line":284,"column":8}}]},"4":{"line":307,"type":"if","locations":[{"start":{"line":307,"column":15},"end":{"line":307,"column":15}},{"start":{"line":307,"column":15},"end":{"line":307,"column":15}}]},"5":{"line":318,"type":"if","locations":[{"start":{"line":318,"column":15},"end":{"line":318,"column":15}},{"start":{"line":318,"column":15},"end":{"line":318,"column":15}}]},"6":{"line":333,"type":"if","locations":[{"start":{"line":333,"column":15},"end":{"line":333,"column":15}},{"start":{"line":333,"column":15},"end":{"line":333,"column":15}}]},"7":{"line":365,"type":"if","locations":[{"start":{"line":365,"column":15},"end":{"line":365,"column":15}},{"start":{"line":365,"column":15},"end":{"line":365,"column":15}}]},"8":{"line":394,"type":"if","locations":[{"start":{"line":394,"column":15},"end":{"line":394,"column":15}},{"start":{"line":394,"column":15},"end":{"line":394,"column":15}}]}}},"contracts/contracts/TaskContract.sol":{"l":{"33":4,"34":4,"35":4,"36":4,"37":4,"38":4,"39":4,"40":4,"41":4,"42":4,"43":4,"44":4,"46":4,"51":113,"53":113,"54":113,"55":113,"57":113,"62":0,"73":0,"74":0,"78":6,"79":6,"84":2,"101":2,"102":2,"122":17,"123":15,"133":2,"145":2,"146":2,"161":0,"162":0},"path":"/home/user/Documents/mainstream/dodao-diamond/contracts/contracts/TaskContract.sol","s":{"1":4,"2":4,"3":113,"4":113,"5":113,"6":0,"7":0,"8":0,"9":6,"10":6,"11":2,"12":2,"13":2,"14":17,"15":15,"16":2,"17":2,"18":2,"19":0,"20":0},"b":{},"f":{"1":4,"2":113,"3":0,"4":0,"5":6,"6":2,"7":17,"8":2,"9":0},"fnMap":{"1":{"name":"constructor","line":29,"loc":{"start":{"line":29,"column":4},"end":{"line":47,"column":4}}},"2":{"name":"getTaskData","line":49,"loc":{"start":{"line":49,"column":4},"end":{"line":58,"column":4}}},"3":{"name":"getBalance","line":61,"loc":{"start":{"line":61,"column":4},"end":{"line":63,"column":4}}},"4":{"name":"transferToaddress","line":65,"loc":{"start":{"line":65,"column":4},"end":{"line":75,"column":4}}},"5":{"name":"taskParticipate","line":77,"loc":{"start":{"line":77,"column":4},"end":{"line":80,"column":4}}},"6":{"name":"taskAuditParticipate","line":83,"loc":{"start":{"line":83,"column":4},"end":{"line":103,"column":4}}},"7":{"name":"taskStateChange","line":105,"loc":{"start":{"line":105,"column":4},"end":{"line":124,"column":4}}},"8":{"name":"taskAuditDecision","line":126,"loc":{"start":{"line":126,"column":4},"end":{"line":147,"column":4}}},"9":{"name":"sendMessage","line":149,"loc":{"start":{"line":149,"column":4},"end":{"line":163,"column":4}}}},"statementMap":{"1":{"start":{"line":33,"column":8},"end":{"line":33,"column":61}},"2":{"start":{"line":46,"column":8},"end":{"line":46,"column":72}},"3":{"start":{"line":51,"column":8},"end":{"line":51,"column":61}},"4":{"start":{"line":54,"column":8},"end":{"line":54,"column":2065}},"5":{"start":{"line":57,"column":8},"end":{"line":57,"column":44}},"6":{"start":{"line":62,"column":8},"end":{"line":62,"column":36}},"7":{"start":{"line":73,"column":8},"end":{"line":73,"column":51}},"8":{"start":{"line":74,"column":8},"end":{"line":74,"column":77}},"9":{"start":{"line":78,"column":8},"end":{"line":78,"column":60}},"10":{"start":{"line":79,"column":8},"end":{"line":79,"column":75}},"11":{"start":{"line":84,"column":8},"end":{"line":84,"column":61}},"12":{"start":{"line":101,"column":8},"end":{"line":101,"column":70}},"13":{"start":{"line":102,"column":8},"end":{"line":102,"column":80}},"14":{"start":{"line":122,"column":8},"end":{"line":122,"column":90}},"15":{"start":{"line":123,"column":8},"end":{"line":123,"column":75}},"16":{"start":{"line":133,"column":8},"end":{"line":133,"column":61}},"17":{"start":{"line":145,"column":8},"end":{"line":145,"column":84}},"18":{"start":{"line":146,"column":8},"end":{"line":146,"column":77}},"19":{"start":{"line":161,"column":8},"end":{"line":161,"column":55}},"20":{"start":{"line":162,"column":8},"end":{"line":162,"column":71}}},"branchMap":{}},"contracts/contracts/Wormhole.sol":{"l":{"26":0,"27":0,"28":0,"29":0,"30":0,"42":0,"53":0,"57":0,"61":0,"73":0,"82":0,"84":0,"85":0,"94":0,"100":0,"102":0,"103":0,"112":0,"118":0,"120":0,"121":0,"133":0,"142":0,"144":0,"145":0,"156":0,"164":0,"166":0,"167":0,"176":0,"182":0,"184":0,"185":0,"238":0,"242":0,"245":0,"251":0,"255":0,"265":0,"272":0,"275":0,"280":0,"282":0,"283":0,"290":0,"300":0,"308":0,"314":0,"315":0,"319":0,"325":0,"326":0,"334":0,"346":0,"355":0,"366":0,"377":0,"385":0,"393":0,"399":0,"400":0},"path":"/home/user/Documents/mainstream/dodao-diamond/contracts/contracts/Wormhole.sol","s":{"1":0,"2":0,"3":0,"4":0,"5":0,"6":0,"7":0,"8":0,"9":0,"10":0,"11":0,"12":0,"13":0,"14":0,"15":0,"16":0,"17":0,"18":0,"19":0,"20":0,"21":0,"22":0,"23":0,"24":0,"25":0,"26":0,"27":0,"28":0,"29":0,"30":0,"31":0,"32":0,"33":0,"34":0,"35":0,"36":0,"37":0,"38":0,"39":0,"40":0,"41":0,"42":0,"43":0,"44":0,"45":0,"46":0,"47":0,"48":0,"49":0,"50":0,"51":0,"52":0,"53":0},"b":{"1":[0,0],"2":[0,0],"3":[0,0],"4":[0,0],"5":[0,0],"6":[0,0],"7":[0,0],"8":[0,0],"9":[0,0],"10":[0,0],"11":[0,0],"12":[0,0]},"f":{"1":0,"2":0,"3":0,"4":0,"5":0,"6":0,"7":0,"8":0,"9":0,"10":0},"fnMap":{"1":{"name":"constructor","line":25,"loc":{"start":{"line":25,"column":4},"end":{"line":31,"column":4}}},"2":{"name":"_sendMessageToRecipient","line":36,"loc":{"start":{"line":36,"column":4},"end":{"line":58,"column":4}}},"3":{"name":"addTrustedAddress","line":60,"loc":{"start":{"line":60,"column":4},"end":{"line":62,"column":4}}},"4":{"name":"createTaskContract","line":64,"loc":{"start":{"line":64,"column":4},"end":{"line":86,"column":4}}},"5":{"name":"taskParticipate","line":88,"loc":{"start":{"line":88,"column":4},"end":{"line":104,"column":4}}},"6":{"name":"taskAuditParticipate","line":106,"loc":{"start":{"line":106,"column":4},"end":{"line":122,"column":4}}},"7":{"name":"taskStateChange","line":124,"loc":{"start":{"line":124,"column":4},"end":{"line":146,"column":4}}},"8":{"name":"taskAuditDecision","line":148,"loc":{"start":{"line":148,"column":4},"end":{"line":168,"column":4}}},"9":{"name":"sendMessage","line":170,"loc":{"start":{"line":170,"column":4},"end":{"line":186,"column":4}}},"10":{"name":"processMyMessage","line":236,"loc":{"start":{"line":236,"column":4},"end":{"line":402,"column":4}}}},"statementMap":{"1":{"start":{"line":42,"column":8},"end":{"line":42,"column":1545}},"2":{"start":{"line":53,"column":8},"end":{"line":53,"column":85}},"3":{"start":{"line":57,"column":8},"end":{"line":57,"column":23}},"4":{"start":{"line":73,"column":8},"end":{"line":73,"column":2639}},"5":{"start":{"line":82,"column":8},"end":{"line":82,"column":76}},"6":{"start":{"line":84,"column":8},"end":{"line":84,"column":79}},"7":{"start":{"line":94,"column":8},"end":{"line":94,"column":3205}},"8":{"start":{"line":100,"column":8},"end":{"line":100,"column":73}},"9":{"start":{"line":102,"column":8},"end":{"line":102,"column":79}},"10":{"start":{"line":112,"column":8},"end":{"line":112,"column":3715}},"11":{"start":{"line":118,"column":8},"end":{"line":118,"column":78}},"12":{"start":{"line":120,"column":8},"end":{"line":120,"column":79}},"13":{"start":{"line":133,"column":8},"end":{"line":133,"column":4318}},"14":{"start":{"line":142,"column":8},"end":{"line":142,"column":73}},"15":{"start":{"line":144,"column":8},"end":{"line":144,"column":79}},"16":{"start":{"line":156,"column":8},"end":{"line":156,"column":4948}},"17":{"start":{"line":164,"column":8},"end":{"line":164,"column":75}},"18":{"start":{"line":166,"column":8},"end":{"line":166,"column":79}},"19":{"start":{"line":176,"column":8},"end":{"line":176,"column":5493}},"20":{"start":{"line":182,"column":8},"end":{"line":182,"column":69}},"21":{"start":{"line":184,"column":8},"end":{"line":184,"column":79}},"22":{"start":{"line":238,"column":8},"end":{"line":238,"column":7053}},"23":{"start":{"line":242,"column":8},"end":{"line":242,"column":29}},"24":{"start":{"line":245,"column":8},"end":{"line":245,"column":7310}},"25":{"start":{"line":251,"column":8},"end":{"line":251,"column":72}},"26":{"start":{"line":255,"column":8},"end":{"line":255,"column":7826}},"27":{"start":{"line":265,"column":8},"end":{"line":265,"column":8207}},"28":{"start":{"line":272,"column":8},"end":{"line":272,"column":62}},"29":{"start":{"line":280,"column":8},"end":{"line":280,"column":101}},"30":{"start":{"line":282,"column":8},"end":{"line":282,"column":8928}},"31":{"start":{"line":283,"column":12},"end":{"line":283,"column":9022}},"32":{"start":{"line":290,"column":12},"end":{"line":290,"column":9227}},"33":{"start":{"line":300,"column":12},"end":{"line":300,"column":9552}},"34":{"start":{"line":305,"column":15},"end":{"line":305,"column":9719}},"35":{"start":{"line":308,"column":12},"end":{"line":308,"column":9891}},"36":{"start":{"line":314,"column":12},"end":{"line":314,"column":81}},"37":{"start":{"line":315,"column":12},"end":{"line":315,"column":86}},"38":{"start":{"line":316,"column":15},"end":{"line":316,"column":10246}},"39":{"start":{"line":319,"column":12},"end":{"line":319,"column":10423}},"40":{"start":{"line":325,"column":12},"end":{"line":325,"column":81}},"41":{"start":{"line":326,"column":12},"end":{"line":326,"column":10690}},"42":{"start":{"line":331,"column":15},"end":{"line":331,"column":10845}},"43":{"start":{"line":334,"column":12},"end":{"line":334,"column":10958}},"44":{"start":{"line":346,"column":12},"end":{"line":346,"column":11403}},"45":{"start":{"line":355,"column":12},"end":{"line":355,"column":11642}},"46":{"start":{"line":363,"column":15},"end":{"line":363,"column":11871}},"47":{"start":{"line":366,"column":12},"end":{"line":366,"column":11986}},"48":{"start":{"line":377,"column":12},"end":{"line":377,"column":12377}},"49":{"start":{"line":385,"column":12},"end":{"line":385,"column":12590}},"50":{"start":{"line":392,"column":15},"end":{"line":392,"column":12792}},"51":{"start":{"line":393,"column":12},"end":{"line":393,"column":12938}},"52":{"start":{"line":399,"column":12},"end":{"line":399,"column":80}},"53":{"start":{"line":400,"column":12},"end":{"line":400,"column":82}}},"branchMap":{"1":{"line":60,"type":"if","locations":[{"start":{"line":60,"column":64},"end":{"line":60,"column":64}},{"start":{"line":60,"column":64},"end":{"line":60,"column":64}}]},"2":{"line":242,"type":"if","locations":[{"start":{"line":242,"column":8},"end":{"line":242,"column":8}},{"start":{"line":242,"column":8},"end":{"line":242,"column":8}}]},"3":{"line":245,"type":"if","locations":[{"start":{"line":245,"column":8},"end":{"line":245,"column":8}},{"start":{"line":245,"column":8},"end":{"line":245,"column":8}}]},"4":{"line":251,"type":"if","locations":[{"start":{"line":251,"column":8},"end":{"line":251,"column":8}},{"start":{"line":251,"column":8},"end":{"line":251,"column":8}}]},"5":{"line":265,"type":"if","locations":[{"start":{"line":265,"column":8},"end":{"line":265,"column":8}},{"start":{"line":265,"column":8},"end":{"line":265,"column":8}}]},"6":{"line":272,"type":"if","locations":[{"start":{"line":272,"column":8},"end":{"line":272,"column":8}},{"start":{"line":272,"column":8},"end":{"line":272,"column":8}}]},"7":{"line":282,"type":"if","locations":[{"start":{"line":282,"column":8},"end":{"line":282,"column":8}},{"start":{"line":282,"column":8},"end":{"line":282,"column":8}}]},"8":{"line":305,"type":"if","locations":[{"start":{"line":305,"column":15},"end":{"line":305,"column":15}},{"start":{"line":305,"column":15},"end":{"line":305,"column":15}}]},"9":{"line":316,"type":"if","locations":[{"start":{"line":316,"column":15},"end":{"line":316,"column":15}},{"start":{"line":316,"column":15},"end":{"line":316,"column":15}}]},"10":{"line":331,"type":"if","locations":[{"start":{"line":331,"column":15},"end":{"line":331,"column":15}},{"start":{"line":331,"column":15},"end":{"line":331,"column":15}}]},"11":{"line":363,"type":"if","locations":[{"start":{"line":363,"column":15},"end":{"line":363,"column":15}},{"start":{"line":363,"column":15},"end":{"line":363,"column":15}}]},"12":{"line":392,"type":"if","locations":[{"start":{"line":392,"column":15},"end":{"line":392,"column":15}},{"start":{"line":392,"column":15},"end":{"line":392,"column":15}}]}}},"contracts/Diamond.sol":{"l":{"32":6,"33":6,"41":279,"42":279,"44":279,"48":279,"49":279,"50":1,"53":278},"path":"/home/user/Documents/mainstream/dodao-diamond/contracts/Diamond.sol","s":{"1":6,"2":6,"3":279,"4":279,"5":279,"6":279},"b":{"1":[1,278]},"f":{"1":6,"2":279},"fnMap":{"1":{"name":"constructor","line":31,"loc":{"start":{"line":31,"column":4},"end":{"line":36,"column":4}}},"2":{"name":null,"line":40,"loc":{"start":{"line":40,"column":4},"end":{"line":69,"column":4}}}},"statementMap":{"1":{"start":{"line":32,"column":8},"end":{"line":32,"column":47}},"2":{"start":{"line":33,"column":8},"end":{"line":33,"column":73}},"3":{"start":{"line":41,"column":8},"end":{"line":41,"column":44}},"4":{"start":{"line":42,"column":8},"end":{"line":42,"column":62}},"5":{"start":{"line":48,"column":8},"end":{"line":48,"column":80}},"6":{"start":{"line":49,"column":8},"end":{"line":49,"column":1772}}},"branchMap":{"1":{"line":49,"type":"if","locations":[{"start":{"line":49,"column":8},"end":{"line":49,"column":8}},{"start":{"line":49,"column":8},"end":{"line":49,"column":8}}]}}},"contracts/external/erc1155/Common.sol":{"l":{},"path":"/home/user/Documents/mainstream/dodao-diamond/contracts/external/erc1155/Common.sol","s":{},"b":{},"f":{},"fnMap":{},"statementMap":{},"branchMap":{}},"contracts/external/erc1155/ERC1155MockNonReceiver.sol":{"l":{},"path":"/home/user/Documents/mainstream/dodao-diamond/contracts/external/erc1155/ERC1155MockNonReceiver.sol","s":{},"b":{},"f":{},"fnMap":{},"statementMap":{},"branchMap":{}},"contracts/external/erc1155/ERC1155MockReceiver.sol":{"l":{"19":4,"23":2,"24":2,"25":2,"26":2,"27":2,"28":2,"29":1,"31":1,"36":2,"37":2,"38":2,"39":2,"40":2,"41":2,"42":1,"44":1,"50":0},"path":"/home/user/Documents/mainstream/dodao-diamond/contracts/external/erc1155/ERC1155MockReceiver.sol","s":{"1":2,"2":1,"3":1,"4":2,"5":1,"6":1,"7":0},"b":{"1":[1,1],"2":[1,1],"3":[0,0]},"f":{"1":4,"2":2,"3":2,"4":0},"fnMap":{"1":{"name":"setShouldReject","line":18,"loc":{"start":{"line":18,"column":4},"end":{"line":20,"column":4}}},"2":{"name":"onERC1155Received","line":22,"loc":{"start":{"line":22,"column":4},"end":{"line":33,"column":4}}},"3":{"name":"onERC1155BatchReceived","line":35,"loc":{"start":{"line":35,"column":4},"end":{"line":46,"column":4}}},"4":{"name":"supportsInterface","line":49,"loc":{"start":{"line":49,"column":4},"end":{"line":52,"column":4}}}},"statementMap":{"1":{"start":{"line":28,"column":8},"end":{"line":28,"column":830}},"2":{"start":{"line":29,"column":12},"end":{"line":29,"column":61}},"3":{"start":{"line":31,"column":12},"end":{"line":31,"column":35}},"4":{"start":{"line":41,"column":8},"end":{"line":41,"column":1317}},"5":{"start":{"line":42,"column":12},"end":{"line":42,"column":66}},"6":{"start":{"line":44,"column":12},"end":{"line":44,"column":41}},"7":{"start":{"line":50,"column":8},"end":{"line":50,"column":1646}}},"branchMap":{"1":{"line":28,"type":"if","locations":[{"start":{"line":28,"column":8},"end":{"line":28,"column":8}},{"start":{"line":28,"column":8},"end":{"line":28,"column":8}}]},"2":{"line":41,"type":"if","locations":[{"start":{"line":41,"column":8},"end":{"line":41,"column":8}},{"start":{"line":41,"column":8},"end":{"line":41,"column":8}}]},"3":{"line":50,"type":"cond-expr","locations":[{"start":{"line":50,"column":16},"end":{"line":50,"column":40}},{"start":{"line":51,"column":16},"end":{"line":51,"column":40}}]}}},"contracts/external/hyperlane/interfaces/IAbacusConnectionManager.sol":{"l":{},"path":"/home/user/Documents/mainstream/dodao-diamond/contracts/external/hyperlane/interfaces/IAbacusConnectionManager.sol","s":{},"b":{},"f":{},"fnMap":{},"statementMap":{},"branchMap":{}},"contracts/external/hyperlane/interfaces/IInbox.sol":{"l":{},"path":"/home/user/Documents/mainstream/dodao-diamond/contracts/external/hyperlane/interfaces/IInbox.sol","s":{},"b":{},"f":{},"fnMap":{},"statementMap":{},"branchMap":{}},"contracts/external/hyperlane/interfaces/IInterchainGasPaymaster.sol":{"l":{},"path":"/home/user/Documents/mainstream/dodao-diamond/contracts/external/hyperlane/interfaces/IInterchainGasPaymaster.sol","s":{},"b":{},"f":{},"fnMap":{},"statementMap":{},"branchMap":{}},"contracts/external/hyperlane/interfaces/IMailbox.sol":{"l":{},"path":"/home/user/Documents/mainstream/dodao-diamond/contracts/external/hyperlane/interfaces/IMailbox.sol","s":{},"b":{},"f":{},"fnMap":{},"statementMap":{},"branchMap":{}},"contracts/external/hyperlane/interfaces/IMessageRecipient.sol":{"l":{},"path":"/home/user/Documents/mainstream/dodao-diamond/contracts/external/hyperlane/interfaces/IMessageRecipient.sol","s":{},"b":{},"f":{},"fnMap":{},"statementMap":{},"branchMap":{}},"contracts/external/hyperlane/interfaces/IOutbox.sol":{"l":{},"path":"/home/user/Documents/mainstream/dodao-diamond/contracts/external/hyperlane/interfaces/IOutbox.sol","s":{},"b":{},"f":{},"fnMap":{},"statementMap":{},"branchMap":{}},"contracts/external/layerzero/interfaces/ILayerZeroEndpoint.sol":{"l":{},"path":"/home/user/Documents/mainstream/dodao-diamond/contracts/external/layerzero/interfaces/ILayerZeroEndpoint.sol","s":{},"b":{},"f":{},"fnMap":{},"statementMap":{},"branchMap":{}},"contracts/external/layerzero/interfaces/ILayerZeroReceiver.sol":{"l":{},"path":"/home/user/Documents/mainstream/dodao-diamond/contracts/external/layerzero/interfaces/ILayerZeroReceiver.sol","s":{},"b":{},"f":{},"fnMap":{},"statementMap":{},"branchMap":{}},"contracts/external/layerzero/interfaces/ILayerZeroUserApplicationConfig.sol":{"l":{},"path":"/home/user/Documents/mainstream/dodao-diamond/contracts/external/layerzero/interfaces/ILayerZeroUserApplicationConfig.sol","s":{},"b":{},"f":{},"fnMap":{},"statementMap":{},"branchMap":{}},"contracts/external/layerzero/interfaces/IStargateFactory.sol":{"l":{},"path":"/home/user/Documents/mainstream/dodao-diamond/contracts/external/layerzero/interfaces/IStargateFactory.sol","s":{},"b":{},"f":{},"fnMap":{},"statementMap":{},"branchMap":{}},"contracts/external/layerzero/interfaces/IStargatePool.sol":{"l":{},"path":"/home/user/Documents/mainstream/dodao-diamond/contracts/external/layerzero/interfaces/IStargatePool.sol","s":{},"b":{},"f":{},"fnMap":{},"statementMap":{},"branchMap":{}},"contracts/external/layerzero/interfaces/IStargateReceiver.sol":{"l":{},"path":"/home/user/Documents/mainstream/dodao-diamond/contracts/external/layerzero/interfaces/IStargateReceiver.sol","s":{},"b":{},"f":{},"fnMap":{},"statementMap":{},"branchMap":{}},"contracts/external/layerzero/interfaces/IStargateRouter.sol":{"l":{},"path":"/home/user/Documents/mainstream/dodao-diamond/contracts/external/layerzero/interfaces/IStargateRouter.sol","s":{},"b":{},"f":{},"fnMap":{},"statementMap":{},"branchMap":{}},"contracts/external/layerzero/interfaces/IStargateRouterETH.sol":{"l":{},"path":"/home/user/Documents/mainstream/dodao-diamond/contracts/external/layerzero/interfaces/IStargateRouterETH.sol","s":{},"b":{},"f":{},"fnMap":{},"statementMap":{},"branchMap":{}},"contracts/external/layerzero/interfaces/IStargateWidget.sol":{"l":{},"path":"/home/user/Documents/mainstream/dodao-diamond/contracts/external/layerzero/interfaces/IStargateWidget.sol","s":{},"b":{},"f":{},"fnMap":{},"statementMap":{},"branchMap":{}},"contracts/external/wormhole/interfaces/IWormhole.sol":{"l":{},"path":"/home/user/Documents/mainstream/dodao-diamond/contracts/external/wormhole/interfaces/IWormhole.sol","s":{},"b":{},"f":{},"fnMap":{},"statementMap":{},"branchMap":{}},"contracts/facets/AccountFacet.sol":{"l":{"31":0,"32":0,"33":0,"34":0,"35":0,"36":0,"37":0,"41":0,"42":0,"43":0,"44":0,"46":0,"47":0,"48":0,"49":0,"50":0,"52":0,"58":0,"59":0,"64":0,"66":0,"67":0,"68":0,"69":0,"73":6,"74":6,"75":6,"77":6,"78":2,"79":2,"82":6,"83":2,"85":6,"89":2,"90":2,"91":2,"93":2,"94":1,"95":1,"98":2,"99":1,"101":2,"105":0,"106":0,"107":0,"109":0,"113":0,"114":0,"115":0,"117":0,"126":3,"127":3,"135":12,"136":12,"137":12,"138":48,"140":12},"path":"/home/user/Documents/mainstream/dodao-diamond/contracts/facets/AccountFacet.sol","s":{"1":0,"2":0,"3":0,"4":0,"5":0,"6":0,"7":0,"8":0,"9":0,"10":0,"11":0,"12":0,"13":0,"14":0,"15":0,"16":0,"17":0,"18":0,"19":6,"20":6,"21":6,"22":6,"23":2,"24":6,"25":6,"26":2,"27":2,"28":2,"29":2,"30":1,"31":2,"32":2,"33":0,"34":0,"35":0,"36":0,"37":0,"38":0,"39":0,"40":0,"41":3,"42":3,"43":12,"44":12,"45":12,"46":12},"b":{"1":[0,0],"2":[0,0],"3":[0,0],"4":[0,0],"5":[0,0],"6":[0,0],"7":[0,0],"8":[0,0],"9":[6,0],"10":[6,0],"11":[2,4],"12":[2,4],"13":[2,0],"14":[2,0],"15":[1,1],"16":[1,1],"17":[0,0],"18":[0,0],"19":[0,0],"20":[0,0]},"f":{"1":0,"2":0,"3":0,"4":6,"5":2,"6":0,"7":0,"8":3,"9":12},"fnMap":{"1":{"name":"addAccountToBlacklist","line":28,"loc":{"start":{"line":28,"column":4},"end":{"line":38,"column":4}}},"2":{"name":"removeAccountFromBlacklist","line":40,"loc":{"start":{"line":40,"column":4},"end":{"line":55,"column":4}}},"3":{"name":"addAccountData","line":57,"loc":{"start":{"line":57,"column":4},"end":{"line":70,"column":4}}},"4":{"name":"addParticipantTask","line":72,"loc":{"start":{"line":72,"column":4},"end":{"line":86,"column":4}}},"5":{"name":"addAuditParticipantTask","line":88,"loc":{"start":{"line":88,"column":4},"end":{"line":102,"column":4}}},"6":{"name":"addPerformerRating","line":104,"loc":{"start":{"line":104,"column":4},"end":{"line":110,"column":4}}},"7":{"name":"addCustomerRating","line":112,"loc":{"start":{"line":112,"column":4},"end":{"line":118,"column":4}}},"8":{"name":"getAccountsList","line":121,"loc":{"start":{"line":121,"column":4},"end":{"line":128,"column":4}}},"9":{"name":"getAccountsData","line":130,"loc":{"start":{"line":130,"column":4},"end":{"line":141,"column":4}}}},"statementMap":{"1":{"start":{"line":31,"column":8},"end":{"line":31,"column":61}},"2":{"start":{"line":32,"column":8},"end":{"line":32,"column":92}},"3":{"start":{"line":33,"column":8},"end":{"line":33,"column":72}},"4":{"start":{"line":34,"column":8},"end":{"line":34,"column":89}},"5":{"start":{"line":35,"column":8},"end":{"line":35,"column":101}},"6":{"start":{"line":36,"column":8},"end":{"line":36,"column":51}},"7":{"start":{"line":41,"column":8},"end":{"line":41,"column":61}},"8":{"start":{"line":42,"column":8},"end":{"line":42,"column":92}},"9":{"start":{"line":43,"column":8},"end":{"line":43,"column":72}},"10":{"start":{"line":44,"column":8},"end":{"line":44,"column":89}},"11":{"start":{"line":46,"column":8},"end":{"line":46,"column":1642}},"12":{"start":{"line":47,"column":12},"end":{"line":47,"column":1736}},"13":{"start":{"line":49,"column":16},"end":{"line":49,"column":1882}},"14":{"start":{"line":52,"column":16},"end":{"line":52,"column":47}},"15":{"start":{"line":58,"column":8},"end":{"line":58,"column":88}},"16":{"start":{"line":59,"column":8},"end":{"line":59,"column":2326}},"17":{"start":{"line":66,"column":8},"end":{"line":66,"column":69}},"18":{"start":{"line":67,"column":8},"end":{"line":67,"column":61}},"19":{"start":{"line":73,"column":8},"end":{"line":73,"column":61}},"20":{"start":{"line":74,"column":8},"end":{"line":74,"column":88}},"21":{"start":{"line":75,"column":8},"end":{"line":75,"column":73}},"22":{"start":{"line":77,"column":8},"end":{"line":77,"column":3258}},"23":{"start":{"line":78,"column":12},"end":{"line":78,"column":46}},"24":{"start":{"line":82,"column":8},"end":{"line":82,"column":3475}},"25":{"start":{"line":85,"column":8},"end":{"line":85,"column":68}},"26":{"start":{"line":89,"column":8},"end":{"line":89,"column":61}},"27":{"start":{"line":90,"column":8},"end":{"line":90,"column":88}},"28":{"start":{"line":91,"column":8},"end":{"line":91,"column":73}},"29":{"start":{"line":93,"column":8},"end":{"line":93,"column":4011}},"30":{"start":{"line":94,"column":12},"end":{"line":94,"column":46}},"31":{"start":{"line":98,"column":8},"end":{"line":98,"column":4228}},"32":{"start":{"line":101,"column":8},"end":{"line":101,"column":73}},"33":{"start":{"line":105,"column":8},"end":{"line":105,"column":61}},"34":{"start":{"line":106,"column":8},"end":{"line":106,"column":88}},"35":{"start":{"line":107,"column":8},"end":{"line":107,"column":73}},"36":{"start":{"line":109,"column":8},"end":{"line":109,"column":63}},"37":{"start":{"line":113,"column":8},"end":{"line":113,"column":61}},"38":{"start":{"line":114,"column":8},"end":{"line":114,"column":88}},"39":{"start":{"line":115,"column":8},"end":{"line":115,"column":73}},"40":{"start":{"line":117,"column":8},"end":{"line":117,"column":62}},"41":{"start":{"line":126,"column":8},"end":{"line":126,"column":61}},"42":{"start":{"line":127,"column":8},"end":{"line":127,"column":36}},"43":{"start":{"line":135,"column":8},"end":{"line":135,"column":61}},"44":{"start":{"line":136,"column":8},"end":{"line":136,"column":74}},"45":{"start":{"line":137,"column":8},"end":{"line":137,"column":5712}},"46":{"start":{"line":140,"column":8},"end":{"line":140,"column":23}}},"branchMap":{"1":{"line":33,"type":"if","locations":[{"start":{"line":33,"column":8},"end":{"line":33,"column":8}},{"start":{"line":33,"column":8},"end":{"line":33,"column":8}}]},"2":{"line":34,"type":"if","locations":[{"start":{"line":34,"column":8},"end":{"line":34,"column":8}},{"start":{"line":34,"column":8},"end":{"line":34,"column":8}}]},"3":{"line":35,"type":"if","locations":[{"start":{"line":35,"column":8},"end":{"line":35,"column":8}},{"start":{"line":35,"column":8},"end":{"line":35,"column":8}}]},"4":{"line":43,"type":"if","locations":[{"start":{"line":43,"column":8},"end":{"line":43,"column":8}},{"start":{"line":43,"column":8},"end":{"line":43,"column":8}}]},"5":{"line":44,"type":"if","locations":[{"start":{"line":44,"column":8},"end":{"line":44,"column":8}},{"start":{"line":44,"column":8},"end":{"line":44,"column":8}}]},"6":{"line":47,"type":"if","locations":[{"start":{"line":47,"column":12},"end":{"line":47,"column":12}},{"start":{"line":47,"column":12},"end":{"line":47,"column":12}}]},"7":{"line":59,"type":"if","locations":[{"start":{"line":59,"column":8},"end":{"line":59,"column":8}},{"start":{"line":59,"column":8},"end":{"line":59,"column":8}}]},"8":{"line":66,"type":"if","locations":[{"start":{"line":66,"column":8},"end":{"line":66,"column":8}},{"start":{"line":66,"column":8},"end":{"line":66,"column":8}}]},"9":{"line":74,"type":"if","locations":[{"start":{"line":74,"column":8},"end":{"line":74,"column":8}},{"start":{"line":74,"column":8},"end":{"line":74,"column":8}}]},"10":{"line":75,"type":"if","locations":[{"start":{"line":75,"column":8},"end":{"line":75,"column":8}},{"start":{"line":75,"column":8},"end":{"line":75,"column":8}}]},"11":{"line":77,"type":"if","locations":[{"start":{"line":77,"column":8},"end":{"line":77,"column":8}},{"start":{"line":77,"column":8},"end":{"line":77,"column":8}}]},"12":{"line":82,"type":"if","locations":[{"start":{"line":82,"column":8},"end":{"line":82,"column":8}},{"start":{"line":82,"column":8},"end":{"line":82,"column":8}}]},"13":{"line":90,"type":"if","locations":[{"start":{"line":90,"column":8},"end":{"line":90,"column":8}},{"start":{"line":90,"column":8},"end":{"line":90,"column":8}}]},"14":{"line":91,"type":"if","locations":[{"start":{"line":91,"column":8},"end":{"line":91,"column":8}},{"start":{"line":91,"column":8},"end":{"line":91,"column":8}}]},"15":{"line":93,"type":"if","locations":[{"start":{"line":93,"column":8},"end":{"line":93,"column":8}},{"start":{"line":93,"column":8},"end":{"line":93,"column":8}}]},"16":{"line":98,"type":"if","locations":[{"start":{"line":98,"column":8},"end":{"line":98,"column":8}},{"start":{"line":98,"column":8},"end":{"line":98,"column":8}}]},"17":{"line":106,"type":"if","locations":[{"start":{"line":106,"column":8},"end":{"line":106,"column":8}},{"start":{"line":106,"column":8},"end":{"line":106,"column":8}}]},"18":{"line":107,"type":"if","locations":[{"start":{"line":107,"column":8},"end":{"line":107,"column":8}},{"start":{"line":107,"column":8},"end":{"line":107,"column":8}}]},"19":{"line":114,"type":"if","locations":[{"start":{"line":114,"column":8},"end":{"line":114,"column":8}},{"start":{"line":114,"column":8},"end":{"line":114,"column":8}}]},"20":{"line":115,"type":"if","locations":[{"start":{"line":115,"column":8},"end":{"line":115,"column":8}},{"start":{"line":115,"column":8},"end":{"line":115,"column":8}}]}}},"contracts/facets/DiamondCutFacet.sol":{"l":{"27":2,"28":2},"path":"/home/user/Documents/mainstream/dodao-diamond/contracts/facets/DiamondCutFacet.sol","s":{"1":2,"2":2},"b":{},"f":{"1":2},"fnMap":{"1":{"name":"diamondCut","line":22,"loc":{"start":{"line":22,"column":4},"end":{"line":29,"column":4}}}},"statementMap":{"1":{"start":{"line":27,"column":8},"end":{"line":27,"column":42}},"2":{"start":{"line":28,"column":8},"end":{"line":28,"column":59}}},"branchMap":{}},"contracts/facets/DiamondLoupeFacet.sol":{"l":{"27":3,"28":3,"30":3,"32":3,"34":3,"36":3,"37":187,"38":187,"39":187,"41":187,"42":1371,"43":161,"44":161,"45":161,"46":161,"50":187,"51":161,"52":161,"55":26,"56":26,"57":26,"58":26,"59":26,"61":3,"62":26,"63":26,"65":26,"70":3,"79":0,"80":0,"81":0,"82":0,"84":0,"85":0,"86":0,"87":0,"88":0,"89":0,"93":0,"101":1,"102":1,"104":1,"105":1,"107":1,"108":96,"109":96,"110":96,"112":96,"113":755,"114":83,"115":83,"119":96,"120":83,"121":83,"124":13,"125":13,"128":1,"138":0,"139":0,"144":4,"145":4},"path":"/home/user/Documents/mainstream/dodao-diamond/contracts/facets/DiamondLoupeFacet.sol","s":{"1":3,"2":3,"3":3,"4":3,"5":3,"6":187,"7":187,"8":187,"9":187,"10":1371,"11":187,"12":3,"13":26,"14":26,"15":0,"16":0,"17":0,"18":0,"19":0,"20":0,"21":0,"22":1,"23":1,"24":1,"25":1,"26":96,"27":96,"28":96,"29":96,"30":755,"31":96,"32":0,"33":4,"34":4},"b":{"1":[161,1210],"2":[161,26],"3":[0,0],"4":[83,672],"5":[83,13]},"f":{"1":3,"2":0,"3":1,"4":0,"5":4},"fnMap":{"1":{"name":"facets","line":26,"loc":{"start":{"line":26,"column":4},"end":{"line":73,"column":4}}},"2":{"name":"facetFunctionSelectors","line":78,"loc":{"start":{"line":78,"column":4},"end":{"line":96,"column":4}}},"3":{"name":"facetAddresses","line":100,"loc":{"start":{"line":100,"column":4},"end":{"line":131,"column":4}}},"4":{"name":"facetAddress","line":137,"loc":{"start":{"line":137,"column":4},"end":{"line":140,"column":4}}},"5":{"name":"supportsInterface","line":143,"loc":{"start":{"line":143,"column":4},"end":{"line":146,"column":4}}}},"statementMap":{"1":{"start":{"line":27,"column":8},"end":{"line":27,"column":74}},"2":{"start":{"line":28,"column":8},"end":{"line":28,"column":51}},"3":{"start":{"line":32,"column":8},"end":{"line":32,"column":71}},"4":{"start":{"line":34,"column":8},"end":{"line":34,"column":25}},"5":{"start":{"line":36,"column":8},"end":{"line":36,"column":1635}},"6":{"start":{"line":37,"column":12},"end":{"line":37,"column":57}},"7":{"start":{"line":38,"column":12},"end":{"line":38,"column":93}},"8":{"start":{"line":39,"column":12},"end":{"line":39,"column":37}},"9":{"start":{"line":41,"column":12},"end":{"line":41,"column":2006}},"10":{"start":{"line":42,"column":16},"end":{"line":42,"column":2091}},"11":{"start":{"line":50,"column":12},"end":{"line":50,"column":2526}},"12":{"start":{"line":61,"column":8},"end":{"line":61,"column":2979}},"13":{"start":{"line":62,"column":12},"end":{"line":62,"column":64}},"14":{"start":{"line":63,"column":12},"end":{"line":63,"column":77}},"15":{"start":{"line":79,"column":8},"end":{"line":79,"column":74}},"16":{"start":{"line":80,"column":8},"end":{"line":80,"column":51}},"17":{"start":{"line":81,"column":8},"end":{"line":81,"column":28}},"18":{"start":{"line":84,"column":8},"end":{"line":84,"column":4053}},"19":{"start":{"line":85,"column":12},"end":{"line":85,"column":57}},"20":{"start":{"line":86,"column":12},"end":{"line":86,"column":93}},"21":{"start":{"line":87,"column":12},"end":{"line":87,"column":4301}},"22":{"start":{"line":101,"column":8},"end":{"line":101,"column":74}},"23":{"start":{"line":102,"column":8},"end":{"line":102,"column":51}},"24":{"start":{"line":105,"column":8},"end":{"line":105,"column":25}},"25":{"start":{"line":107,"column":8},"end":{"line":107,"column":5112}},"26":{"start":{"line":108,"column":12},"end":{"line":108,"column":57}},"27":{"start":{"line":109,"column":12},"end":{"line":109,"column":93}},"28":{"start":{"line":110,"column":12},"end":{"line":110,"column":37}},"29":{"start":{"line":112,"column":12},"end":{"line":112,"column":5492}},"30":{"start":{"line":113,"column":16},"end":{"line":113,"column":5577}},"31":{"start":{"line":119,"column":12},"end":{"line":119,"column":5797}},"32":{"start":{"line":138,"column":8},"end":{"line":138,"column":74}},"33":{"start":{"line":144,"column":8},"end":{"line":144,"column":74}},"34":{"start":{"line":145,"column":8},"end":{"line":145,"column":51}}},"branchMap":{"1":{"line":42,"type":"if","locations":[{"start":{"line":42,"column":16},"end":{"line":42,"column":16}},{"start":{"line":42,"column":16},"end":{"line":42,"column":16}}]},"2":{"line":50,"type":"if","locations":[{"start":{"line":50,"column":12},"end":{"line":50,"column":12}},{"start":{"line":50,"column":12},"end":{"line":50,"column":12}}]},"3":{"line":87,"type":"if","locations":[{"start":{"line":87,"column":12},"end":{"line":87,"column":12}},{"start":{"line":87,"column":12},"end":{"line":87,"column":12}}]},"4":{"line":113,"type":"if","locations":[{"start":{"line":113,"column":16},"end":{"line":113,"column":16}},{"start":{"line":113,"column":16},"end":{"line":113,"column":16}}]},"5":{"line":119,"type":"if","locations":[{"start":{"line":119,"column":12},"end":{"line":119,"column":12}},{"start":{"line":119,"column":12},"end":{"line":119,"column":12}}]}}},"contracts/facets/ERC5633Demo.sol":{"l":{},"path":"/home/user/Documents/mainstream/dodao-diamond/contracts/facets/ERC5633Demo.sol","s":{},"b":{},"f":{},"fnMap":{},"statementMap":{},"branchMap":{}},"contracts/facets/interchain/AxelarFacet.sol":{"l":{"24":0,"27":0,"38":0,"39":0,"59":0,"63":0,"65":0,"66":0,"75":0,"88":0,"94":0,"96":0,"97":0,"106":0,"119":0,"125":0,"127":0,"128":0,"137":0,"153":0,"162":0,"164":0,"165":0,"174":0,"189":0,"197":0,"199":0,"200":0,"209":0,"222":0,"228":0,"230":0,"231":0,"240":0,"305":0,"307":0,"312":0,"313":0,"320":0,"330":0,"338":0,"344":0,"345":0,"349":0,"355":0,"356":0,"364":0,"376":0,"385":0,"396":0,"407":0,"415":0,"423":0,"429":0,"430":0},"path":"/home/user/Documents/mainstream/dodao-diamond/contracts/facets/interchain/AxelarFacet.sol","s":{"1":0,"2":0,"3":0,"4":0,"5":0,"6":0,"7":0,"8":0,"9":0,"10":0,"11":0,"12":0,"13":0,"14":0,"15":0,"16":0,"17":0,"18":0,"19":0,"20":0,"21":0,"22":0,"23":0,"24":0,"25":0,"26":0,"27":0,"28":0,"29":0,"30":0,"31":0,"32":0,"33":0,"34":0,"35":0,"36":0,"37":0,"38":0,"39":0,"40":0,"41":0,"42":0,"43":0,"44":0,"45":0,"46":0,"47":0,"48":0,"49":0,"50":0,"51":0,"52":0,"53":0,"54":0,"55":0,"56":0,"57":0,"58":0,"59":0,"60":0},"b":{"1":[0,0],"2":[0,0],"3":[0,0],"4":[0,0],"5":[0,0],"6":[0,0],"7":[0,0],"8":[0,0],"9":[0,0],"10":[0,0],"11":[0,0],"12":[0,0],"13":[0,0]},"f":{"1":0,"2":0,"3":0,"4":0,"5":0,"6":0,"7":0,"8":0,"9":0,"10":0},"fnMap":{"1":{"name":"execute","line":18,"loc":{"start":{"line":18,"column":4},"end":{"line":28,"column":4}}},"2":{"name":"executeWithToken","line":30,"loc":{"start":{"line":30,"column":4},"end":{"line":53,"column":4}}},"3":{"name":"createTaskContractAxelar","line":55,"loc":{"start":{"line":55,"column":4},"end":{"line":80,"column":4}}},"4":{"name":"taskParticipateAxelar","line":82,"loc":{"start":{"line":82,"column":4},"end":{"line":111,"column":4}}},"5":{"name":"taskAuditParticipateAxelar","line":113,"loc":{"start":{"line":113,"column":4},"end":{"line":142,"column":4}}},"6":{"name":"taskStateChangeAxelar","line":144,"loc":{"start":{"line":144,"column":4},"end":{"line":179,"column":4}}},"7":{"name":"taskAuditDecisionAxelar","line":181,"loc":{"start":{"line":181,"column":4},"end":{"line":214,"column":4}}},"8":{"name":"sendMessageAxelar","line":216,"loc":{"start":{"line":216,"column":4},"end":{"line":245,"column":4}}},"9":{"name":"_execute","line":300,"loc":{"start":{"line":300,"column":4},"end":{"line":432,"column":4}}},"10":{"name":"gateway","line":447,"loc":{"start":{"line":447,"column":4},"end":{"line":447,"column":72}}}},"statementMap":{"1":{"start":{"line":24,"column":8},"end":{"line":24,"column":48}},"2":{"start":{"line":27,"column":8},"end":{"line":27,"column":52}},"3":{"start":{"line":38,"column":8},"end":{"line":38,"column":48}},"4":{"start":{"line":39,"column":8},"end":{"line":39,"column":1628}},"5":{"start":{"line":59,"column":8},"end":{"line":59,"column":2233}},"6":{"start":{"line":63,"column":8},"end":{"line":63,"column":76}},"7":{"start":{"line":65,"column":8},"end":{"line":65,"column":2412}},"8":{"start":{"line":66,"column":12},"end":{"line":66,"column":2449}},"9":{"start":{"line":75,"column":8},"end":{"line":75,"column":2792}},"10":{"start":{"line":88,"column":8},"end":{"line":88,"column":3181}},"11":{"start":{"line":94,"column":8},"end":{"line":94,"column":73}},"12":{"start":{"line":96,"column":8},"end":{"line":96,"column":3408}},"13":{"start":{"line":97,"column":12},"end":{"line":97,"column":3445}},"14":{"start":{"line":106,"column":8},"end":{"line":106,"column":3788}},"15":{"start":{"line":119,"column":8},"end":{"line":119,"column":4183}},"16":{"start":{"line":125,"column":8},"end":{"line":125,"column":78}},"17":{"start":{"line":127,"column":8},"end":{"line":127,"column":4415}},"18":{"start":{"line":128,"column":12},"end":{"line":128,"column":4452}},"19":{"start":{"line":137,"column":8},"end":{"line":137,"column":4795}},"20":{"start":{"line":153,"column":8},"end":{"line":153,"column":5278}},"21":{"start":{"line":162,"column":8},"end":{"line":162,"column":73}},"22":{"start":{"line":164,"column":8},"end":{"line":164,"column":5572}},"23":{"start":{"line":165,"column":12},"end":{"line":165,"column":5609}},"24":{"start":{"line":174,"column":8},"end":{"line":174,"column":5952}},"25":{"start":{"line":189,"column":8},"end":{"line":189,"column":6400}},"26":{"start":{"line":197,"column":8},"end":{"line":197,"column":75}},"27":{"start":{"line":199,"column":8},"end":{"line":199,"column":6671}},"28":{"start":{"line":200,"column":12},"end":{"line":200,"column":6708}},"29":{"start":{"line":209,"column":8},"end":{"line":209,"column":7051}},"30":{"start":{"line":222,"column":8},"end":{"line":222,"column":7437}},"31":{"start":{"line":228,"column":8},"end":{"line":228,"column":69}},"32":{"start":{"line":230,"column":8},"end":{"line":230,"column":7660}},"33":{"start":{"line":231,"column":12},"end":{"line":231,"column":7697}},"34":{"start":{"line":240,"column":8},"end":{"line":240,"column":8040}},"35":{"start":{"line":305,"column":8},"end":{"line":305,"column":74}},"36":{"start":{"line":307,"column":8},"end":{"line":307,"column":9676}},"37":{"start":{"line":312,"column":8},"end":{"line":312,"column":9814}},"38":{"start":{"line":313,"column":12},"end":{"line":313,"column":9908}},"39":{"start":{"line":320,"column":12},"end":{"line":320,"column":10113}},"40":{"start":{"line":330,"column":12},"end":{"line":330,"column":10438}},"41":{"start":{"line":335,"column":15},"end":{"line":335,"column":10627}},"42":{"start":{"line":338,"column":12},"end":{"line":338,"column":10799}},"43":{"start":{"line":344,"column":12},"end":{"line":344,"column":81}},"44":{"start":{"line":345,"column":12},"end":{"line":345,"column":86}},"45":{"start":{"line":346,"column":15},"end":{"line":346,"column":11154}},"46":{"start":{"line":349,"column":12},"end":{"line":349,"column":11331}},"47":{"start":{"line":355,"column":12},"end":{"line":355,"column":81}},"48":{"start":{"line":356,"column":12},"end":{"line":356,"column":11598}},"49":{"start":{"line":361,"column":15},"end":{"line":361,"column":11753}},"50":{"start":{"line":364,"column":12},"end":{"line":364,"column":11866}},"51":{"start":{"line":376,"column":12},"end":{"line":376,"column":12311}},"52":{"start":{"line":385,"column":12},"end":{"line":385,"column":12550}},"53":{"start":{"line":393,"column":15},"end":{"line":393,"column":12779}},"54":{"start":{"line":396,"column":12},"end":{"line":396,"column":12894}},"55":{"start":{"line":407,"column":12},"end":{"line":407,"column":13285}},"56":{"start":{"line":415,"column":12},"end":{"line":415,"column":13498}},"57":{"start":{"line":422,"column":15},"end":{"line":422,"column":13700}},"58":{"start":{"line":423,"column":12},"end":{"line":423,"column":13846}},"59":{"start":{"line":429,"column":12},"end":{"line":429,"column":81}},"60":{"start":{"line":430,"column":12},"end":{"line":430,"column":82}}},"branchMap":{"1":{"line":39,"type":"if","locations":[{"start":{"line":39,"column":8},"end":{"line":39,"column":8}},{"start":{"line":39,"column":8},"end":{"line":39,"column":8}}]},"2":{"line":65,"type":"if","locations":[{"start":{"line":65,"column":8},"end":{"line":65,"column":8}},{"start":{"line":65,"column":8},"end":{"line":65,"column":8}}]},"3":{"line":96,"type":"if","locations":[{"start":{"line":96,"column":8},"end":{"line":96,"column":8}},{"start":{"line":96,"column":8},"end":{"line":96,"column":8}}]},"4":{"line":127,"type":"if","locations":[{"start":{"line":127,"column":8},"end":{"line":127,"column":8}},{"start":{"line":127,"column":8},"end":{"line":127,"column":8}}]},"5":{"line":164,"type":"if","locations":[{"start":{"line":164,"column":8},"end":{"line":164,"column":8}},{"start":{"line":164,"column":8},"end":{"line":164,"column":8}}]},"6":{"line":199,"type":"if","locations":[{"start":{"line":199,"column":8},"end":{"line":199,"column":8}},{"start":{"line":199,"column":8},"end":{"line":199,"column":8}}]},"7":{"line":230,"type":"if","locations":[{"start":{"line":230,"column":8},"end":{"line":230,"column":8}},{"start":{"line":230,"column":8},"end":{"line":230,"column":8}}]},"8":{"line":312,"type":"if","locations":[{"start":{"line":312,"column":8},"end":{"line":312,"column":8}},{"start":{"line":312,"column":8},"end":{"line":312,"column":8}}]},"9":{"line":335,"type":"if","locations":[{"start":{"line":335,"column":15},"end":{"line":335,"column":15}},{"start":{"line":335,"column":15},"end":{"line":335,"column":15}}]},"10":{"line":346,"type":"if","locations":[{"start":{"line":346,"column":15},"end":{"line":346,"column":15}},{"start":{"line":346,"column":15},"end":{"line":346,"column":15}}]},"11":{"line":361,"type":"if","locations":[{"start":{"line":361,"column":15},"end":{"line":361,"column":15}},{"start":{"line":361,"column":15},"end":{"line":361,"column":15}}]},"12":{"line":393,"type":"if","locations":[{"start":{"line":393,"column":15},"end":{"line":393,"column":15}},{"start":{"line":393,"column":15},"end":{"line":393,"column":15}}]},"13":{"line":422,"type":"if","locations":[{"start":{"line":422,"column":15},"end":{"line":422,"column":15}},{"start":{"line":422,"column":15},"end":{"line":422,"column":15}}]}}},"contracts/facets/interchain/HyperlaneFacet.sol":{"l":{"18":0,"22":0,"23":0,"28":0,"37":0,"43":0,"44":0,"49":0,"58":0,"64":0,"65":0,"70":0,"82":0,"91":0,"92":0,"97":0,"108":0,"116":0,"117":0,"122":0,"131":0,"137":0,"138":0,"143":0,"200":0,"202":0,"204":0,"205":0,"212":0,"222":0,"230":0,"236":0,"237":0,"241":0,"247":0,"248":0,"256":0,"268":0,"277":0,"288":0,"299":0,"307":0,"315":0,"321":0,"322":0,"330":0,"335":0},"path":"/home/user/Documents/mainstream/dodao-diamond/contracts/facets/interchain/HyperlaneFacet.sol","s":{"1":0,"2":0,"3":0,"4":0,"5":0,"6":0,"7":0,"8":0,"9":0,"10":0,"11":0,"12":0,"13":0,"14":0,"15":0,"16":0,"17":0,"18":0,"19":0,"20":0,"21":0,"22":0,"23":0,"24":0,"25":0,"26":0,"27":0,"28":0,"29":0,"30":0,"31":0,"32":0,"33":0,"34":0,"35":0,"36":0,"37":0,"38":0,"39":0,"40":0,"41":0,"42":0,"43":0,"44":0,"45":0,"46":0,"47":0,"48":0,"49":0,"50":0,"51":0,"52":0},"b":{"1":[0,0],"2":[0,0],"3":[0,0],"4":[0,0],"5":[0,0],"6":[0,0]},"f":{"1":0,"2":0,"3":0,"4":0,"5":0,"6":0,"7":0,"8":0,"9":0},"fnMap":{"1":{"name":"createTaskContractHyperlane","line":14,"loc":{"start":{"line":14,"column":4},"end":{"line":29,"column":4}}},"2":{"name":"taskParticipateHyperlane","line":31,"loc":{"start":{"line":31,"column":4},"end":{"line":50,"column":4}}},"3":{"name":"taskAuditParticipateHyperlane","line":52,"loc":{"start":{"line":52,"column":4},"end":{"line":71,"column":4}}},"4":{"name":"taskStateChangeHyperlane","line":73,"loc":{"start":{"line":73,"column":4},"end":{"line":98,"column":4}}},"5":{"name":"taskAuditDecisionHyperlane","line":100,"loc":{"start":{"line":100,"column":4},"end":{"line":123,"column":4}}},"6":{"name":"sendMessageHyperlane","line":125,"loc":{"start":{"line":125,"column":4},"end":{"line":144,"column":4}}},"7":{"name":"handle","line":195,"loc":{"start":{"line":195,"column":4},"end":{"line":325,"column":4}}},"8":{"name":"addressToBytes32","line":329,"loc":{"start":{"line":329,"column":4},"end":{"line":331,"column":4}}},"9":{"name":"bytes32ToAddress","line":334,"loc":{"start":{"line":334,"column":4},"end":{"line":336,"column":4}}}},"statementMap":{"1":{"start":{"line":18,"column":8},"end":{"line":18,"column":560}},"2":{"start":{"line":22,"column":8},"end":{"line":22,"column":76}},"3":{"start":{"line":23,"column":8},"end":{"line":23,"column":738}},"4":{"start":{"line":28,"column":8},"end":{"line":28,"column":122}},"5":{"start":{"line":37,"column":8},"end":{"line":37,"column":1271}},"6":{"start":{"line":43,"column":8},"end":{"line":43,"column":73}},"7":{"start":{"line":44,"column":8},"end":{"line":44,"column":1497}},"8":{"start":{"line":49,"column":8},"end":{"line":49,"column":122}},"9":{"start":{"line":58,"column":8},"end":{"line":58,"column":2035}},"10":{"start":{"line":64,"column":8},"end":{"line":64,"column":78}},"11":{"start":{"line":65,"column":8},"end":{"line":65,"column":2266}},"12":{"start":{"line":70,"column":8},"end":{"line":70,"column":122}},"13":{"start":{"line":82,"column":8},"end":{"line":82,"column":2892}},"14":{"start":{"line":91,"column":8},"end":{"line":91,"column":73}},"15":{"start":{"line":92,"column":8},"end":{"line":92,"column":3185}},"16":{"start":{"line":97,"column":8},"end":{"line":97,"column":122}},"17":{"start":{"line":108,"column":8},"end":{"line":108,"column":3776}},"18":{"start":{"line":116,"column":8},"end":{"line":116,"column":75}},"19":{"start":{"line":117,"column":8},"end":{"line":117,"column":4046}},"20":{"start":{"line":122,"column":8},"end":{"line":122,"column":122}},"21":{"start":{"line":131,"column":8},"end":{"line":131,"column":4575}},"22":{"start":{"line":137,"column":8},"end":{"line":137,"column":69}},"23":{"start":{"line":138,"column":8},"end":{"line":138,"column":4797}},"24":{"start":{"line":143,"column":8},"end":{"line":143,"column":122}},"25":{"start":{"line":200,"column":8},"end":{"line":200,"column":63}},"26":{"start":{"line":202,"column":8},"end":{"line":202,"column":102}},"27":{"start":{"line":204,"column":8},"end":{"line":204,"column":6496}},"28":{"start":{"line":205,"column":12},"end":{"line":205,"column":6590}},"29":{"start":{"line":212,"column":12},"end":{"line":212,"column":6795}},"30":{"start":{"line":222,"column":12},"end":{"line":222,"column":7120}},"31":{"start":{"line":227,"column":15},"end":{"line":227,"column":7312}},"32":{"start":{"line":230,"column":12},"end":{"line":230,"column":7484}},"33":{"start":{"line":236,"column":12},"end":{"line":236,"column":81}},"34":{"start":{"line":237,"column":12},"end":{"line":237,"column":86}},"35":{"start":{"line":238,"column":15},"end":{"line":238,"column":7839}},"36":{"start":{"line":241,"column":12},"end":{"line":241,"column":8016}},"37":{"start":{"line":247,"column":12},"end":{"line":247,"column":81}},"38":{"start":{"line":248,"column":12},"end":{"line":248,"column":8283}},"39":{"start":{"line":253,"column":15},"end":{"line":253,"column":8438}},"40":{"start":{"line":256,"column":12},"end":{"line":256,"column":8551}},"41":{"start":{"line":268,"column":12},"end":{"line":268,"column":8996}},"42":{"start":{"line":277,"column":12},"end":{"line":277,"column":9235}},"43":{"start":{"line":285,"column":15},"end":{"line":285,"column":9464}},"44":{"start":{"line":288,"column":12},"end":{"line":288,"column":9579}},"45":{"start":{"line":299,"column":12},"end":{"line":299,"column":9970}},"46":{"start":{"line":307,"column":12},"end":{"line":307,"column":10183}},"47":{"start":{"line":314,"column":15},"end":{"line":314,"column":10385}},"48":{"start":{"line":315,"column":12},"end":{"line":315,"column":10531}},"49":{"start":{"line":321,"column":12},"end":{"line":321,"column":81}},"50":{"start":{"line":322,"column":12},"end":{"line":322,"column":82}},"51":{"start":{"line":330,"column":8},"end":{"line":330,"column":47}},"52":{"start":{"line":335,"column":8},"end":{"line":335,"column":46}}},"branchMap":{"1":{"line":204,"type":"if","locations":[{"start":{"line":204,"column":8},"end":{"line":204,"column":8}},{"start":{"line":204,"column":8},"end":{"line":204,"column":8}}]},"2":{"line":227,"type":"if","locations":[{"start":{"line":227,"column":15},"end":{"line":227,"column":15}},{"start":{"line":227,"column":15},"end":{"line":227,"column":15}}]},"3":{"line":238,"type":"if","locations":[{"start":{"line":238,"column":15},"end":{"line":238,"column":15}},{"start":{"line":238,"column":15},"end":{"line":238,"column":15}}]},"4":{"line":253,"type":"if","locations":[{"start":{"line":253,"column":15},"end":{"line":253,"column":15}},{"start":{"line":253,"column":15},"end":{"line":253,"column":15}}]},"5":{"line":285,"type":"if","locations":[{"start":{"line":285,"column":15},"end":{"line":285,"column":15}},{"start":{"line":285,"column":15},"end":{"line":285,"column":15}}]},"6":{"line":314,"type":"if","locations":[{"start":{"line":314,"column":15},"end":{"line":314,"column":15}},{"start":{"line":314,"column":15},"end":{"line":314,"column":15}}]}}},"contracts/facets/interchain/LayerzeroFacet.sol":{"l":{"25":0,"29":0,"31":0,"32":0,"34":0,"50":0,"56":0,"58":0,"59":0,"61":0,"77":0,"83":0,"85":0,"86":0,"88":0,"107":0,"116":0,"118":0,"119":0,"121":0,"139":0,"147":0,"149":0,"150":0,"152":0,"168":0,"174":0,"176":0,"177":0,"179":0,"240":0,"241":0,"242":0,"245":0,"249":0,"259":0,"261":0,"262":0,"269":0,"279":0,"287":0,"293":0,"294":0,"298":0,"304":0,"305":0,"313":0,"325":0,"334":0,"345":0,"356":0,"364":0,"372":0,"378":0,"379":0,"391":0},"path":"/home/user/Documents/mainstream/dodao-diamond/contracts/facets/interchain/LayerzeroFacet.sol","s":{"1":0,"2":0,"3":0,"4":0,"5":0,"6":0,"7":0,"8":0,"9":0,"10":0,"11":0,"12":0,"13":0,"14":0,"15":0,"16":0,"17":0,"18":0,"19":0,"20":0,"21":0,"22":0,"23":0,"24":0,"25":0,"26":0,"27":0,"28":0,"29":0,"30":0,"31":0,"32":0,"33":0,"34":0,"35":0,"36":0,"37":0,"38":0,"39":0,"40":0,"41":0,"42":0,"43":0,"44":0,"45":0,"46":0,"47":0,"48":0,"49":0,"50":0,"51":0,"52":0,"53":0,"54":0,"55":0,"56":0,"57":0,"58":0,"59":0,"60":0},"b":{"1":[0,0],"2":[0,0],"3":[0,0],"4":[0,0],"5":[0,0],"6":[0,0],"7":[0,0],"8":[0,0]},"f":{"1":0,"2":0,"3":0,"4":0,"5":0,"6":0,"7":0,"8":0},"fnMap":{"1":{"name":"createTaskContractLayerzero","line":21,"loc":{"start":{"line":21,"column":4},"end":{"line":42,"column":4}}},"2":{"name":"taskParticipateLayerzero","line":44,"loc":{"start":{"line":44,"column":4},"end":{"line":69,"column":4}}},"3":{"name":"taskAuditParticipateLayerzero","line":71,"loc":{"start":{"line":71,"column":4},"end":{"line":96,"column":4}}},"4":{"name":"taskStateChangeLayerzero","line":98,"loc":{"start":{"line":98,"column":4},"end":{"line":129,"column":4}}},"5":{"name":"taskAuditDecisionLayerzero","line":131,"loc":{"start":{"line":131,"column":4},"end":{"line":160,"column":4}}},"6":{"name":"sendMessageLayerzero","line":162,"loc":{"start":{"line":162,"column":4},"end":{"line":187,"column":4}}},"7":{"name":"lzReceive","line":234,"loc":{"start":{"line":234,"column":4},"end":{"line":381,"column":4}}},"8":{"name":"estimateFees","line":384,"loc":{"start":{"line":384,"column":4},"end":{"line":399,"column":4}}}},"statementMap":{"1":{"start":{"line":25,"column":8},"end":{"line":25,"column":715}},"2":{"start":{"line":29,"column":8},"end":{"line":29,"column":76}},"3":{"start":{"line":31,"column":8},"end":{"line":31,"column":132}},"4":{"start":{"line":32,"column":8},"end":{"line":32,"column":80}},"5":{"start":{"line":34,"column":8},"end":{"line":34,"column":1111}},"6":{"start":{"line":50,"column":8},"end":{"line":50,"column":1595}},"7":{"start":{"line":56,"column":8},"end":{"line":56,"column":73}},"8":{"start":{"line":58,"column":8},"end":{"line":58,"column":132}},"9":{"start":{"line":59,"column":8},"end":{"line":59,"column":80}},"10":{"start":{"line":61,"column":8},"end":{"line":61,"column":2039}},"11":{"start":{"line":77,"column":8},"end":{"line":77,"column":2528}},"12":{"start":{"line":83,"column":8},"end":{"line":83,"column":78}},"13":{"start":{"line":85,"column":8},"end":{"line":85,"column":132}},"14":{"start":{"line":86,"column":8},"end":{"line":86,"column":80}},"15":{"start":{"line":88,"column":8},"end":{"line":88,"column":2977}},"16":{"start":{"line":107,"column":8},"end":{"line":107,"column":3554}},"17":{"start":{"line":116,"column":8},"end":{"line":116,"column":73}},"18":{"start":{"line":118,"column":8},"end":{"line":118,"column":132}},"19":{"start":{"line":119,"column":8},"end":{"line":119,"column":80}},"20":{"start":{"line":121,"column":8},"end":{"line":121,"column":4065}},"21":{"start":{"line":139,"column":8},"end":{"line":139,"column":4607}},"22":{"start":{"line":147,"column":8},"end":{"line":147,"column":75}},"23":{"start":{"line":149,"column":8},"end":{"line":149,"column":132}},"24":{"start":{"line":150,"column":8},"end":{"line":150,"column":80}},"25":{"start":{"line":152,"column":8},"end":{"line":152,"column":5095}},"26":{"start":{"line":168,"column":8},"end":{"line":168,"column":5575}},"27":{"start":{"line":174,"column":8},"end":{"line":174,"column":69}},"28":{"start":{"line":176,"column":8},"end":{"line":176,"column":132}},"29":{"start":{"line":177,"column":8},"end":{"line":177,"column":80}},"30":{"start":{"line":179,"column":8},"end":{"line":179,"column":6015}},"31":{"start":{"line":240,"column":8},"end":{"line":240,"column":72}},"32":{"start":{"line":241,"column":8},"end":{"line":241,"column":20}},"33":{"start":{"line":245,"column":8},"end":{"line":245,"column":7604}},"34":{"start":{"line":249,"column":12},"end":{"line":249,"column":7749}},"35":{"start":{"line":259,"column":8},"end":{"line":259,"column":102}},"36":{"start":{"line":261,"column":8},"end":{"line":261,"column":8110}},"37":{"start":{"line":262,"column":12},"end":{"line":262,"column":8204}},"38":{"start":{"line":269,"column":12},"end":{"line":269,"column":8409}},"39":{"start":{"line":279,"column":12},"end":{"line":279,"column":8734}},"40":{"start":{"line":284,"column":15},"end":{"line":284,"column":8926}},"41":{"start":{"line":287,"column":12},"end":{"line":287,"column":9098}},"42":{"start":{"line":293,"column":12},"end":{"line":293,"column":81}},"43":{"start":{"line":294,"column":12},"end":{"line":294,"column":86}},"44":{"start":{"line":295,"column":15},"end":{"line":295,"column":9453}},"45":{"start":{"line":298,"column":12},"end":{"line":298,"column":9630}},"46":{"start":{"line":304,"column":12},"end":{"line":304,"column":81}},"47":{"start":{"line":305,"column":12},"end":{"line":305,"column":9897}},"48":{"start":{"line":310,"column":15},"end":{"line":310,"column":10052}},"49":{"start":{"line":313,"column":12},"end":{"line":313,"column":10165}},"50":{"start":{"line":325,"column":12},"end":{"line":325,"column":10610}},"51":{"start":{"line":334,"column":12},"end":{"line":334,"column":10849}},"52":{"start":{"line":342,"column":15},"end":{"line":342,"column":11078}},"53":{"start":{"line":345,"column":12},"end":{"line":345,"column":11193}},"54":{"start":{"line":356,"column":12},"end":{"line":356,"column":11584}},"55":{"start":{"line":364,"column":12},"end":{"line":364,"column":11797}},"56":{"start":{"line":371,"column":15},"end":{"line":371,"column":11999}},"57":{"start":{"line":372,"column":12},"end":{"line":372,"column":12145}},"58":{"start":{"line":378,"column":12},"end":{"line":378,"column":81}},"59":{"start":{"line":379,"column":12},"end":{"line":379,"column":82}},"60":{"start":{"line":391,"column":8},"end":{"line":391,"column":12833}}},"branchMap":{"1":{"line":240,"type":"if","locations":[{"start":{"line":240,"column":8},"end":{"line":240,"column":8}},{"start":{"line":240,"column":8},"end":{"line":240,"column":8}}]},"2":{"line":245,"type":"if","locations":[{"start":{"line":245,"column":8},"end":{"line":245,"column":8}},{"start":{"line":245,"column":8},"end":{"line":245,"column":8}}]},"3":{"line":261,"type":"if","locations":[{"start":{"line":261,"column":8},"end":{"line":261,"column":8}},{"start":{"line":261,"column":8},"end":{"line":261,"column":8}}]},"4":{"line":284,"type":"if","locations":[{"start":{"line":284,"column":15},"end":{"line":284,"column":15}},{"start":{"line":284,"column":15},"end":{"line":284,"column":15}}]},"5":{"line":295,"type":"if","locations":[{"start":{"line":295,"column":15},"end":{"line":295,"column":15}},{"start":{"line":295,"column":15},"end":{"line":295,"column":15}}]},"6":{"line":310,"type":"if","locations":[{"start":{"line":310,"column":15},"end":{"line":310,"column":15}},{"start":{"line":310,"column":15},"end":{"line":310,"column":15}}]},"7":{"line":342,"type":"if","locations":[{"start":{"line":342,"column":15},"end":{"line":342,"column":15}},{"start":{"line":342,"column":15},"end":{"line":342,"column":15}}]},"8":{"line":371,"type":"if","locations":[{"start":{"line":371,"column":15},"end":{"line":371,"column":15}},{"start":{"line":371,"column":15},"end":{"line":371,"column":15}}]}}},"contracts/facets/interchain/WormholeFacet.sol":{"l":{"24":0,"35":0,"39":0,"43":0,"44":0,"51":0,"55":0,"57":0,"58":0,"67":0,"73":0,"75":0,"76":0,"85":0,"91":0,"93":0,"94":0,"106":0,"115":0,"117":0,"118":0,"129":0,"137":0,"139":0,"140":0,"149":0,"155":0,"157":0,"158":0,"211":0,"215":0,"218":0,"224":0,"228":0,"238":0,"245":0,"248":0,"253":0,"255":0,"256":0,"263":0,"273":0,"281":0,"287":0,"288":0,"292":0,"298":0,"299":0,"307":0,"319":0,"328":0,"339":0,"350":0,"358":0,"366":0,"372":0,"373":0},"path":"/home/user/Documents/mainstream/dodao-diamond/contracts/facets/interchain/WormholeFacet.sol","s":{"1":0,"2":0,"3":0,"4":0,"5":0,"6":0,"7":0,"8":0,"9":0,"10":0,"11":0,"12":0,"13":0,"14":0
[...]
n":12},"end":{"line":394,"column":31}},"28":{"start":{"line":395,"column":12},"end":{"line":395,"column":44}},"29":{"start":{"line":399,"column":12},"end":{"line":399,"column":53}},"30":{"start":{"line":407,"column":12},"end":{"line":407,"column":69}},"31":{"start":{"line":409,"column":12},"end":{"line":409,"column":14761}},"32":{"start":{"line":410,"column":16},"end":{"line":410,"column":14805}},"33":{"start":{"line":426,"column":8},"end":{"line":426,"column":68}},"34":{"start":{"line":427,"column":8},"end":{"line":427,"column":58}},"35":{"start":{"line":428,"column":8},"end":{"line":428,"column":37}},"36":{"start":{"line":437,"column":8},"end":{"line":437,"column":68}},"37":{"start":{"line":439,"column":8},"end":{"line":439,"column":53}},"38":{"start":{"line":441,"column":8},"end":{"line":441,"column":15661}},"39":{"start":{"line":442,"column":12},"end":{"line":442,"column":31}},"40":{"start":{"line":443,"column":12},"end":{"line":443,"column":30}},"41":{"start":{"line":444,"column":12},"end":{"line":444,"column":45}},"42":{"start":{"line":453,"column":12},"end":{"line":453,"column":76}},"43":{"start":{"line":455,"column":12},"end":{"line":455,"column":16300}},"44":{"start":{"line":456,"column":16},"end":{"line":456,"column":16343}},"45":{"start":{"line":473,"column":8},"end":{"line":473,"column":68}},"46":{"start":{"line":474,"column":8},"end":{"line":474,"column":58}},"47":{"start":{"line":475,"column":8},"end":{"line":475,"column":47}},"48":{"start":{"line":482,"column":8},"end":{"line":482,"column":68}},"49":{"start":{"line":484,"column":8},"end":{"line":484,"column":27}},"50":{"start":{"line":491,"column":8},"end":{"line":491,"column":68}},"51":{"start":{"line":492,"column":8},"end":{"line":492,"column":58}},"52":{"start":{"line":493,"column":8},"end":{"line":493,"column":29}},"53":{"start":{"line":504,"column":8},"end":{"line":504,"column":68}},"54":{"start":{"line":505,"column":8},"end":{"line":505,"column":66}},"55":{"start":{"line":506,"column":8},"end":{"line":506,"column":17779}},"56":{"start":{"line":511,"column":8},"end":{"line":511,"column":42}},"57":{"start":{"line":513,"column":8},"end":{"line":513,"column":18025}},"58":{"start":{"line":514,"column":12},"end":{"line":514,"column":56}},"59":{"start":{"line":517,"column":12},"end":{"line":517,"column":58}},"60":{"start":{"line":522,"column":12},"end":{"line":522,"column":18549}},"61":{"start":{"line":523,"column":16},"end":{"line":523,"column":18651}},"62":{"start":{"line":525,"column":20},"end":{"line":525,"column":18811}},"63":{"start":{"line":528,"column":20},"end":{"line":528,"column":57}},"64":{"start":{"line":530,"column":16},"end":{"line":530,"column":55}},"65":{"start":{"line":540,"column":8},"end":{"line":540,"column":64}},"66":{"start":{"line":542,"column":8},"end":{"line":542,"column":19481}},"67":{"start":{"line":543,"column":12},"end":{"line":543,"column":19521}},"68":{"start":{"line":562,"column":8},"end":{"line":562,"column":68}},"69":{"start":{"line":564,"column":8},"end":{"line":564,"column":66}},"70":{"start":{"line":565,"column":8},"end":{"line":565,"column":72}},"71":{"start":{"line":568,"column":8},"end":{"line":568,"column":20285}},"72":{"start":{"line":573,"column":8},"end":{"line":573,"column":20485}},"73":{"start":{"line":575,"column":12},"end":{"line":575,"column":32}},"74":{"start":{"line":576,"column":12},"end":{"line":576,"column":38}},"75":{"start":{"line":577,"column":12},"end":{"line":577,"column":44}},"76":{"start":{"line":579,"column":12},"end":{"line":579,"column":20734}},"77":{"start":{"line":580,"column":16},"end":{"line":580,"column":59}},"78":{"start":{"line":584,"column":16},"end":{"line":584,"column":61}},"79":{"start":{"line":608,"column":8},"end":{"line":608,"column":65}},"80":{"start":{"line":610,"column":8},"end":{"line":610,"column":22310}},"81":{"start":{"line":611,"column":12},"end":{"line":611,"column":22350}},"82":{"start":{"line":735,"column":8},"end":{"line":735,"column":68}},"83":{"start":{"line":736,"column":8},"end":{"line":736,"column":26610}},"84":{"start":{"line":742,"column":8},"end":{"line":742,"column":61}},"85":{"start":{"line":755,"column":8},"end":{"line":755,"column":68}},"86":{"start":{"line":756,"column":8},"end":{"line":756,"column":64}},"87":{"start":{"line":760,"column":8},"end":{"line":760,"column":68}},"88":{"start":{"line":771,"column":8},"end":{"line":771,"column":68}},"89":{"start":{"line":772,"column":8},"end":{"line":772,"column":27846}},"90":{"start":{"line":773,"column":12},"end":{"line":773,"column":61}},"91":{"start":{"line":775,"column":12},"end":{"line":775,"column":35}},"92":{"start":{"line":786,"column":8},"end":{"line":786,"column":68}},"93":{"start":{"line":787,"column":8},"end":{"line":787,"column":28323}},"94":{"start":{"line":788,"column":12},"end":{"line":788,"column":66}},"95":{"start":{"line":790,"column":12},"end":{"line":790,"column":41}},"96":{"start":{"line":802,"column":8},"end":{"line":802,"column":178}},"97":{"start":{"line":812,"column":8},"end":{"line":812,"column":196}},"98":{"start":{"line":845,"column":8},"end":{"line":845,"column":31830}},"99":{"start":{"line":852,"column":8},"end":{"line":852,"column":32066}},"100":{"start":{"line":863,"column":8},"end":{"line":863,"column":68}},"101":{"start":{"line":864,"column":8},"end":{"line":864,"column":32386}}},"branchMap":{"1":{"line":328,"type":"if","locations":[{"start":{"line":328,"column":8},"end":{"line":328,"column":8}},{"start":{"line":328,"column":8},"end":{"line":328,"column":8}}]},"2":{"line":336,"type":"if","locations":[{"start":{"line":336,"column":9},"end":{"line":336,"column":9}},{"start":{"line":336,"column":9},"end":{"line":336,"column":9}}]},"3":{"line":336,"type":"cond-expr","locations":[{"start":{"line":336,"column":13},"end":{"line":336,"column":54}},{"start":{"line":337,"column":13},"end":{"line":337,"column":55}}]},"4":{"line":351,"type":"if","locations":[{"start":{"line":351,"column":8},"end":{"line":351,"column":8}},{"start":{"line":351,"column":8},"end":{"line":351,"column":8}}]},"5":{"line":356,"type":"if","locations":[{"start":{"line":356,"column":8},"end":{"line":356,"column":8}},{"start":{"line":356,"column":8},"end":{"line":356,"column":8}}]},"6":{"line":374,"type":"if","locations":[{"start":{"line":374,"column":8},"end":{"line":374,"column":8}},{"start":{"line":374,"column":8},"end":{"line":374,"column":8}}]},"7":{"line":381,"type":"if","locations":[{"start":{"line":381,"column":13},"end":{"line":381,"column":13}},{"start":{"line":381,"column":13},"end":{"line":381,"column":13}}]},"8":{"line":385,"type":"if","locations":[{"start":{"line":385,"column":8},"end":{"line":385,"column":8}},{"start":{"line":385,"column":8},"end":{"line":385,"column":8}}]},"9":{"line":409,"type":"if","locations":[{"start":{"line":409,"column":12},"end":{"line":409,"column":12}},{"start":{"line":409,"column":12},"end":{"line":409,"column":12}}]},"10":{"line":436,"type":"if","locations":[{"start":{"line":436,"column":13},"end":{"line":436,"column":13}},{"start":{"line":436,"column":13},"end":{"line":436,"column":13}}]},"11":{"line":439,"type":"if","locations":[{"start":{"line":439,"column":8},"end":{"line":439,"column":8}},{"start":{"line":439,"column":8},"end":{"line":439,"column":8}}]},"12":{"line":455,"type":"if","locations":[{"start":{"line":455,"column":12},"end":{"line":455,"column":12}},{"start":{"line":455,"column":12},"end":{"line":455,"column":12}}]},"13":{"line":481,"type":"if","locations":[{"start":{"line":481,"column":13},"end":{"line":481,"column":13}},{"start":{"line":481,"column":13},"end":{"line":481,"column":13}}]},"14":{"line":505,"type":"if","locations":[{"start":{"line":505,"column":8},"end":{"line":505,"column":8}},{"start":{"line":505,"column":8},"end":{"line":505,"column":8}}]},"15":{"line":506,"type":"if","locations":[{"start":{"line":506,"column":8},"end":{"line":506,"column":8}},{"start":{"line":506,"column":8},"end":{"line":506,"column":8}}]},"16":{"line":507,"type":"cond-expr","locations":[{"start":{"line":507,"column":12},"end":{"line":507,"column":30}},{"start":{"line":508,"column":16},"end":{"line":508,"column":72}}]},"17":{"line":513,"type":"if","locations":[{"start":{"line":513,"column":8},"end":{"line":513,"column":8}},{"start":{"line":513,"column":8},"end":{"line":513,"column":8}}]},"18":{"line":514,"type":"if","locations":[{"start":{"line":514,"column":12},"end":{"line":514,"column":12}},{"start":{"line":514,"column":12},"end":{"line":514,"column":12}}]},"19":{"line":523,"type":"if","locations":[{"start":{"line":523,"column":16},"end":{"line":523,"column":16}},{"start":{"line":523,"column":16},"end":{"line":523,"column":16}}]},"20":{"line":542,"type":"if","locations":[{"start":{"line":542,"column":8},"end":{"line":542,"column":8}},{"start":{"line":542,"column":8},"end":{"line":542,"column":8}}]},"21":{"line":564,"type":"if","locations":[{"start":{"line":564,"column":8},"end":{"line":564,"column":8}},{"start":{"line":564,"column":8},"end":{"line":564,"column":8}}]},"22":{"line":565,"type":"if","locations":[{"start":{"line":565,"column":8},"end":{"line":565,"column":8}},{"start":{"line":565,"column":8},"end":{"line":565,"column":8}}]},"23":{"line":568,"type":"if","locations":[{"start":{"line":568,"column":8},"end":{"line":568,"column":8}},{"start":{"line":568,"column":8},"end":{"line":568,"column":8}}]},"24":{"line":569,"type":"cond-expr","locations":[{"start":{"line":569,"column":12},"end":{"line":569,"column":30}},{"start":{"line":570,"column":16},"end":{"line":570,"column":72}}]},"25":{"line":579,"type":"if","locations":[{"start":{"line":579,"column":12},"end":{"line":579,"column":12}},{"start":{"line":579,"column":12},"end":{"line":579,"column":12}}]},"26":{"line":580,"type":"if","locations":[{"start":{"line":580,"column":16},"end":{"line":580,"column":16}},{"start":{"line":580,"column":16},"end":{"line":580,"column":16}}]},"27":{"line":610,"type":"if","locations":[{"start":{"line":610,"column":8},"end":{"line":610,"column":8}},{"start":{"line":610,"column":8},"end":{"line":610,"column":8}}]},"28":{"line":736,"type":"if","locations":[{"start":{"line":736,"column":8},"end":{"line":736,"column":8}},{"start":{"line":736,"column":8},"end":{"line":736,"column":8}}]},"29":{"line":772,"type":"if","locations":[{"start":{"line":772,"column":8},"end":{"line":772,"column":8}},{"start":{"line":772,"column":8},"end":{"line":772,"column":8}}]},"30":{"line":787,"type":"if","locations":[{"start":{"line":787,"column":8},"end":{"line":787,"column":8}},{"start":{"line":787,"column":8},"end":{"line":787,"column":8}}]},"31":{"line":802,"type":"if","locations":[{"start":{"line":802,"column":8},"end":{"line":802,"column":8}},{"start":{"line":802,"column":8},"end":{"line":802,"column":8}}]},"32":{"line":812,"type":"if","locations":[{"start":{"line":812,"column":8},"end":{"line":812,"column":8}},{"start":{"line":812,"column":8},"end":{"line":812,"column":8}}]},"33":{"line":845,"type":"if","locations":[{"start":{"line":845,"column":8},"end":{"line":845,"column":8}},{"start":{"line":845,"column":8},"end":{"line":845,"column":8}}]},"34":{"line":846,"type":"cond-expr","locations":[{"start":{"line":846,"column":12},"end":{"line":846,"column":33}},{"start":{"line":846,"column":38},"end":{"line":846,"column":75}}]},"35":{"line":852,"type":"if","locations":[{"start":{"line":852,"column":8},"end":{"line":852,"column":8}},{"start":{"line":852,"column":8},"end":{"line":852,"column":8}}]},"36":{"line":864,"type":"if","locations":[{"start":{"line":864,"column":8},"end":{"line":864,"column":8}},{"start":{"line":864,"column":8},"end":{"line":864,"column":8}}]}}},"contracts/libraries/LibUtils.sol":{"l":{"12":0,"22":0,"24":0,"26":0,"27":0,"28":0,"30":0,"31":0,"33":0,"34":0,"35":0,"36":0,"38":0,"39":0,"41":0},"path":"/home/user/Documents/mainstream/dodao-diamond/contracts/libraries/LibUtils.sol","s":{"1":0,"2":0,"3":0,"4":0,"5":0,"6":0,"7":0,"8":0,"9":0},"b":{"1":[0,0]},"f":{"1":0,"2":0},"fnMap":{"1":{"name":"addressToString","line":11,"loc":{"start":{"line":11,"column":4},"end":{"line":13,"column":4}}},"2":{"name":"uint2str","line":15,"loc":{"start":{"line":15,"column":4},"end":{"line":42,"column":6}}}},"statementMap":{"1":{"start":{"line":12,"column":8},"end":{"line":12,"column":34}},"2":{"start":{"line":22,"column":8},"end":{"line":22,"column":574}},"3":{"start":{"line":24,"column":10},"end":{"line":24,"column":20}},"4":{"start":{"line":26,"column":8},"end":{"line":26,"column":22}},"5":{"start":{"line":27,"column":8},"end":{"line":27,"column":22}},"6":{"start":{"line":28,"column":8},"end":{"line":28,"column":685}},"7":{"start":{"line":33,"column":8},"end":{"line":33,"column":45}},"8":{"start":{"line":34,"column":8},"end":{"line":34,"column":26}},"9":{"start":{"line":36,"column":8},"end":{"line":36,"column":858}}},"branchMap":{"1":{"line":22,"type":"if","locations":[{"start":{"line":22,"column":8},"end":{"line":22,"column":8}},{"start":{"line":22,"column":8},"end":{"line":22,"column":8}}]}}},"contracts/libraries/LibWithdraw.sol":{"l":{"26":0,"36":0,"37":0,"47":0,"48":0,"55":0,"56":0,"57":0,"60":0,"62":0,"63":0,"67":0,"68":0,"69":0,"72":0,"73":0,"76":0,"77":0,"78":0,"81":0,"82":0,"83":0,"84":0,"85":0,"86":0,"97":0,"98":0,"100":0,"101":0,"102":0,"105":0,"113":0},"path":"/home/user/Documents/mainstream/dodao-diamond/contracts/libraries/LibWithdraw.sol","s":{"1":0,"2":0,"3":0,"4":0,"5":0,"6":0,"7":0,"8":0,"9":0,"10":0,"11":0,"12":0,"13":0,"14":0,"15":0,"16":0,"17":0,"18":0,"19":0,"20":0,"21":0,"22":0,"23":0,"24":0,"25":0,"26":0,"27":0,"28":0,"29":0,"30":0,"31":0},"b":{"1":[0,0],"2":[0,0],"3":[0,0],"4":[0,0],"5":[0,0],"6":[0,0],"7":[0,0],"8":[0,0],"9":[0,0],"10":[0,0],"11":[0,0],"12":[0,0],"13":[0,0]},"f":{"1":0,"2":0,"3":0,"4":0},"fnMap":{"1":{"name":"appStorage","line":25,"loc":{"start":{"line":25,"column":4},"end":{"line":29,"column":4}}},"2":{"name":"taskStorage","line":31,"loc":{"start":{"line":31,"column":4},"end":{"line":40,"column":4}}},"3":{"name":"erc1155Storage","line":42,"loc":{"start":{"line":42,"column":4},"end":{"line":51,"column":4}}},"4":{"name":"withdraw","line":54,"loc":{"start":{"line":54,"column":4},"end":{"line":115,"column":4}}}},"statementMap":{"1":{"start":{"line":36,"column":8},"end":{"line":36,"column":61}},"2":{"start":{"line":47,"column":8},"end":{"line":47,"column":63}},"3":{"start":{"line":55,"column":8},"end":{"line":55,"column":52}},"4":{"start":{"line":56,"column":8},"end":{"line":56,"column":1426}},"5":{"start":{"line":57,"column":12},"end":{"line":57,"column":55}},"6":{"start":{"line":60,"column":8},"end":{"line":60,"column":69}},"7":{"start":{"line":62,"column":8},"end":{"line":62,"column":1697}},"8":{"start":{"line":63,"column":12},"end":{"line":63,"column":86}},"9":{"start":{"line":64,"column":15},"end":{"line":64,"column":1907}},"10":{"start":{"line":67,"column":12},"end":{"line":67,"column":2062}},"11":{"start":{"line":68,"column":16},"end":{"line":68,"column":90}},"12":{"start":{"line":69,"column":16},"end":{"line":69,"column":55}},"13":{"start":{"line":72,"column":16},"end":{"line":72,"column":87}},"14":{"start":{"line":73,"column":16},"end":{"line":73,"column":93}},"15":{"start":{"line":76,"column":16},"end":{"line":76,"column":2575}},"16":{"start":{"line":77,"column":20},"end":{"line":77,"column":211}},"17":{"start":{"line":78,"column":20},"end":{"line":78,"column":92}},"18":{"start":{"line":81,"column":16},"end":{"line":81,"column":76}},"19":{"start":{"line":82,"column":16},"end":{"line":82,"column":3045}},"20":{"start":{"line":83,"column":20},"end":{"line":83,"column":3145}},"21":{"start":{"line":84,"column":24},"end":{"line":84,"column":196}},"22":{"start":{"line":85,"column":24},"end":{"line":85,"column":3447}},"23":{"start":{"line":86,"column":28},"end":{"line":86,"column":251}},"24":{"start":{"line":90,"column":21},"end":{"line":90,"column":3802}},"25":{"start":{"line":97,"column":20},"end":{"line":97,"column":77}},"26":{"start":{"line":98,"column":20},"end":{"line":98,"column":159}},"27":{"start":{"line":99,"column":23},"end":{"line":99,"column":4529}},"28":{"start":{"line":100,"column":20},"end":{"line":100,"column":213}},"29":{"start":{"line":101,"column":20},"end":{"line":101,"column":82}},"30":{"start":{"line":102,"column":20},"end":{"line":102,"column":130}},"31":{"start":{"line":113,"column":12},"end":{"line":113,"column":50}}},"branchMap":{"1":{"line":56,"type":"if","locations":[{"start":{"line":56,"column":8},"end":{"line":56,"column":8}},{"start":{"line":56,"column":8},"end":{"line":56,"column":8}}]},"2":{"line":62,"type":"if","locations":[{"start":{"line":62,"column":8},"end":{"line":62,"column":8}},{"start":{"line":62,"column":8},"end":{"line":62,"column":8}}]},"3":{"line":64,"type":"if","locations":[{"start":{"line":64,"column":15},"end":{"line":64,"column":15}},{"start":{"line":64,"column":15},"end":{"line":64,"column":15}}]},"4":{"line":76,"type":"if","locations":[{"start":{"line":76,"column":16},"end":{"line":76,"column":16}},{"start":{"line":76,"column":16},"end":{"line":76,"column":16}}]},"5":{"line":82,"type":"if","locations":[{"start":{"line":82,"column":16},"end":{"line":82,"column":16}},{"start":{"line":82,"column":16},"end":{"line":82,"column":16}}]},"6":{"line":83,"type":"if","locations":[{"start":{"line":83,"column":20},"end":{"line":83,"column":20}},{"start":{"line":83,"column":20},"end":{"line":83,"column":20}}]},"7":{"line":85,"type":"if","locations":[{"start":{"line":85,"column":24},"end":{"line":85,"column":24}},{"start":{"line":85,"column":24},"end":{"line":85,"column":24}}]},"8":{"line":90,"type":"if","locations":[{"start":{"line":90,"column":21},"end":{"line":90,"column":21}},{"start":{"line":90,"column":21},"end":{"line":90,"column":21}}]},"9":{"line":91,"type":"cond-expr","locations":[{"start":{"line":91,"column":20},"end":{"line":91,"column":72}},{"start":{"line":92,"column":20},"end":{"line":92,"column":71}}]},"10":{"line":91,"type":"cond-expr","locations":[{"start":{"line":91,"column":20},"end":{"line":92,"column":71}},{"start":{"line":93,"column":20},"end":{"line":93,"column":70}}]},"11":{"line":91,"type":"cond-expr","locations":[{"start":{"line":91,"column":20},"end":{"line":93,"column":70}},{"start":{"line":94,"column":20},"end":{"line":94,"column":73}}]},"12":{"line":91,"type":"cond-expr","locations":[{"start":{"line":91,"column":20},"end":{"line":94,"column":73}},{"start":{"line":95,"column":20},"end":{"line":95,"column":71}}]},"13":{"line":99,"type":"if","locations":[{"start":{"line":99,"column":23},"end":{"line":99,"column":23}},{"start":{"line":99,"column":23},"end":{"line":99,"column":23}}]}}},"contracts/libraries/structs/ERC1155FacetStorage.sol":{"l":{},"path":"/home/user/Documents/mainstream/dodao-diamond/contracts/libraries/structs/ERC1155FacetStorage.sol","s":{},"b":{},"f":{},"fnMap":{},"statementMap":{},"branchMap":{}},"contracts/upgradeInitializers/DiamondInit.sol":{"l":{"32":0,"33":6,"34":6,"35":6,"36":6,"37":6,"38":6},"path":"/home/user/Documents/mainstream/dodao-diamond/contracts/upgradeInitializers/DiamondInit.sol","s":{"1":6},"b":{},"f":{"1":0},"fnMap":{"1":{"name":"init","line":30,"loc":{"start":{"line":30,"column":4},"end":{"line":46,"column":4}}}},"statementMap":{"1":{"start":{"line":32,"column":8},"end":{"line":32,"column":74}}},"branchMap":{}},"contracts/upgradeInitializers/DiamondMultiInit.sol":{"l":{"21":0,"22":0,"24":0,"25":0},"path":"/home/user/Documents/mainstream/dodao-diamond/contracts/upgradeInitializers/DiamondMultiInit.sol","s":{"1":0,"2":0,"3":0},"b":{"1":[0,0]},"f":{"1":0},"fnMap":{"1":{"name":"multiInit","line":20,"loc":{"start":{"line":20,"column":4},"end":{"line":27,"column":4}}}},"statementMap":{"1":{"start":{"line":21,"column":8},"end":{"line":21,"column":909}},"2":{"start":{"line":24,"column":8},"end":{"line":24,"column":1063}},"3":{"start":{"line":25,"column":12},"end":{"line":25,"column":71}}},"branchMap":{"1":{"line":21,"type":"if","locations":[{"start":{"line":21,"column":8},"end":{"line":21,"column":8}},{"start":{"line":21,"column":8},"end":{"line":21,"column":8}}]}}}}