{
"contracts/Diamond.sol":{"l":{"32":6,"33":6,"41":35,"42":35,"44":35,"48":35,"49":35,"50":0,"53":35},"path":"/home/user/Documents/mainstream/EIP2535-Diamonds-Reference-Implementation/contracts/Diamond.sol","s":{"1":6,"2":6,"3":35,"4":35,"5":35,"6":35},"b":{"1":[0,35]},"f":{"1":6,"2":35},"fnMap":{"1":{"name":"constructor","line":31,"loc":{"start":{"line":31,"column":4},"end":{"line":36,"column":4}}},"2":{"name":null,"line":40,"loc":{"start":{"line":40,"column":4},"end":{"line":69,"column":4}}}},"statementMap":{"1":{"start":{"line":32,"column":8},"end":{"line":32,"column":47}},"2":{"start":{"line":33,"column":8},"end":{"line":33,"column":73}},"3":{"start":{"line":41,"column":8},"end":{"line":41,"column":44}},"4":{"start":{"line":42,"column":8},"end":{"line":42,"column":62}},"5":{"start":{"line":48,"column":8},"end":{"line":48,"column":80}},"6":{"start":{"line":49,"column":8},"end":{"line":49,"column":1772}}},"branchMap":{"1":{"line":49,"type":"if","locations":[{"start":{"line":49,"column":8},"end":{"line":49,"column":8}},{"start":{"line":49,"column":8},"end":{"line":49,"column":8}}]}}},
"contracts/facets/DiamondCutFacet.sol":{"l":{"27":9,"28":9},"path":"/home/user/Documents/mainstream/EIP2535-Diamonds-Reference-Implementation/contracts/facets/DiamondCutFacet.sol","s":{"1":9,"2":9},"b":{},"f":{"1":9},"fnMap":{"1":{"name":"diamondCut","line":22,"loc":{"start":{"line":22,"column":4},"end":{"line":29,"column":4}}}},"statementMap":{"1":{"start":{"line":27,"column":8},"end":{"line":27,"column":42}},"2":{"start":{"line":28,"column":8},"end":{"line":28,"column":59}}},"branchMap":{}},
"contracts/facets/DiamondLoupeFacet.sol":{"l":{"27":3,"28":3,"30":3,"32":3,"34":3,"36":3,"37":75,"38":75,"39":75,"41":75,"42":298,"43":60,"44":60,"45":60,"46":60,"50":75,"51":60,"52":60,"55":15,"56":15,"57":15,"58":15,"59":15,"61":3,"62":15,"63":15,"65":15,"70":3,"79":14,"80":14,"81":14,"82":14,"84":14,"85":441,"86":441,"87":441,"88":118,"89":118,"93":14,"101":2,"102":2,"104":2,"105":2,"107":2,"108":66,"109":66,"110":66,"112":66,"113":257,"114":55,"115":55,"119":66,"120":55,"121":55,"124":11,"125":11,"128":2,"138":4,"139":4,"144":0,"145":0},"path":"/home/user/Documents/mainstream/EIP2535-Diamonds-Reference-Implementation/contracts/facets/DiamondLoupeFacet.sol","s":{"1":3,"2":3,"3":3,"4":3,"5":3,"6":75,"7":75,"8":75,"9":75,"10":298,"11":75,"12":3,"13":15,"14":15,"15":14,"16":14,"17":14,"18":14,"19":441,"20":441,"21":441,"22":2,"23":2,"24":2,"25":2,"26":66,"27":66,"28":66,"29":66,"30":257,"31":66,"32":4,"33":0,"34":0},"b":{"1":[60,238],"2":[60,15],"3":[118,323],"4":[55,202],"5":[55,11]},"f":{"1":3,"2":14,"3":2,"4":4,"5":0},"fnMap":{"1":{"name":"facets","line":26,"loc":{"start":{"line":26,"column":4},"end":{"line":73,"column":4}}},"2":{"name":"facetFunctionSelectors","line":78,"loc":{"start":{"line":78,"column":4},"end":{"line":96,"column":4}}},"3":{"name":"facetAddresses","line":100,"loc":{"start":{"line":100,"column":4},"end":{"line":131,"column":4}}},"4":{"name":"facetAddress","line":137,"loc":{"start":{"line":137,"column":4},"end":{"line":140,"column":4}}},"5":{"name":"supportsInterface","line":143,"loc":{"start":{"line":143,"column":4},"end":{"line":146,"column":4}}}},"statementMap":{"1":{"start":{"line":27,"column":8},"end":{"line":27,"column":74}},"2":{"start":{"line":28,"column":8},"end":{"line":28,"column":51}},"3":{"start":{"line":32,"column":8},"end":{"line":32,"column":71}},"4":{"start":{"line":34,"column":8},"end":{"line":34,"column":25}},"5":{"start":{"line":36,"column":8},"end":{"line":36,"column":1635}},"6":{"start":{"line":37,"column":12},"end":{"line":37,"column":57}},"7":{"start":{"line":38,"column":12},"end":{"line":38,"column":93}},"8":{"start":{"line":39,"column":12},"end":{"line":39,"column":37}},"9":{"start":{"line":41,"column":12},"end":{"line":41,"column":2006}},"10":{"start":{"line":42,"column":16},"end":{"line":42,"column":2091}},"11":{"start":{"line":50,"column":12},"end":{"line":50,"column":2526}},"12":{"start":{"line":61,"column":8},"end":{"line":61,"column":2979}},"13":{"start":{"line":62,"column":12},"end":{"line":62,"column":64}},"14":{"start":{"line":63,"column":12},"end":{"line":63,"column":77}},"15":{"start":{"line":79,"column":8},"end":{"line":79,"column":74}},"16":{"start":{"line":80,"column":8},"end":{"line":80,"column":51}},"17":{"start":{"line":81,"column":8},"end":{"line":81,"column":28}},"18":{"start":{"line":84,"column":8},"end":{"line":84,"column":4053}},"19":{"start":{"line":85,"column":12},"end":{"line":85,"column":57}},"20":{"start":{"line":86,"column":12},"end":{"line":86,"column":93}},"21":{"start":{"line":87,"column":12},"end":{"line":87,"column":4301}},"22":{"start":{"line":101,"column":8},"end":{"line":101,"column":74}},"23":{"start":{"line":102,"column":8},"end":{"line":102,"column":51}},"24":{"start":{"line":105,"column":8},"end":{"line":105,"column":25}},"25":{"start":{"line":107,"column":8},"end":{"line":107,"column":5112}},"26":{"start":{"line":108,"column":12},"end":{"line":108,"column":57}},"27":{"start":{"line":109,"column":12},"end":{"line":109,"column":93}},"28":{"start":{"line":110,"column":12},"end":{"line":110,"column":37}},"29":{"start":{"line":112,"column":12},"end":{"line":112,"column":5492}},"30":{"start":{"line":113,"column":16},"end":{"line":113,"column":5577}},"31":{"start":{"line":119,"column":12},"end":{"line":119,"column":5797}},"32":{"start":{"line":138,"column":8},"end":{"line":138,"column":74}},"33":{"start":{"line":144,"column":8},"end":{"line":144,"column":74}},"34":{"start":{"line":145,"column":8},"end":{"line":145,"column":51}}},"branchMap":{"1":{"line":42,"type":"if","locations":[{"start":{"line":42,"column":16},"end":{"line":42,"column":16}},{"start":{"line":42,"column":16},"end":{"line":42,"column":16}}]},"2":{"line":50,"type":"if","locations":[{"start":{"line":50,"column":12},"end":{"line":50,"column":12}},{"start":{"line":50,"column":12},"end":{"line":50,"column":12}}]},"3":{"line":87,"type":"if","locations":[{"start":{"line":87,"column":12},"end":{"line":87,"column":12}},{"start":{"line":87,"column":12},"end":{"line":87,"column":12}}]},"4":{"line":113,"type":"if","locations":[{"start":{"line":113,"column":16},"end":{"line":113,"column":16}},{"start":{"line":113,"column":16},"end":{"line":113,"column":16}}]},"5":{"line":119,"type":"if","locations":[{"start":{"line":119,"column":12},"end":{"line":119,"column":12}},{"start":{"line":119,"column":12},"end":{"line":119,"column":12}}]}}},
"contracts/facets/ERC5633Demo.sol":{"l":{"24":2,"31":0,"38":0,"48":0,"55":2,"59":0},"path":"/home/user/Documents/mainstream/EIP2535-Diamonds-Reference-Implementation/contracts/facets/ERC5633Demo.sol","s":{"1":2,"2":0,"3":0,"4":0,"5":2,"6":0},"b":{"1":[2,0],"2":[0,0],"3":[0,0]},"f":{"1":4,"2":2,"3":0,"4":0,"5":0,"6":2,"7":0},"fnMap":{"1":{"name":"constructor","line":18,"loc":{"start":{"line":18,"column":4},"end":{"line":18,"column":41}}},"2":{"name":"mint","line":22,"loc":{"start":{"line":20,"column":4},"end":{"line":25,"column":4}}},"3":{"name":"mintBatch","line":29,"loc":{"start":{"line":27,"column":4},"end":{"line":32,"column":4}}},"4":{"name":"setSoulbound","line":36,"loc":{"start":{"line":34,"column":4},"end":{"line":39,"column":4}}},"5":{"name":"supportsInterface","line":42,"loc":{"start":{"line":42,"column":4},"end":{"line":49,"column":4}}},"6":{"name":"_beforeTokenTransfer","line":51,"loc":{"start":{"line":51,"column":4},"end":{"line":56,"column":4}}},"7":{"name":"getInterfaceId","line":58,"loc":{"start":{"line":58,"column":4},"end":{"line":60,"column":4}}}},"statementMap":{"1":{"start":{"line":24,"column":8},"end":{"line":24,"column":39}},"2":{"start":{"line":31,"column":8},"end":{"line":31,"column":41}},"3":{"start":{"line":38,"column":8},"end":{"line":38,"column":35}},"4":{"start":{"line":48,"column":8},"end":{"line":48,"column":51}},"5":{"start":{"line":55,"column":8},"end":{"line":55,"column":73}},"6":{"start":{"line":59,"column":8},"end":{"line":59,"column":41}}},"branchMap":{"1":{"line":22,"type":"if","locations":[{"start":{"line":22,"column":8},"end":{"line":22,"column":8}},{"start":{"line":22,"column":8},"end":{"line":22,"column":8}}]},"2":{"line":29,"type":"if","locations":[{"start":{"line":29,"column":8},"end":{"line":29,"column":8}},{"start":{"line":29,"column":8},"end":{"line":29,"column":8}}]},"3":{"line":36,"type":"if","locations":[{"start":{"line":36,"column":8},"end":{"line":36,"column":8}},{"start":{"line":36,"column":8},"end":{"line":36,"column":8}}]}}},
"contracts/facets/NFTFacet.sol":{"l":{"15":2,"16":2,"17":2,"18":2,"19":2,"24":2,"25":2,"26":2,"27":2,"28":2},"path":"/home/user/Documents/mainstream/EIP2535-Diamonds-Reference-Implementation/contracts/facets/NFTFacet.sol","s":{"1":2,"2":2,"3":2,"4":2,"5":2,"6":2,"7":2,"8":2,"9":2,"10":2},"b":{"1":[2,0]},"f":{"1":2,"2":2},"fnMap":{"1":{"name":"mintAuditorNFT","line":12,"loc":{"start":{"line":12,"column":3},"end":{"line":21,"column":4}}},"2":{"name":"balanceOf","line":23,"loc":{"start":{"line":23,"column":4},"end":{"line":29,"column":4}}}},"statementMap":{"1":{"start":{"line":15,"column":8},"end":{"line":15,"column":27}},"2":{"start":{"line":16,"column":8},"end":{"line":16,"column":26}},"3":{"start":{"line":17,"column":8},"end":{"line":17,"column":35}},"4":{"start":{"line":18,"column":8},"end":{"line":18,"column":47}},"5":{"start":{"line":19,"column":8},"end":{"line":19,"column":61}},"6":{"start":{"line":24,"column":8},"end":{"line":24,"column":83}},"7":{"start":{"line":25,"column":8},"end":{"line":25,"column":47}},"8":{"start":{"line":26,"column":8},"end":{"line":26,"column":56}},"9":{"start":{"line":27,"column":8},"end":{"line":27,"column":27}},"10":{"start":{"line":28,"column":8},"end":{"line":28,"column":22}}},"branchMap":{"1":{"line":24,"type":"if","locations":[{"start":{"line":24,"column":8},"end":{"line":24,"column":8}},{"start":{"line":24,"column":8},"end":{"line":24,"column":8}}]}}},
"contracts/facets/OwnershipFacet.sol":{"l":{"14":0,"15":0,"19":0},"path":"/home/user/Documents/mainstream/EIP2535-Diamonds-Reference-Implementation/contracts/facets/OwnershipFacet.sol","s":{"1":0,"2":0},"b":{},"f":{"1":0,"2":0},"fnMap":{"1":{"name":"transferOwnership","line":13,"loc":{"start":{"line":13,"column":4},"end":{"line":16,"column":4}}},"2":{"name":"owner","line":18,"loc":{"start":{"line":18,"column":4},"end":{"line":20,"column":4}}}},"statementMap":{"1":{"start":{"line":14,"column":8},"end":{"line":14,"column":42}},"2":{"start":{"line":15,"column":8},"end":{"line":15,"column":45}}},"branchMap":{}},
"contracts/facets/TasksFacet.sol":{"l":{"43":9,"44":9,"60":0,"70":0,"71":0,"73":0,"76":0,"77":0,"79":0,"99":0,"107":0,"108":0,"109":0,"110":0,"111":0,"112":0,"115":0,"236":0,"237":0,"238":0,"239":0,"240":0,"241":0,"242":0,"243":0,"244":0,"246":0,"247":0,"273":0,"278":0,"279":0,"316":0,"317":0,"318":0,"319":0,"320":0,"322":0,"323":0,"326":0,"327":0,"331":0,"332":0,"335":0,"336":0,"339":0,"341":0,"366":0,"368":0,"374":0,"375":0,"378":0,"384":0,"389":0,"411":0,"440":0,"533":0},"path":"/home/user/Documents/mainstream/EIP2535-Diamonds-Reference-Implementation/contracts/facets/TasksFacet.sol","s":{"1":9,"2":0,"3":0,"4":0,"5":0,"6":0,"7":0,"8":0,"9":0,"10":0,"11":0,"12":0,"13":0,"14":0,"15":0,"16":0,"17":0,"18":0,"19":0,"20":0,"21":0,"22":0,"23":0,"24":0,"25":0,"26":0,"27":0,"28":0,"29":0,"30":0,"31":0,"32":0,"33":0,"34":0,"35":0,"36":0,"37":0,"38":0,"39":0,"40":0,"41":0,"42":0,"43":0,"44":0,"45":0},"b":{"1":[0,0],"2":[0,0],"3":[0,0],"4":[0,0],"5":[0,0],"6":[0,0],"7":[0,0],"8":[0,0],"9":[0,0],"10":[0,0],"11":[0,0],"12":[0,0],"13":[0,0]},"f":{"1":9,"2":0,"3":0,"4":0,"5":0,"6":0,"7":0,"8":0,"9":0,"10":0,"11":0,"12":0},"fnMap":{"1":{"name":"constructor","line":42,"loc":{"start":{"line":42,"column":4},"end":{"line":45,"column":4}}},"2":{"name":"createTaskContract","line":51,"loc":{"start":{"line":51,"column":4},"end":{"line":88,"column":4}}},"3":{"name":"getTaskContracts","line":90,"loc":{"start":{"line":90,"column":4},"end":{"line":100,"column":4}}},"4":{"name":"getTaskContractsbyState","line":102,"loc":{"start":{"line":102,"column":4},"end":{"line":116,"column":4}}},"5":{"name":"constructor","line":225,"loc":{"start":{"line":225,"column":4},"end":{"line":254,"column":4}}},"6":{"name":"getTaskInfo","line":271,"loc":{"start":{"line":271,"column":4},"end":{"line":274,"column":4}}},"7":{"name":"getBalance","line":277,"loc":{"start":{"line":277,"column":4},"end":{"line":280,"column":4}}},"8":{"name":"transferToaddress","line":315,"loc":{"start":{"line":315,"column":4},"end":{"line":386,"column":4}}},"9":{"name":"taskParticipate","line":388,"loc":{"start":{"line":388,"column":4},"end":{"line":390,"column":4}}},"10":{"name":"taskAuditParticipate","line":410,"loc":{"start":{"line":410,"column":4},"end":{"line":412,"column":4}}},"11":{"name":"taskStateChange","line":433,"loc":{"start":{"line":433,"column":4},"end":{"line":441,"column":8}}},"12":{"name":"taskAuditDecision","line":527,"loc":{"start":{"line":527,"column":4},"end":{"line":534,"column":4}}}},"statementMap":{"1":{"start":{"line":43,"column":8},"end":{"line":43,"column":69}},"2":{"start":{"line":60,"column":8},"end":{"line":60,"column":2011}},"3":{"start":{"line":70,"column":8},"end":{"line":70,"column":2238}},"4":{"start":{"line":71,"column":12},"end":{"line":71,"column":66}},"5":{"start":{"line":73,"column":12},"end":{"line":73,"column":88}},"6":{"start":{"line":76,"column":8},"end":{"line":76,"column":57}},"7":{"start":{"line":77,"column":8},"end":{"line":77,"column":66}},"8":{"start":{"line":79,"column":8},"end":{"line":79,"column":36}},"9":{"start":{"line":99,"column":8},"end":{"line":99,"column":37}},"10":{"start":{"line":107,"column":8},"end":{"line":107,"column":41}},"11":{"start":{"line":108,"column":8},"end":{"line":108,"column":32}},"12":{"start":{"line":109,"column":8},"end":{"line":109,"column":3589}},"13":{"start":{"line":110,"column":12},"end":{"line":110,"column":3667}},"14":{"start":{"line":115,"column":8},"end":{"line":115,"column":31}},"15":{"start":{"line":246,"column":8},"end":{"line":246,"column":69}},"16":{"start":{"line":273,"column":8},"end":{"line":273,"column":44}},"17":{"start":{"line":278,"column":8},"end":{"line":278,"column":47}},"18":{"start":{"line":279,"column":8},"end":{"line":279,"column":22}},"19":{"start":{"line":316,"column":8},"end":{"line":316,"column":83}},"20":{"start":{"line":317,"column":8},"end":{"line":317,"column":93}},"21":{"start":{"line":318,"column":8},"end":{"line":318,"column":47}},"22":{"start":{"line":319,"column":8},"end":{"line":319,"column":73}},"23":{"start":{"line":320,"column":8},"end":{"line":320,"column":67}},"24":{"start":{"line":322,"column":8},"end":{"line":322,"column":11464}},"25":{"start":{"line":323,"column":12},"end":{"line":323,"column":39}},"26":{"start":{"line":326,"column":8},"end":{"line":326,"column":11594}},"27":{"start":{"line":327,"column":12},"end":{"line":327,"column":42}},"28":{"start":{"line":328,"column":15},"end":{"line":328,"column":11730}},"29":{"start":{"line":331,"column":12},"end":{"line":331,"column":52}},"30":{"start":{"line":332,"column":12},"end":{"line":332,"column":51}},"31":{"start":{"line":335,"column":12},"end":{"line":335,"column":66}},"32":{"start":{"line":336,"column":12},"end":{"line":336,"column":89}},"33":{"start":{"line":339,"column":12},"end":{"line":339,"column":12200}},"34":{"start":{"line":341,"column":16},"end":{"line":341,"column":51}},"35":{"start":{"line":354,"column":17},"end":{"line":354,"column":13544}},"36":{"start":{"line":366,"column":16},"end":{"line":366,"column":81}},"37":{"start":{"line":368,"column":16},"end":{"line":368,"column":115}},"38":{"start":{"line":369,"column":19},"end":{"line":369,"column":14718}},"39":{"start":{"line":374,"column":16},"end":{"line":374,"column":78}},"40":{"start":{"line":375,"column":16},"end":{"line":375,"column":103}},"41":{"start":{"line":384,"column":12},"end":{"line":384,"column":50}},"42":{"start":{"line":389,"column":8},"end":{"line":389,"column":56}},"43":{"start":{"line":411,"column":8},"end":{"line":411,"column":61}},"44":{"start":{"line":440,"column":12},"end":{"line":440,"column":97}},"45":{"start":{"line":533,"column":8},"end":{"line":533,"column":75}}},"branchMap":{"1":{"line":70,"type":"if","locations":[{"start":{"line":70,"column":8},"end":{"line":70,"column":8}},{"start":{"line":70,"column":8},"end":{"line":70,"column":8}}]},"2":{"line":110,"type":"if","locations":[{"start":{"line":110,"column":12},"end":{"line":110,"column":12}},{"start":{"line":110,"column":12},"end":{"line":110,"column":12}}]},"3":{"line":322,"type":"if","locations":[{"start":{"line":322,"column":8},"end":{"line":322,"column":8}},{"start":{"line":322,"column":8},"end":{"line":322,"column":8}}]},"4":{"line":322,"type":"cond-expr","locations":[{"start":{"line":322,"column":11},"end":{"line":322,"column":42}},{"start":{"line":322,"column":47},"end":{"line":322,"column":73}}]},"5":{"line":326,"type":"if","locations":[{"start":{"line":326,"column":8},"end":{"line":326,"column":8}},{"start":{"line":326,"column":8},"end":{"line":326,"column":8}}]},"6":{"line":328,"type":"if","locations":[{"start":{"line":328,"column":15},"end":{"line":328,"column":15}},{"start":{"line":328,"column":15},"end":{"line":328,"column":15}}]},"7":{"line":339,"type":"if","locations":[{"start":{"line":339,"column":12},"end":{"line":339,"column":12}},{"start":{"line":339,"column":12},"end":{"line":339,"column":12}}]},"8":{"line":354,"type":"if","locations":[{"start":{"line":354,"column":17},"end":{"line":354,"column":17}},{"start":{"line":354,"column":17},"end":{"line":354,"column":17}}]},"9":{"line":355,"type":"cond-expr","locations":[{"start":{"line":355,"column":16},"end":{"line":355,"column":68}},{"start":{"line":356,"column":16},"end":{"line":356,"column":67}}]},"10":{"line":355,"type":"cond-expr","locations":[{"start":{"line":355,"column":16},"end":{"line":356,"column":67}},{"start":{"line":357,"column":16},"end":{"line":357,"column":66}}]},"11":{"line":355,"type":"cond-expr","locations":[{"start":{"line":355,"column":16},"end":{"line":357,"column":66}},{"start":{"line":358,"column":16},"end":{"line":358,"column":69}}]},"12":{"line":355,"type":"cond-expr","locations":[{"start":{"line":355,"column":16},"end":{"line":358,"column":69}},{"start":{"line":359,"column":16},"end":{"line":359,"column":67}}]},"13":{"line":369,"type":"if","locations":[{"start":{"line":369,"column":19},"end":{"line":369,"column":19}},{"start":{"line":369,"column":19},"end":{"line":369,"column":19}}]}}},
"contracts/facets/Test1Facet.sol":{"l":{"16":0,"17":0,"23":0,"24":0,"28":0,"29":0,"37":0,"41":0},"path":"/home/user/Documents/mainstream/EIP2535-Diamonds-Reference-Implementation/contracts/facets/Test1Facet.sol","s":{"1":0,"2":0,"3":0,"4":0,"5":0,"6":0},"b":{},"f":{"1":0,"2":0,"3":0,"4":0,"5":0,"6":0,"7":0,"8":0,"9":0,"10":0,"11":0,"12":0,"13":1,"14":0,"15":0,"16":0,"17":0,"18":0,"19":0,"20":0,"21":0,"22":0,"23":0,"24":0},"fnMap":{"1":{"name":"diamondStorage","line":15,"loc":{"start":{"line":15,"column":2},"end":{"line":20,"column":2}}},"2":{"name":"setMyAddress","line":22,"loc":{"start":{"line":22,"column":2},"end":{"line":25,"column":2}}},"3":{"name":"getMyAddress","line":27,"loc":{"start":{"line":27,"column":2},"end":{"line":30,"column":2}}},"4":{"name":"test1Func1","line":36,"loc":{"start":{"line":36,"column":3},"end":{"line":38,"column":4}}},"5":{"name":"test1Func2","line":40,"loc":{"start":{"line":40,"column":4},"end":{"line":42,"column":4}}},"6":{"name":"test1Func3","line":43,"loc":{"start":{"line":43,"column":4},"end":{"line":43,"column":36}}},"7":{"name":"test1Func4","line":45,"loc":{"start":{"line":45,"column":4},"end":{"line":45,"column":36}}},"8":{"name":"test1Func5","line":47,"loc":{"start":{"line":47,"column":4},"end":{"line":47,"column":36}}},"9":{"name":"test1Func6","line":49,"loc":{"start":{"line":49,"column":4},"end":{"line":49,"column":36}}},"10":{"name":"test1Func7","line":51,"loc":{"start":{"line":51,"column":4},"end":{"line":51,"column":36}}},"11":{"name":"test1Func8","line":53,"loc":{"start":{"line":53,"column":4},"end":{"line":53,"column":36}}},"12":{"name":"test1Func9","line":55,"loc":{"start":{"line":55,"column":4},"end":{"line":55,"column":36}}},"13":{"name":"test1Func10","line":57,"loc":{"start":{"line":57,"column":4},"end":{"line":57,"column":37}}},"14":{"name":"test1Func11","line":59,"loc":{"start":{"line":59,"column":4},"end":{"line":59,"column":37}}},"15":{"name":"test1Func12","line":61,"loc":{"start":{"line":61,"column":4},"end":{"line":61,"column":37}}},"16":{"name":"test1Func13","line":63,"loc":{"start":{"line":63,"column":4},"end":{"line":63,"column":37}}},"17":{"name":"test1Func14","line":65,"loc":{"start":{"line":65,"column":4},"end":{"line":65,"column":37}}},"18":{"name":"test1Func15","line":67,"loc":{"start":{"line":67,"column":4},"end":{"line":67,"column":37}}},"19":{"name":"test1Func16","line":69,"loc":{"start":{"line":69,"column":4},"end":{"line":69,"column":37}}},"20":{"name":"test1Func17","line":71,"loc":{"start":{"line":71,"column":4},"end":{"line":71,"column":37}}},"21":{"name":"test1Func18","line":73,"loc":{"start":{"line":73,"column":4},"end":{"line":73,"column":37}}},"22":{"name":"test1Func19","line":75,"loc":{"start":{"line":75,"column":4},"end":{"line":75,"column":37}}},"23":{"name":"test1Func20","line":77,"loc":{"start":{"line":77,"column":4},"end":{"line":77,"column":37}}},"24":{"name":"supportsInterface","line":79,"loc":{"start":{"line":79,"column":4},"end":{"line":79,"column":82}}}},"statementMap":{"1":{"start":{"line":16,"column":6},"end":{"line":16,"column":49}},"2":{"start":{"line":23,"column":4},"end":{"line":23,"column":50}},"3":{"start":{"line":28,"column":4},"end":{"line":28,"column":50}},"4":{"start":{"line":29,"column":4},"end":{"line":29,"column":30}},"5":{"start":{"line":37,"column":6},"end":{"line":37,"column":40}},"6":{"start":{"line":41,"column":6},"end":{"line":41,"column":35}}},"branchMap":{}},
"contracts/facets/Test2Facet.sol":{"l":{},"path":"/home/user/Documents/mainstream/EIP2535-Diamonds-Reference-Implementation/contracts/facets/Test2Facet.sol","s":{},"b":{},"f":{"1":0,"2":0,"3":0,"4":0,"5":0,"6":0,"7":0,"8":0,"9":0,"10":0,"11":0,"12":0,"13":0,"14":0,"15":0,"16":0,"17":0,"18":0,"19":0,"20":0},"fnMap":{"1":{"name":"test2Func1","line":5,"loc":{"start":{"line":5,"column":4},"end":{"line":5,"column":36}}},"2":{"name":"test2Func2","line":7,"loc":{"start":{"line":7,"column":4},"end":{"line":7,"column":36}}},"3":{"name":"test2Func3","line":9,"loc":{"start":{"line":9,"column":4},"end":{"line":9,"column":36}}},"4":{"name":"test2Func4","line":11,"loc":{"start":{"line":11,"column":4},"end":{"line":11,"column":36}}},"5":{"name":"test2Func5","line":13,"loc":{"start":{"line":13,"column":4},"end":{"line":13,"column":36}}},"6":{"name":"test2Func6","line":15,"loc":{"start":{"line":15,"column":4},"end":{"line":15,"column":36}}},"7":{"name":"test2Func7","line":17,"loc":{"start":{"line":17,"column":4},"end":{"line":17,"column":36}}},"8":{"name":"test2Func8","line":19,"loc":{"start":{"line":19,"column":4},"end":{"line":19,"column":36}}},"9":{"name":"test2Func9","line":21,"loc":{"start":{"line":21,"column":4},"end":{"line":21,"column":36}}},"10":{"name":"test2Func10","line":23,"loc":{"start":{"line":23,"column":4},"end":{"line":23,"column":37}}},"11":{"name":"test2Func11","line":25,"loc":{"start":{"line":25,"column":4},"end":{"line":25,"column":37}}},"12":{"name":"test2Func12","line":27,"loc":{"start":{"line":27,"column":4},"end":{"line":27,"column":37}}},"13":{"name":"test2Func13","line":29,"loc":{"start":{"line":29,"column":4},"end":{"line":29,"column":37}}},"14":{"name":"test2Func14","line":31,"loc":{"start":{"line":31,"column":4},"end":{"line":31,"column":37}}},"15":{"name":"test2Func15","line":33,"loc":{"start":{"line":33,"column":4},"end":{"line":33,"column":37}}},"16":{"name":"test2Func16","line":35,"loc":{"start":{"line":35,"column":4},"end":{"line":35,"column":37}}},"17":{"name":"test2Func17","line":37,"loc":{"start":{"line":37,"column":4},"end":{"line":37,"column":37}}},"18":{"name":"test2Func18","line":39,"loc":{"start":{"line":39,"column":4},"end":{"line":39,"column":37}}},"19":{"name":"test2Func19","line":41,"loc":{"start":{"line":41,"column":4},"end":{"line":41,"column":37}}},"20":{"name":"test2Func20","line":43,"loc":{"start":{"line":43,"column":4},"end":{"line":43,"column":37}}}},"statementMap":{},"branchMap":{}},
"contracts/interfaces/IDiamond.sol":{"l":{},"path":"/home/user/Documents/mainstream/EIP2535-Diamonds-Reference-Implementation/contracts/interfaces/IDiamond.sol","s":{},"b":{},"f":{},"fnMap":{},"statementMap":{},"branchMap":{}},
"contracts/interfaces/IDiamondCut.sol":{"l":{},"path":"/home/user/Documents/mainstream/EIP2535-Diamonds-Reference-Implementation/contracts/interfaces/IDiamondCut.sol","s":{},"b":{},"f":{},"fnMap":{},"statementMap":{},"branchMap":{}},
"contracts/interfaces/IDiamondLoupe.sol":{"l":{},"path":"/home/user/Documents/mainstream/EIP2535-Diamonds-Reference-Implementation/contracts/interfaces/IDiamondLoupe.sol","s":{},"b":{},"f":{},"fnMap":{},"statementMap":{},"branchMap":{}},
"contracts/interfaces/IDistributionExecutable.sol":{"l":{},"path":"/home/user/Documents/mainstream/EIP2535-Diamonds-Reference-Implementation/contracts/interfaces/IDistributionExecutable.sol","s":{},"b":{},"f":{},"fnMap":{},"statementMap":{},"branchMap":{}},
"contracts/interfaces/IERC165.sol":{"l":{},"path":"/home/user/Documents/mainstream/EIP2535-Diamonds-Reference-Implementation/contracts/interfaces/IERC165.sol","s":{},"b":{},"f":{},"fnMap":{},"statementMap":{},"branchMap":{}},
"contracts/interfaces/IERC173.sol":{"l":{},"path":"/home/user/Documents/mainstream/EIP2535-Diamonds-Reference-Implementation/contracts/interfaces/IERC173.sol","s":{},"b":{},"f":{},"fnMap":{},"statementMap":{},"branchMap":{}},
"contracts/interfaces/ITaskContract.sol":{"l":{},"path":"/home/user/Documents/mainstream/EIP2535-Diamonds-Reference-Implementation/contracts/interfaces/ITaskContract.sol","s":{},"b":{},"f":{},"fnMap":{},"statementMap":{},"branchMap":{}},
"contracts/libraries/LibAppStorage.sol":{"l":{"81":0,"87":0,"88":0,"89":0,"90":0,"91":0,"92":0,"93":0,"94":0,"95":0,"96":0,"97":0,"98":0,"99":0,"100":0,"101":0,"103":0,"104":0,"105":0,"108":0,"109":0,"110":0,"111":0,"117":0,"118":0,"120":0,"121":0,"122":0,"123":0,"124":0,"125":0,"126":0,"127":0,"128":0,"129":0,"130":0,"131":0,"133":0,"134":0,"135":0,"136":0,"139":0,"140":0,"141":0,"142":0,"155":0,"156":0,"157":0,"158":0,"159":0,"160":0,"161":0,"162":0,"163":0,"164":0,"165":0,"166":0,"167":0,"168":0,"169":0,"170":0,"171":0,"174":0,"175":0,"176":0,"177":0,"178":0,"181":0,"188":0,"189":0,"190":0,"193":0,"198":0,"199":0,"203":0,"204":0,"209":0,"210":0,"211":0,"214":0,"215":0,"218":0,"220":0,"221":0,"222":0,"223":0,"229":0,"230":0,"231":0,"232":0,"239":0,"240":0,"241":0,"242":0,"243":0,"244":0,"250":0,"260":0,"261":0,"262":0,"263":0,"264":0,"265":0,"267":0,"268":0,"269":0,"270":0,"271":0,"272":0,"273":0,"274":0,"278":0,"279":0,"280":0,"281":0,"282":0,"288":0,"289":0,"290":0,"291":0,"292":0,"297":0,"298":0,"299":0,"300":0,"301":0},"path":"/home/user/Documents/mainstream/EIP2535-Diamonds-Reference-Implementation/contracts/libraries/LibAppStorage.sol","s":{"1":0,"2":0,"3":0,"4":0,"5":0,"6":0,"7":0,"8":0,"9":0,"10":0,"11":0,"12":0,"13":0,"14":0,"15":0,"16":0,"17":0,"18":0,"19":0,"20":0,"21":0,"22":0,"23":0,"24":0,"25":0,"26":0,"27":0,"28":0,"29":0,"30":0,"31":0,"32":0,"33":0,"34":0,"35":0,"36":0,"37":0,"38":0,"39":0,"40":0,"41":0,"42":0,"43":0,"44":0,"45":0,"46":0,"47":0,"48":0,"49":0,"50":0,"51":0,"52":0,"53":0,"54":0,"55":0,"56":0,"57":0,"58":0,"59":0,"60":0,"61":0,"62":0,"63":0,"64":0,"65":0,"66":0,"67":0,"68":0,"69":0,"70":0,"71":0,"72":0,"73":0,"74":0,"75":0,"76":0,"77":0},"b":{"1":[0,0],"2":[0,0],"3":[0,0],"4":[0,0],"5":[0,0],"6":[0,0],"7":[0,0],"8":[0,0],"9":[0,0],"10":[0,0],"11":[0,0],"12":[0,0],"13":[0,0],"14":[0,0],"15":[0,0],"16":[0,0],"17":[0,0],"18":[0,0],"19":[0,0],"20":[0,0],"21":[0,0],"22":[0,0],"23":[0,0],"24":[0,0],"25":[0,0],"26":[0,0],"27":[0,0],"28":[0,0],"29":[0,0],"30":[0,0],"31":[0,0],"32":[0,0]},"f":{"1":0,"2":0,"3":0,"4":0,"5":0},"fnMap":{"1":{"name":"diamondStorage","line":77,"loc":{"start":{"line":77,"column":4},"end":{"line":84,"column":5}}},"2":{"name":"taskParticipate","line":86,"loc":{"start":{"line":86,"column":4},"end":{"line":114,"column":4}}},"3":{"name":"taskAuditParticipate","line":116,"loc":{"start":{"line":116,"column":4},"end":{"line":145,"column":4}}},"4":{"name":"taskStateChange","line":148,"loc":{"start":{"line":148,"column":4},"end":{"line":252,"column":4}}},"5":{"name":"taskAuditDecision","line":254,"loc":{"start":{"line":254,"column":4},"end":{"line":304,"column":4}}}},"statementMap":{"1":{"start":{"line":87,"column":6},"end":{"line":87,"column":54}},"2":{"start":{"line":88,"column":6},"end":{"line":88,"column":108}},"3":{"start":{"line":89,"column":6},"end":{"line":89,"column":139}},"4":{"start":{"line":91,"column":6},"end":{"line":91,"column":28}},"5":{"start":{"line":98,"column":6},"end":{"line":98,"column":26}},"6":{"start":{"line":99,"column":6},"end":{"line":99,"column":2873}},"7":{"start":{"line":100,"column":10},"end":{"line":100,"column":68}},"8":{"start":{"line":101,"column":10},"end":{"line":101,"column":61}},"9":{"start":{"line":103,"column":10},"end":{"line":103,"column":3099}},"10":{"start":{"line":104,"column":14},"end":{"line":104,"column":3199}},"11":{"start":{"line":108,"column":10},"end":{"line":108,"column":3334}},"12":{"start":{"line":109,"column":14},"end":{"line":109,"column":72}},"13":{"start":{"line":110,"column":14},"end":{"line":110,"column":70}},"14":{"start":{"line":111,"column":14},"end":{"line":111,"column":65}},"15":{"start":{"line":117,"column":6},"end":{"line":117,"column":54}},"16":{"start":{"line":118,"column":6},"end":{"line":118,"column":143}},"17":{"start":{"line":121,"column":6},"end":{"line":121,"column":28}},"18":{"start":{"line":128,"column":6},"end":{"line":128,"column":26}},"19":{"start":{"line":129,"column":6},"end":{"line":129,"column":4300}},"20":{"start":{"line":130,"column":10},"end":{"line":130,"column":73}},"21":{"start":{"line":131,"column":10},"end":{"line":131,"column":61}},"22":{"start":{"line":133,"column":10},"end":{"line":133,"column":4536}},"23":{"start":{"line":134,"column":14},"end":{"line":134,"column":4641}},"24":{"start":{"line":139,"column":10},"end":{"line":139,"column":4806}},"25":{"start":{"line":140,"column":14},"end":{"line":140,"column":77}},"26":{"start":{"line":141,"column":14},"end":{"line":141,"column":75}},"27":{"start":{"line":142,"column":14},"end":{"line":142,"column":65}},"28":{"start":{"line":155,"column":6},"end":{"line":155,"column":54}},"29":{"start":{"line":156,"column":6},"end":{"line":156,"column":108}},"30":{"start":{"line":157,"column":6},"end":{"line":157,"column":73}},"31":{"start":{"line":158,"column":6},"end":{"line":158,"column":69}},"32":{"start":{"line":159,"column":6},"end":{"line":159,"column":71}},"33":{"start":{"line":160,"column":6},"end":{"line":160,"column":73}},"34":{"start":{"line":161,"column":6},"end":{"line":161,"column":80}},"35":{"start":{"line":162,"column":6},"end":{"line":162,"column":90}},"36":{"start":{"line":164,"column":6},"end":{"line":164,"column":28}},"37":{"start":{"line":171,"column":6},"end":{"line":171,"column":6324}},"38":{"start":{"line":174,"column":10},"end":{"line":174,"column":6696}},"39":{"start":{"line":175,"column":14},"end":{"line":175,"column":6766}},"40":{"start":{"line":178,"column":18},"end":{"line":178,"column":69}},"41":{"start":{"line":181,"column":18},"end":{"line":181,"column":54}},"42":{"start":{"line":185,"column":11},"end":{"line":185,"column":7174}},"43":{"start":{"line":188,"column":8},"end":{"line":188,"column":7473}},"44":{"start":{"line":190,"column":12},"end":{"line":190,"column":63}},"45":{"start":{"line":193,"column":12},"end":{"line":193,"column":50}},"46":{"start":{"line":196,"column":11},"end":{"line":196,"column":7736}},"47":{"start":{"line":199,"column":10},"end":{"line":199,"column":61}},"48":{"start":{"line":201,"column":11},"end":{"line":201,"column":8112}},"49":{"start":{"line":204,"column":10},"end":{"line":204,"column":61}},"50":{"start":{"line":206,"column":11},"end":{"line":206,"column":8487}},"51":{"start":{"line":211,"column":10},"end":{"line":211,"column":61}},"52":{"start":{"line":213,"column":11},"end":{"line":213,"column":8997}},"53":{"start":{"line":215,"column":10},"end":{"line":215,"column":61}},"54":{"start":{"line":217,"column":11},"end":{"line":217,"column":9325}},"55":{"start":{"line":218,"column":10},"end":{"line":218,"column":9408}},"56":{"start":{"line":223,"column":14},"end":{"line":223,"column":65}},"57":{"start":{"line":225,"column":15},"end":{"line":225,"column":10063}},"58":{"start":{"line":232,"column":14},"end":{"line":232,"column":65}},"59":{"start":{"line":235,"column":15},"end":{"line":235,"column":10605}},"60":{"start":{"line":239,"column":14},"end":{"line":239,"column":10881}},"61":{"start":{"line":240,"column":18},"end":{"line":240,"column":10960}},"62":{"start":{"line":242,"column":22},"end":{"line":242,"column":73}},"63":{"start":{"line":250,"column":10},"end":{"line":250,"column":41}},"64":{"start":{"line":260,"column":6},"end":{"line":260,"column":54}},"65":{"start":{"line":261,"column":6},"end":{"line":261,"column":108}},"66":{"start":{"line":262,"column":6},"end":{"line":262,"column":75}},"67":{"start":{"line":263,"column":6},"end":{"line":263,"column":69}},"68":{"start":{"line":264,"column":6},"end":{"line":264,"column":71}},"69":{"start":{"line":265,"column":6},"end":{"line":265,"column":73}},"70":{"start":{"line":268,"column":6},"end":{"line":268,"column":28}},"71":{"start":{"line":274,"column":6},"end":{"line":274,"column":12427}},"72":{"start":{"line":282,"column":10},"end":{"line":282,"column":61}},"73":{"start":{"line":284,"column":11},"end":{"line":284,"column":13138}},"74":{"start":{"line":292,"column":10},"end":{"line":292,"column":61}},"75":{"start":{"line":294,"column":11},"end":{"line":294,"column":13838}},"76":{"start":{"line":301,"column":10},"end":{"line":301,"column":61}},"77":{"start":{"line":303,"column":11},"end":{"line":303,"column":42}}},"branchMap":{"1":{"line":88,"type":"if","locations":[{"start":{"line":88,"column":6},"end":{"line":88,"column":6}},{"start":{"line":88,"column":6},"end":{"line":88,"column":6}}]},"2":{"line":89,"type":"if","locations":[{"start":{"line":89,"column":6},"end":{"line":89,"column":6}},{"start":{"line":89,"column":6},"end":{"line":89,"column":6}}]},"3":{"line":99,"type":"if","locations":[{"start":{"line":99,"column":6},"end":{"line":99,"column":6}},{"start":{"line":99,"column":6},"end":{"line":99,"column":6}}]},"4":{"line":104,"type":"if","locations":[{"start":{"line":104,"column":14},"end":{"line":104,"column":14}},{"start":{"line":104,"column":14},"end":{"line":104,"column":14}}]},"5":{"line":108,"type":"if","locations":[{"start":{"line":108,"column":10},"end":{"line":108,"column":10}},{"start":{"line":108,"column":10},"end":{"line":108,"column":10}}]},"6":{"line":118,"type":"if","locations":[{"start":{"line":118,"column":6},"end":{"line":118,"column":6}},{"start":{"line":118,"column":6},"end":{"line":118,"column":6}}]},"7":{"line":129,"type":"if","locations":[{"start":{"line":129,"column":6},"end":{"line":129,"column":6}},{"start":{"line":129,"column":6},"end":{"line":129,"column":6}}]},"8":{"line":134,"type":"if","locations":[{"start":{"line":134,"column":14},"end":{"line":134,"column":14}},{"start":{"line":134,"column":14},"end":{"line":134,"column":14}}]},"9":{"line":139,"type":"if","locations":[{"start":{"line":139,"column":10},"end":{"line":139,"column":10}},{"start":{"line":139,"column":10},"end":{"line":139,"column":10}}]},"10":{"line":156,"type":"if","locations":[{"start":{"line":156,"column":6},"end":{"line":156,"column":6}},{"start":{"line":156,"column":6},"end":{"line":156,"column":6}}]},"11":{"line":156,"type":"cond-expr","locations":[{"start":{"line":156,"column":14},"end":{"line":156,"column":26}},{"start":{"line":156,"column":31},"end":{"line":156,"column":85}}]},"12":{"line":171,"type":"if","locations":[{"start":{"line":171,"column":6},"end":{"line":171,"column":6}},{"start":{"line":171,"column":6},"end":{"line":171,"column":6}}]},"13":{"line":173,"type":"cond-expr","locations":[{"start":{"line":173,"column":10},"end":{"line":173,"column":74}},{"start":{"line":173,"column":79},"end":{"line":173,"column":142}}]},"14":{"line":175,"type":"if","locations":[{"start":{"line":175,"column":14},"end":{"line":175,"column":14}},{"start":{"line":175,"column":14},"end":{"line":175,"column":14}}]},"15":{"line":185,"type":"if","locations":[{"start":{"line":185,"column":11},"end":{"line":185,"column":11}},{"start":{"line":185,"column":11},"end":{"line":185,"column":11}}]},"16":{"line":188,"type":"if","locations":[{"start":{"line":188,"column":8},"end":{"line":188,"column":8}},{"start":{"line":188,"column":8},"end":{"line":188,"column":8}}]},"17":{"line":196,"type":"if","locations":[{"start":{"line":196,"column":11},"end":{"line":196,"column":11}},{"start":{"line":196,"column":11},"end":{"line":196,"column":11}}]},"18":{"line":201,"type":"if","locations":[{"start":{"line":201,"column":11},"end":{"line":201,"column":11}},{"start":{"line":201,"column":11},"end":{"line":201,"column":11}}]},"19":{"line":206,"type":"if","locations":[{"start":{"line":206,"column":11},"end":{"line":206,"column":11}},{"start":{"line":206,"column":11},"end":{"line":206,"column":11}}]},"20":{"line":213,"type":"if","locations":[{"start":{"line":213,"column":11},"end":{"line":213,"column":11}},{"start":{"line":213,"column":11},"end":{"line":213,"column":11}}]},"21":{"line":217,"type":"if","locations":[{"start":{"line":217,"column":11},"end":{"line":217,"column":11}},{"start":{"line":217,"column":11},"end":{"line":217,"column":11}}]},"22":{"line":218,"type":"if","locations":[{"start":{"line":218,"column":10},"end":{"line":218,"column":10}},{"start":{"line":218,"column":10},"end":{"line":218,"column":10}}]},"23":{"line":219,"type":"cond-expr","locations":[{"start":{"line":219,"column":15},"end":{"line":219,"column":80}},{"start":{"line":219,"column":85},"end":{"line":219,"column":152}}]},"24":{"line":219,"type":"cond-expr","locations":[{"start":{"line":219,"column":15},"end":{"line":219,"column":152}},{"start":{"line":219,"column":157},"end":{"line":219,"column":222}}]},"25":{"line":225,"type":"if","locations":[{"start":{"line":225,"column":15},"end":{"line":225,"column":15}},{"start":{"line":225,"column":15},"end":{"line":225,"column":15}}]},"26":{"line":235,"type":"if","locations":[{"start":{"line":235,"column":15},"end":{"line":235,"column":15}},{"start":{"line":235,"column":15},"end":{"line":235,"column":15}}]},"27":{"line":240,"type":"if","locations":[{"start":{"line":240,"column":18},"end":{"line":240,"column":18}},{"start":{"line":240,"column":18},"end":{"line":240,"column":18}}]},"28":{"line":261,"type":"if","locations":[{"start":{"line":261,"column":6},"end":{"line":261,"column":6}},{"start":{"line":261,"column":6},"end":{"line":261,"column":6}}]},"29":{"line":261,"type":"cond-expr","locations":[{"start":{"line":261,"column":14},"end":{"line":261,"column":26}},{"start":{"line":261,"column":31},"end":{"line":261,"column":85}}]},"30":{"line":274,"type":"if","locations":[{"start":{"line":274,"column":6},"end":{"line":274,"column":6}},{"start":{"line":274,"column":6},"end":{"line":274,"column":6}}]},"31":{"line":284,"type":"if","locations":[{"start":{"line":284,"column":11},"end":{"line":284,"column":11}},{"start":{"line":284,"column":11},"end":{"line":284,"column":11}}]},"32":{"line":294,"type":"if","locations":[{"start":{"line":294,"column":11},"end":{"line":294,"column":11}},{"start":{"line":294,"column":11},"end":{"line":294,"column":11}}]}}},
"contracts/libraries/LibDiamond.sol":{"l":{"48":87,"49":87,"57":6,"58":6,"59":6,"60":6,"64":0,"68":9,"69":0,"81":15,"82":43,"83":43,"84":43,"85":0,"87":43,"88":43,"89":38,"91":1,"93":4,"95":0,"98":15,"99":15,"103":38,"104":0,"106":38,"107":38,"108":38,"109":38,"110":185,"111":185,"112":185,"113":0,"115":185,"116":185,"117":185,"122":1,"123":1,"124":0,"126":1,"127":1,"128":1,"129":1,"131":1,"132":0,"134":1,"135":0,"137":1,"138":0,"141":1,"146":4,"147":4,"148":4,"149":0,"151":4,"152":55,"153":55,"154":55,"155":0,"160":55,"161":0,"164":55,"165":55,"166":48,"167":48,"168":48,"171":55,"172":55,"177":15,"178":9,"180":6,"181":6,"182":6,"183":0,"186":0,"191":0,"197":45,"198":45,"201":45,"202":0},"path":"/home/user/Documents/mainstream/EIP2535-Diamonds-Reference-Implementation/contracts/libraries/LibDiamond.sol","s":{"1":87,"2":6,"3":6,"4":6,"5":9,"6":15,"7":43,"8":43,"9":43,"10":43,"11":43,"12":38,"13":5,"14":1,"15":4,"16":4,"17":15,"18":15,"19":38,"20":38,"21":38,"22":38,"23":38,"24":185,"25":185,"26":185,"27":185,"28":1,"29":1,"30":1,"31":1,"32":1,"33":1,"34":1,"35":1,"36":1,"37":4,"38":4,"39":4,"40":4,"41":55,"42":55,"43":55,"44":55,"45":55,"46":48,"47":55,"48":15,"49":9,"50":6,"51":6,"52":6,"53":0,"54":45,"55":45},"b":{"1":[0,9],"2":[0,43],"3":[38,5],"4":[1,4],"5":[4,0],"6":[0,38],"7":[0,185],"8":[0,1],"9":[0,1],"10":[0,1],"11":[0,1],"12":[0,4],"13":[0,55],"14":[0,55],"15":[48,7],"16":[9,6],"17":[0,6],"18":[0,0],"19":[0,45]},"f":{"1":87,"2":6,"3":0,"4":9,"5":15,"6":38,"7":1,"8":4,"9":15,"10":45},"fnMap":{"1":{"name":"diamondStorage","line":47,"loc":{"start":{"line":47,"column":4},"end":{"line":52,"column":4}}},"2":{"name":"setContractOwner","line":56,"loc":{"start":{"line":56,"column":4},"end":{"line":61,"column":4}}},"3":{"name":"contractOwner","line":63,"loc":{"start":{"line":63,"column":4},"end":{"line":65,"column":4}}},"4":{"name":"enforceIsContractOwner","line":67,"loc":{"start":{"line":67,"column":4},"end":{"line":71,"column":4}}},"5":{"name":"diamondCut","line":76,"loc":{"start":{"line":76,"column":4},"end":{"line":100,"column":4}}},"6":{"name":"addFunctions","line":102,"loc":{"start":{"line":102,"column":4},"end":{"line":119,"column":4}}},"7":{"name":"replaceFunctions","line":121,"loc":{"start":{"line":121,"column":4},"end":{"line":143,"column":4}}},"8":{"name":"removeFunctions","line":145,"loc":{"start":{"line":145,"column":4},"end":{"line":174,"column":4}}},"9":{"name":"initializeDiamondCut","line":176,"loc":{"start":{"line":176,"column":4},"end":{"line":194,"column":4}}},"10":{"name":"enforceHasContractCode","line":196,"loc":{"start":{"line":196,"column":4},"end":{"line":204,"column":4}}}},"statementMap":{"1":{"start":{"line":48,"column":8},"end":{"line":48,"column":51}},"2":{"start":{"line":57,"column":8},"end":{"line":57,"column":52}},"3":{"start":{"line":58,"column":8},"end":{"line":58,"column":48}},"4":{"start":{"line":60,"column":8},"end":{"line":60,"column":59}},"5":{"start":{"line":68,"column":8},"end":{"line":68,"column":2911}},"6":{"start":{"line":81,"column":8},"end":{"line":81,"column":3361}},"7":{"start":{"line":82,"column":12},"end":{"line":82,"column":89}},"8":{"start":{"line":83,"column":12},"end":{"line":83,"column":71}},"9":{"start":{"line":84,"column":12},"end":{"line":84,"column":3615}},"10":{"start":{"line":87,"column":12},"end":{"line":87,"column":78}},"11":{"start":{"line":88,"column":12},"end":{"line":88,"column":3829}},"12":{"start":{"line":89,"column":16},"end":{"line":89,"column":60}},"13":{"start":{"line":90,"column":19},"end":{"line":90,"column":3956}},"14":{"start":{"line":91,"column":16},"end":{"line":91,"column":64}},"15":{"start":{"line":92,"column":19},"end":{"line":92,"column":4091}},"16":{"start":{"line":93,"column":16},"end":{"line":93,"column":63}},"17":{"start":{"line":98,"column":8},"end":{"line":98,"column":54}},"18":{"start":{"line":99,"column":8},"end":{"line":99,"column":45}},"19":{"start":{"line":103,"column":8},"end":{"line":103,"column":4532}},"20":{"start":{"line":106,"column":8},"end":{"line":106,"column":52}},"21":{"start":{"line":107,"column":8},"end":{"line":107,"column":58}},"22":{"start":{"line":108,"column":8},"end":{"line":108,"column":84}},"23":{"start":{"line":109,"column":8},"end":{"line":109,"column":4873}},"24":{"start":{"line":110,"column":12},"end":{"line":110,"column":63}},"25":{"start":{"line":111,"column":12},"end":{"line":111,"column":95}},"26":{"start":{"line":112,"column":12},"end":{"line":112,"column":5141}},"27":{"start":{"line":116,"column":12},"end":{"line":116,"column":38}},"28":{"start":{"line":122,"column":8},"end":{"line":122,"column":52}},"29":{"start":{"line":123,"column":8},"end":{"line":123,"column":5656}},"30":{"start":{"line":126,"column":8},"end":{"line":126,"column":88}},"31":{"start":{"line":127,"column":8},"end":{"line":127,"column":5886}},"32":{"start":{"line":128,"column":12},"end":{"line":128,"column":63}},"33":{"start":{"line":129,"column":12},"end":{"line":129,"column":95}},"34":{"start":{"line":131,"column":12},"end":{"line":131,"column":6261}},"35":{"start":{"line":134,"column":12},"end":{"line":134,"column":6391}},"36":{"start":{"line":137,"column":12},"end":{"line":137,"column":6547}},"37":{"start":{"line":146,"column":8},"end":{"line":146,"column":52}},"38":{"start":{"line":147,"column":8},"end":{"line":147,"column":51}},"39":{"start":{"line":148,"column":8},"end":{"line":148,"column":7033}},"40":{"start":{"line":151,"column":8},"end":{"line":151,"column":7164}},"41":{"start":{"line":152,"column":12},"end":{"line":152,"column":63}},"42":{"start":{"line":153,"column":12},"end":{"line":153,"column":132}},"43":{"start":{"line":154,"column":12},"end":{"line":154,"column":7469}},"44":{"start":{"line":160,"column":12},"end":{"line":160,"column":7753}},"45":{"start":{"line":165,"column":12},"end":{"line":165,"column":7994}},"46":{"start":{"line":166,"column":16},"end":{"line":166,"column":65}},"47":{"start":{"line":171,"column":12},"end":{"line":171,"column":29}},"48":{"start":{"line":177,"column":8},"end":{"line":177,"column":8624}},"49":{"start":{"line":178,"column":12},"end":{"line":178,"column":18}},"50":{"start":{"line":180,"column":8},"end":{"line":180,"column":80}},"51":{"start":{"line":181,"column":8},"end":{"line":181,"column":74}},"52":{"start":{"line":182,"column":8},"end":{"line":182,"column":8856}},"53":{"start":{"line":183,"column":12},"end":{"line":183,"column":8888}},"54":{"start":{"line":197,"column":8},"end":{"line":197,"column":28}},"55":{"start":{"line":201,"column":8},"end":{"line":201,"column":9506}}},"branchMap":{"1":{"line":68,"type":"if","locations":[{"start":{"line":68,"column":8},"end":{"line":68,"column":8}},{"start":{"line":68,"column":8},"end":{"line":68,"column":8}}]},"2":{"line":84,"type":"if","locations":[{"start":{"line":84,"column":12},"end":{"line":84,"column":12}},{"start":{"line":84,"column":12},"end":{"line":84,"column":12}}]},"3":{"line":88,"type":"if","locations":[{"start":{"line":88,"column":12},"end":{"line":88,"column":12}},{"start":{"line":88,"column":12},"end":{"line":88,"column":12}}]},"4":{"line":90,"type":"if","locations":[{"start":{"line":90,"column":19},"end":{"line":90,"column":19}},{"start":{"line":90,"column":19},"end":{"line":90,"column":19}}]},"5":{"line":92,"type":"if","locations":[{"start":{"line":92,"column":19},"end":{"line":92,"column":19}},{"start":{"line":92,"column":19},"end":{"line":92,"column":19}}]},"6":{"line":103,"type":"if","locations":[{"start":{"line":103,"column":8},"end":{"line":103,"column":8}},{"start":{"line":103,"column":8},"end":{"line":103,"column":8}}]},"7":{"line":112,"type":"if","locations":[{"start":{"line":112,"column":12},"end":{"line":112,"column":12}},{"start":{"line":112,"column":12},"end":{"line":112,"column":12}}]},"8":{"line":123,"type":"if","locations":[{"start":{"line":123,"column":8},"end":{"line":123,"column":8}},{"start":{"line":123,"column":8},"end":{"line":123,"column":8}}]},"9":{"line":131,"type":"if","locations":[{"start":{"line":131,"column":12},"end":{"line":131,"column":12}},{"start":{"line":131,"column":12},"end":{"line":131,"column":12}}]},"10":{"line":134,"type":"if","locations":[{"start":{"line":134,"column":12},"end":{"line":134,"column":12}},{"start":{"line":134,"column":12},"end":{"line":134,"column":12}}]},"11":{"line":137,"type":"if","locations":[{"start":{"line":137,"column":12},"end":{"line":137,"column":12}},{"start":{"line":137,"column":12},"end":{"line":137,"column":12}}]},"12":{"line":148,"type":"if","locations":[{"start":{"line":148,"column":8},"end":{"line":148,"column":8}},{"start":{"line":148,"column":8},"end":{"line":148,"column":8}}]},"13":{"line":154,"type":"if","locations":[{"start":{"line":154,"column":12},"end":{"line":154,"column":12}},{"start":{"line":154,"column":12},"end":{"line":154,"column":12}}]},"14":{"line":160,"type":"if","locations":[{"start":{"line":160,"column":12},"end":{"line":160,"column":12}},{"start":{"line":160,"column":12},"end":{"line":160,"column":12}}]},"15":{"line":165,"type":"if","locations":[{"start":{"line":165,"column":12},"end":{"line":165,"column":12}},{"start":{"line":165,"column":12},"end":{"line":165,"column":12}}]},"16":{"line":177,"type":"if","locations":[{"start":{"line":177,"column":8},"end":{"line":177,"column":8}},{"start":{"line":177,"column":8},"end":{"line":177,"column":8}}]},"17":{"line":182,"type":"if","locations":[{"start":{"line":182,"column":8},"end":{"line":182,"column":8}},{"start":{"line":182,"column":8},"end":{"line":182,"column":8}}]},"18":{"line":183,"type":"if","locations":[{"start":{"line":183,"column":12},"end":{"line":183,"column":12}},{"start":{"line":183,"column":12},"end":{"line":183,"column":12}}]},"19":{"line":201,"type":"if","locations":[{"start":{"line":201,"column":8},"end":{"line":201,"column":8}},{"start":{"line":201,"column":8},"end":{"line":201,"column":8}}]}}},
"contracts/libraries/LibTasks.sol":{"l":{},"path":"/home/user/Documents/mainstream/EIP2535-Diamonds-Reference-Implementation/contracts/libraries/LibTasks.sol","s":{},"b":{},"f":{},"fnMap":{},"statementMap":{},"branchMap":{}},
"contracts/libraries/LibTransfer.sol":{"l":{},"path":"/home/user/Documents/mainstream/EIP2535-Diamonds-Reference-Implementation/contracts/libraries/LibTransfer.sol","s":{},"b":{},"f":{},"fnMap":{},"statementMap":{},"branchMap":{}},
"contracts/libraries/LibUtils.sol":{"l":{"12":0,"22":0,"24":0,"26":0,"27":0,"28":0,"30":0,"31":0,"33":0,"34":0,"35":0,"36":0,"38":0,"39":0,"41":0},"path":"/home/user/Documents/mainstream/EIP2535-Diamonds-Reference-Implementation/contracts/libraries/LibUtils.sol","s":{"1":0,"2":0,"3":0,"4":0,"5":0,"6":0,"7":0,"8":0,"9":0},"b":{"1":[0,0]},"f":{"1":0,"2":0},"fnMap":{"1":{"name":"addressToString","line":11,"loc":{"start":{"line":11,"column":4},"end":{"line":13,"column":4}}},"2":{"name":"uint2str","line":15,"loc":{"start":{"line":15,"column":4},"end":{"line":42,"column":6}}}},"statementMap":{"1":{"start":{"line":12,"column":8},"end":{"line":12,"column":34}},"2":{"start":{"line":22,"column":8},"end":{"line":22,"column":579}},"3":{"start":{"line":24,"column":10},"end":{"line":24,"column":20}},"4":{"start":{"line":26,"column":8},"end":{"line":26,"column":22}},"5":{"start":{"line":27,"column":8},"end":{"line":27,"column":22}},"6":{"start":{"line":28,"column":8},"end":{"line":28,"column":690}},"7":{"start":{"line":33,"column":8},"end":{"line":33,"column":45}},"8":{"start":{"line":34,"column":8},"end":{"line":34,"column":26}},"9":{"start":{"line":36,"column":8},"end":{"line":36,"column":863}}},"branchMap":{"1":{"line":22,"type":"if","locations":[{"start":{"line":22,"column":8},"end":{"line":22,"column":8}},{"start":{"line":22,"column":8},"end":{"line":22,"column":8}}]}}},
"contracts/libraries/NFT/ERC5633.sol":{"l":{"17":0,"24":2,"28":0,"29":0,"43":2,"45":2,"46":2,"47":0},"path":"/home/user/Documents/mainstream/EIP2535-Diamonds-Reference-Implementation/contracts/libraries/NFT/ERC5633.sol","s":{"1":0,"2":2,"3":0,"4":2,"5":2,"6":2,"7":0},"b":{"1":[0,0],"2":[0,2],"3":[0,0],"4":[0,0]},"f":{"1":0,"2":2,"3":0,"4":2},"fnMap":{"1":{"name":"supportsInterface","line":16,"loc":{"start":{"line":16,"column":4},"end":{"line":18,"column":4}}},"2":{"name":"isSoulbound","line":23,"loc":{"start":{"line":23,"column":4},"end":{"line":25,"column":4}}},"3":{"name":"_setSoulbound","line":27,"loc":{"start":{"line":27,"column":4},"end":{"line":30,"column":4}}},"4":{"name":"_beforeTokenTransfer","line":35,"loc":{"start":{"line":35,"column":4},"end":{"line":53,"column":4}}}},"statementMap":{"1":{"start":{"line":17,"column":8},"end":{"line":17,"column":96}},"2":{"start":{"line":24,"column":8},"end":{"line":24,"column":30}},"3":{"start":{"line":29,"column":8},"end":{"line":29,"column":37}},"4":{"start":{"line":43,"column":8},"end":{"line":43,"column":73}},"5":{"start":{"line":45,"column":8},"end":{"line":45,"column":1315}},"6":{"start":{"line":46,"column":12},"end":{"line":46,"column":1374}},"7":{"start":{"line":47,"column":16},"end":{"line":47,"column":1421}}},"branchMap":{"1":{"line":17,"type":"cond-expr","locations":[{"start":{"line":17,"column":15},"end":{"line":17,"column":55}},{"start":{"line":17,"column":60},"end":{"line":17,"column":95}}]},"2":{"line":46,"type":"if","locations":[{"start":{"line":46,"column":12},"end":{"line":46,"column":12}},{"start":{"line":46,"column":12},"end":{"line":46,"column":12}}]},"3":{"line":47,"type":"if","locations":[{"start":{"line":47,"column":16},"end":{"line":47,"column":16}},{"start":{"line":47,"column":16},"end":{"line":47,"column":16}}]},"4":{"line":48,"type":"cond-expr","locations":[{"start":{"line":48,"column":20},"end":{"line":48,"column":37}},{"start":{"line":48,"column":42},"end":{"line":48,"column":57}}]}}},
"contracts/libraries/NFT/IERC5633.sol":{"l":{},"path":"/home/user/Documents/mainstream/EIP2535-Diamonds-Reference-Implementation/contracts/libraries/NFT/IERC5633.sol","s":{},"b":{},"f":{},"fnMap":{},"statementMap":{},"branchMap":{}},
"contracts/upgradeInitializers/DiamondInit.sol":{"l":{"30":6,"31":6,"32":6,"33":6,"34":6},"path":"/home/user/Documents/mainstream/EIP2535-Diamonds-Reference-Implementation/contracts/upgradeInitializers/DiamondInit.sol","s":{"1":6},"b":{},"f":{"1":6},"fnMap":{"1":{"name":"init","line":28,"loc":{"start":{"line":28,"column":4},"end":{"line":42,"column":4}}}},"statementMap":{"1":{"start":{"line":30,"column":8},"end":{"line":30,"column":74}}},"branchMap":{}},
"contracts/upgradeInitializers/DiamondMultiInit.sol":{"l":{"21":0,"22":0,"24":0,"25":0},"path":"/home/user/Documents/mainstream/EIP2535-Diamonds-Reference-Implementation/contracts/upgradeInitializers/DiamondMultiInit.sol","s":{"1":0,"2":0,"3":0},"b":{"1":[0,0]},"f":{"1":0},"fnMap":{"1":{"name":"multiInit","line":20,"loc":{"start":{"line":20,"column":4},"end":{"line":27,"column":4}}}},"statementMap":{"1":{"start":{"line":21,"column":8},"end":{"line":21,"column":909}},"2":{"start":{"line":24,"column":8},"end":{"line":24,"column":1063}},"3":{"start":{"line":25,"column":12},"end":{"line":25,"column":71}}},"branchMap":{"1":{"line":21,"type":"if","locations":[{"start":{"line":21,"column":8},"end":{"line":21,"column":8}},{"start":{"line":21,"column":8},"end":{"line":21,"column":8}}]}}}}
