TN:
SF:/home/user/Documents/mainstream/EIP2535-Diamonds-Reference-Implementation/contracts/Diamond.sol
FN:31,constructor
FN:40,
FNF:2
FNH:2
FNDA:6,constructor
FNDA:35,
DA:32,6
DA:33,6
DA:41,35
DA:42,35
DA:44,35
DA:48,35
DA:49,35
DA:50,0
DA:53,35
LF:9
LH:8
BRDA:49,1,0,0
BRDA:49,1,1,35
BRF:2
BRH:1
end_of_record
TN:
SF:/home/user/Documents/mainstream/EIP2535-Diamonds-Reference-Implementation/contracts/facets/DiamondCutFacet.sol
FN:22,diamondCut
FNF:1
FNH:1
FNDA:9,diamondCut
DA:27,9
DA:28,9
LF:2
LH:2
BRF:0
BRH:0
end_of_record
TN:
SF:/home/user/Documents/mainstream/EIP2535-Diamonds-Reference-Implementation/contracts/facets/DiamondLoupeFacet.sol
FN:26,facets
FN:78,facetFunctionSelectors
FN:100,facetAddresses
FN:137,facetAddress
FN:143,supportsInterface
FNF:5
FNH:4
FNDA:3,facets
FNDA:14,facetFunctionSelectors
FNDA:2,facetAddresses
FNDA:4,facetAddress
FNDA:0,supportsInterface
DA:27,3
DA:28,3
DA:30,3
DA:32,3
DA:34,3
DA:36,3
DA:37,75
DA:38,75
DA:39,75
DA:41,75
DA:42,298
DA:43,60
DA:44,60
DA:45,60
DA:46,60
DA:50,75
DA:51,60
DA:52,60
DA:55,15
DA:56,15
DA:57,15
DA:58,15
DA:59,15
DA:61,3
DA:62,15
DA:63,15
DA:65,15
DA:70,3
DA:79,14
DA:80,14
DA:81,14
DA:82,14
DA:84,14
DA:85,441
DA:86,441
DA:87,441
DA:88,118
DA:89,118
DA:93,14
DA:101,2
DA:102,2
DA:104,2
DA:105,2
DA:107,2
DA:108,66
DA:109,66
DA:110,66
DA:112,66
DA:113,257
DA:114,55
DA:115,55
DA:119,66
DA:120,55
DA:121,55
DA:124,11
DA:125,11
DA:128,2
DA:138,4
DA:139,4
DA:144,0
DA:145,0
LF:61
LH:59
BRDA:42,1,0,60
BRDA:42,1,1,238
BRDA:50,2,0,60
BRDA:50,2,1,15
BRDA:87,3,0,118
BRDA:87,3,1,323
BRDA:113,4,0,55
BRDA:113,4,1,202
BRDA:119,5,0,55
BRDA:119,5,1,11
BRF:10
BRH:10
end_of_record
TN:
SF:/home/user/Documents/mainstream/EIP2535-Diamonds-Reference-Implementation/contracts/facets/ERC5633Demo.sol
FN:18,constructor
FN:22,mint
FN:29,mintBatch
FN:36,setSoulbound
FN:42,supportsInterface
FN:51,_beforeTokenTransfer
FN:58,getInterfaceId
FNF:7
FNH:3
FNDA:4,constructor
FNDA:2,mint
FNDA:0,mintBatch
FNDA:0,setSoulbound
FNDA:0,supportsInterface
FNDA:2,_beforeTokenTransfer
FNDA:0,getInterfaceId
DA:24,2
DA:31,0
DA:38,0
DA:48,0
DA:55,2
DA:59,0
LF:6
LH:2
BRDA:22,1,0,2
BRDA:22,1,1,0
BRDA:29,2,0,0
BRDA:29,2,1,0
BRDA:36,3,0,0
BRDA:36,3,1,0
BRF:6
BRH:1
end_of_record
TN:
SF:/home/user/Documents/mainstream/EIP2535-Diamonds-Reference-Implementation/contracts/facets/NFTFacet.sol
FN:12,mintAuditorNFT
FN:23,balanceOf
FNF:2
FNH:2
FNDA:2,mintAuditorNFT
FNDA:2,balanceOf
DA:15,2
DA:16,2
DA:17,2
DA:18,2
DA:19,2
DA:24,2
DA:25,2
DA:26,2
DA:27,2
DA:28,2
LF:10
LH:10
BRDA:24,1,0,2
BRDA:24,1,1,0
BRF:2
BRH:1
end_of_record
TN:
SF:/home/user/Documents/mainstream/EIP2535-Diamonds-Reference-Implementation/contracts/facets/OwnershipFacet.sol
FN:13,transferOwnership
FN:18,owner
FNF:2
FNH:0
FNDA:0,transferOwnership
FNDA:0,owner
DA:14,0
DA:15,0
DA:19,0
LF:3
LH:0
BRF:0
BRH:0
end_of_record
TN:
SF:/home/user/Documents/mainstream/EIP2535-Diamonds-Reference-Implementation/contracts/facets/TasksFacet.sol
FN:42,constructor
FN:51,createTaskContract
FN:90,getTaskContracts
FN:102,getTaskContractsbyState
FN:225,constructor
FN:271,getTaskInfo
FN:277,getBalance
FN:315,transferToaddress
FN:388,taskParticipate
FN:410,taskAuditParticipate
FN:433,taskStateChange
FN:527,taskAuditDecision
FNF:12
FNH:1
FNDA:9,constructor
FNDA:0,createTaskContract
FNDA:0,getTaskContracts
FNDA:0,getTaskContractsbyState
FNDA:0,constructor
FNDA:0,getTaskInfo
FNDA:0,getBalance
FNDA:0,transferToaddress
FNDA:0,taskParticipate
FNDA:0,taskAuditParticipate
FNDA:0,taskStateChange
FNDA:0,taskAuditDecision
DA:43,9
DA:44,9
DA:60,0
DA:70,0
DA:71,0
DA:73,0
DA:76,0
DA:77,0
DA:79,0
DA:99,0
DA:107,0
DA:108,0
DA:109,0
DA:110,0
DA:111,0
DA:112,0
DA:115,0
DA:236,0
DA:237,0
DA:238,0
DA:239,0
DA:240,0
DA:241,0
DA:242,0
DA:243,0
DA:244,0
DA:246,0
DA:247,0
DA:273,0
DA:278,0
DA:279,0
DA:316,0
DA:317,0
DA:318,0
DA:319,0
DA:320,0
DA:322,0
DA:323,0
DA:326,0
DA:327,0
DA:331,0
DA:332,0
DA:335,0
DA:336,0
DA:339,0
DA:341,0
DA:366,0
DA:368,0
DA:374,0
DA:375,0
DA:378,0
DA:384,0
DA:389,0
DA:411,0
DA:440,0
DA:533,0
LF:56
LH:2
BRDA:70,1,0,0
BRDA:70,1,1,0
BRDA:110,2,0,0
BRDA:110,2,1,0
BRDA:322,3,0,0
BRDA:322,3,1,0
BRDA:322,4,0,0
BRDA:322,4,1,0
BRDA:326,5,0,0
BRDA:326,5,1,0
BRDA:328,6,0,0
BRDA:328,6,1,0
BRDA:339,7,0,0
BRDA:339,7,1,0
BRDA:354,8,0,0
BRDA:354,8,1,0
BRDA:355,9,0,0
BRDA:355,9,1,0
BRDA:355,10,0,0
BRDA:355,10,1,0
BRDA:355,11,0,0
BRDA:355,11,1,0
BRDA:355,12,0,0
BRDA:355,12,1,0
BRDA:369,13,0,0
BRDA:369,13,1,0
BRF:26
BRH:0
end_of_record
TN:
SF:/home/user/Documents/mainstream/EIP2535-Diamonds-Reference-Implementation/contracts/facets/Test1Facet.sol
FN:15,diamondStorage
FN:22,setMyAddress
FN:27,getMyAddress
FN:36,test1Func1
FN:40,test1Func2
FN:43,test1Func3
FN:45,test1Func4
FN:47,test1Func5
FN:49,test1Func6
FN:51,test1Func7
FN:53,test1Func8
FN:55,test1Func9
FN:57,test1Func10
FN:59,test1Func11
FN:61,test1Func12
FN:63,test1Func13
FN:65,test1Func14
FN:67,test1Func15
FN:69,test1Func16
FN:71,test1Func17
FN:73,test1Func18
FN:75,test1Func19
FN:77,test1Func20
FN:79,supportsInterface
FNF:24
FNH:1
FNDA:0,diamondStorage
FNDA:0,setMyAddress
FNDA:0,getMyAddress
FNDA:0,test1Func1
FNDA:0,test1Func2
FNDA:0,test1Func3
FNDA:0,test1Func4
FNDA:0,test1Func5
FNDA:0,test1Func6
FNDA:0,test1Func7
FNDA:0,test1Func8
FNDA:0,test1Func9
FNDA:1,test1Func10
FNDA:0,test1Func11
FNDA:0,test1Func12
FNDA:0,test1Func13
FNDA:0,test1Func14
FNDA:0,test1Func15
FNDA:0,test1Func16
FNDA:0,test1Func17
FNDA:0,test1Func18
FNDA:0,test1Func19
FNDA:0,test1Func20
FNDA:0,supportsInterface
DA:16,0
DA:17,0
DA:23,0
DA:24,0
DA:28,0
DA:29,0
DA:37,0
DA:41,0
LF:8
LH:0
BRF:0
BRH:0
end_of_record
TN:
SF:/home/user/Documents/mainstream/EIP2535-Diamonds-Reference-Implementation/contracts/facets/Test2Facet.sol
FN:5,test2Func1
FN:7,test2Func2
FN:9,test2Func3
FN:11,test2Func4
FN:13,test2Func5
FN:15,test2Func6
FN:17,test2Func7
FN:19,test2Func8
FN:21,test2Func9
FN:23,test2Func10
FN:25,test2Func11
FN:27,test2Func12
FN:29,test2Func13
FN:31,test2Func14
FN:33,test2Func15
FN:35,test2Func16
FN:37,test2Func17
FN:39,test2Func18
FN:41,test2Func19
FN:43,test2Func20
FNF:20
FNH:0
FNDA:0,test2Func1
FNDA:0,test2Func2
FNDA:0,test2Func3
FNDA:0,test2Func4
FNDA:0,test2Func5
FNDA:0,test2Func6
FNDA:0,test2Func7
FNDA:0,test2Func8
FNDA:0,test2Func9
FNDA:0,test2Func10
FNDA:0,test2Func11
FNDA:0,test2Func12
FNDA:0,test2Func13
FNDA:0,test2Func14
FNDA:0,test2Func15
FNDA:0,test2Func16
FNDA:0,test2Func17
FNDA:0,test2Func18
FNDA:0,test2Func19
FNDA:0,test2Func20
LF:0
LH:0
BRF:0
BRH:0
end_of_record
TN:
SF:/home/user/Documents/mainstream/EIP2535-Diamonds-Reference-Implementation/contracts/interfaces/IDiamond.sol
FNF:0
FNH:0
LF:0
LH:0
BRF:0
BRH:0
end_of_record
TN:
SF:/home/user/Documents/mainstream/EIP2535-Diamonds-Reference-Implementation/contracts/interfaces/IDiamondCut.sol
FNF:0
FNH:0
LF:0
LH:0
BRF:0
BRH:0
end_of_record
TN:
SF:/home/user/Documents/mainstream/EIP2535-Diamonds-Reference-Implementation/contracts/interfaces/IDiamondLoupe.sol
FNF:0
FNH:0
LF:0
LH:0
BRF:0
BRH:0
end_of_record
TN:
SF:/home/user/Documents/mainstream/EIP2535-Diamonds-Reference-Implementation/contracts/interfaces/IDistributionExecutable.sol
FNF:0
FNH:0
LF:0
LH:0
BRF:0
BRH:0
end_of_record
TN:
SF:/home/user/Documents/mainstream/EIP2535-Diamonds-Reference-Implementation/contracts/interfaces/IERC165.sol
FNF:0
FNH:0
LF:0
LH:0
BRF:0
BRH:0
end_of_record
TN:
SF:/home/user/Documents/mainstream/EIP2535-Diamonds-Reference-Implementation/contracts/interfaces/IERC173.sol
FNF:0
FNH:0
LF:0
LH:0
BRF:0
BRH:0
end_of_record
TN:
SF:/home/user/Documents/mainstream/EIP2535-Diamonds-Reference-Implementation/contracts/interfaces/ITaskContract.sol
FNF:0
FNH:0
LF:0
LH:0
BRF:0
BRH:0
end_of_record
TN:
SF:/home/user/Documents/mainstream/EIP2535-Diamonds-Reference-Implementation/contracts/libraries/LibAppStorage.sol
FN:77,diamondStorage
FN:86,taskParticipate
FN:116,taskAuditParticipate
FN:148,taskStateChange
FN:254,taskAuditDecision
FNF:5
FNH:0
FNDA:0,diamondStorage
FNDA:0,taskParticipate
FNDA:0,taskAuditParticipate
FNDA:0,taskStateChange
FNDA:0,taskAuditDecision
DA:81,0
DA:87,0
DA:88,0
DA:89,0
DA:90,0
DA:91,0
DA:92,0
DA:93,0
DA:94,0
DA:95,0
DA:96,0
DA:97,0
DA:98,0
DA:99,0
DA:100,0
DA:101,0
DA:103,0
DA:104,0
DA:105,0
DA:108,0
DA:109,0
DA:110,0
DA:111,0
DA:117,0
DA:118,0
DA:120,0
DA:121,0
DA:122,0
DA:123,0
DA:124,0
DA:125,0
DA:126,0
DA:127,0
DA:128,0
DA:129,0
DA:130,0
DA:131,0
DA:133,0
DA:134,0
DA:135,0
DA:136,0
DA:139,0
DA:140,0
DA:141,0
DA:142,0
DA:155,0
DA:156,0
DA:157,0
DA:158,0
DA:159,0
DA:160,0
DA:161,0
DA:162,0
DA:163,0
DA:164,0
DA:165,0
DA:166,0
DA:167,0
DA:168,0
DA:169,0
DA:170,0
DA:171,0
DA:174,0
DA:175,0
DA:176,0
DA:177,0
DA:178,0
DA:181,0
DA:188,0
DA:189,0
DA:190,0
DA:193,0
DA:198,0
DA:199,0
DA:203,0
DA:204,0
DA:209,0
DA:210,0
DA:211,0
DA:214,0
DA:215,0
DA:218,0
DA:220,0
DA:221,0
DA:222,0
DA:223,0
DA:229,0
DA:230,0
DA:231,0
DA:232,0
DA:239,0
DA:240,0
DA:241,0
DA:242,0
DA:243,0
DA:244,0
DA:250,0
DA:260,0
DA:261,0
DA:262,0
DA:263,0
DA:264,0
DA:265,0
DA:267,0
DA:268,0
DA:269,0
DA:270,0
DA:271,0
DA:272,0
DA:273,0
DA:274,0
DA:278,0
DA:279,0
DA:280,0
DA:281,0
DA:282,0
DA:288,0
DA:289,0
DA:290,0
DA:291,0
DA:292,0
DA:297,0
DA:298,0
DA:299,0
DA:300,0
DA:301,0
LF:126
LH:0
BRDA:88,1,0,0
BRDA:88,1,1,0
BRDA:89,2,0,0
BRDA:89,2,1,0
BRDA:99,3,0,0
BRDA:99,3,1,0
BRDA:104,4,0,0
BRDA:104,4,1,0
BRDA:108,5,0,0
BRDA:108,5,1,0
BRDA:118,6,0,0
BRDA:118,6,1,0
BRDA:129,7,0,0
BRDA:129,7,1,0
BRDA:134,8,0,0
BRDA:134,8,1,0
BRDA:139,9,0,0
BRDA:139,9,1,0
BRDA:156,10,0,0
BRDA:156,10,1,0
BRDA:156,11,0,0
BRDA:156,11,1,0
BRDA:171,12,0,0
BRDA:171,12,1,0
BRDA:173,13,0,0
BRDA:173,13,1,0
BRDA:175,14,0,0
BRDA:175,14,1,0
BRDA:185,15,0,0
BRDA:185,15,1,0
BRDA:188,16,0,0
BRDA:188,16,1,0
BRDA:196,17,0,0
BRDA:196,17,1,0
BRDA:201,18,0,0
BRDA:201,18,1,0
BRDA:206,19,0,0
BRDA:206,19,1,0
BRDA:213,20,0,0
BRDA:213,20,1,0
BRDA:217,21,0,0
BRDA:217,21,1,0
BRDA:218,22,0,0
BRDA:218,22,1,0
BRDA:219,23,0,0
BRDA:219,23,1,0
BRDA:219,24,0,0
BRDA:219,24,1,0
BRDA:225,25,0,0
BRDA:225,25,1,0
BRDA:235,26,0,0
BRDA:235,26,1,0
BRDA:240,27,0,0
BRDA:240,27,1,0
BRDA:261,28,0,0
BRDA:261,28,1,0
BRDA:261,29,0,0
BRDA:261,29,1,0
BRDA:274,30,0,0
BRDA:274,30,1,0
BRDA:284,31,0,0
BRDA:284,31,1,0
BRDA:294,32,0,0
BRDA:294,32,1,0
BRF:64
BRH:0
end_of_record
TN:
SF:/home/user/Documents/mainstream/EIP2535-Diamonds-Reference-Implementation/contracts/libraries/LibDiamond.sol
FN:47,diamondStorage
FN:56,setContractOwner
FN:63,contractOwner
FN:67,enforceIsContractOwner
FN:76,diamondCut
FN:102,addFunctions
FN:121,replaceFunctions
FN:145,removeFunctions
FN:176,initializeDiamondCut
FN:196,enforceHasContractCode
FNF:10
FNH:9
FNDA:87,diamondStorage
FNDA:6,setContractOwner
FNDA:0,contractOwner
FNDA:9,enforceIsContractOwner
FNDA:15,diamondCut
FNDA:38,addFunctions
FNDA:1,replaceFunctions
FNDA:4,removeFunctions
FNDA:15,initializeDiamondCut
FNDA:45,enforceHasContractCode
DA:48,87
DA:49,87
DA:57,6
DA:58,6
DA:59,6
DA:60,6
DA:64,0
DA:68,9
DA:69,0
DA:81,15
DA:82,43
DA:83,43
DA:84,43
DA:85,0
DA:87,43
DA:88,43
DA:89,38
DA:91,1
DA:93,4
DA:95,0
DA:98,15
DA:99,15
DA:103,38
DA:104,0
DA:106,38
DA:107,38
DA:108,38
DA:109,38
DA:110,185
DA:111,185
DA:112,185
DA:113,0
DA:115,185
DA:116,185
DA:117,185
DA:122,1
DA:123,1
DA:124,0
DA:126,1
DA:127,1
DA:128,1
DA:129,1
DA:131,1
DA:132,0
DA:134,1
DA:135,0
DA:137,1
DA:138,0
DA:141,1
DA:146,4
DA:147,4
DA:148,4
DA:149,0
DA:151,4
DA:152,55
DA:153,55
DA:154,55
DA:155,0
DA:160,55
DA:161,0
DA:164,55
DA:165,55
DA:166,48
DA:167,48
DA:168,48
DA:171,55
DA:172,55
DA:177,15
DA:178,9
DA:180,6
DA:181,6
DA:182,6
DA:183,0
DA:186,0
DA:191,0
DA:197,45
DA:198,45
DA:201,45
DA:202,0
LF:79
LH:62
BRDA:68,1,0,0
BRDA:68,1,1,9
BRDA:84,2,0,0
BRDA:84,2,1,43
BRDA:88,3,0,38
BRDA:88,3,1,5
BRDA:90,4,0,1
BRDA:90,4,1,4
BRDA:92,5,0,4
BRDA:92,5,1,0
BRDA:103,6,0,0
BRDA:103,6,1,38
BRDA:112,7,0,0
BRDA:112,7,1,185
BRDA:123,8,0,0
BRDA:123,8,1,1
BRDA:131,9,0,0
BRDA:131,9,1,1
BRDA:134,10,0,0
BRDA:134,10,1,1
BRDA:137,11,0,0
BRDA:137,11,1,1
BRDA:148,12,0,0
BRDA:148,12,1,4
BRDA:154,13,0,0
BRDA:154,13,1,55
BRDA:160,14,0,0
BRDA:160,14,1,55
BRDA:165,15,0,48
BRDA:165,15,1,7
BRDA:177,16,0,9
BRDA:177,16,1,6
BRDA:182,17,0,0
BRDA:182,17,1,6
BRDA:183,18,0,0
BRDA:183,18,1,0
BRDA:201,19,0,0
BRDA:201,19,1,45
BRF:38
BRH:22
end_of_record
TN:
SF:/home/user/Documents/mainstream/EIP2535-Diamonds-Reference-Implementation/contracts/libraries/LibTasks.sol
FNF:0
FNH:0
LF:0
LH:0
BRF:0
BRH:0
end_of_record
TN:
SF:/home/user/Documents/mainstream/EIP2535-Diamonds-Reference-Implementation/contracts/libraries/LibTransfer.sol
FNF:0
FNH:0
LF:0
LH:0
BRF:0
BRH:0
end_of_record
TN:
SF:/home/user/Documents/mainstream/EIP2535-Diamonds-Reference-Implementation/contracts/libraries/LibUtils.sol
FN:11,addressToString
FN:15,uint2str
FNF:2
FNH:0
FNDA:0,addressToString
FNDA:0,uint2str
DA:12,0
DA:22,0
DA:24,0
DA:26,0
DA:27,0
DA:28,0
DA:30,0
DA:31,0
DA:33,0
DA:34,0
DA:35,0
DA:36,0
DA:38,0
DA:39,0
DA:41,0
LF:15
LH:0
BRDA:22,1,0,0
BRDA:22,1,1,0
BRF:2
BRH:0
end_of_record
TN:
SF:/home/user/Documents/mainstream/EIP2535-Diamonds-Reference-Implementation/contracts/libraries/NFT/ERC5633.sol
FN:16,supportsInterface
FN:23,isSoulbound
FN:27,_setSoulbound
FN:35,_beforeTokenTransfer
FNF:4
FNH:2
FNDA:0,supportsInterface
FNDA:2,isSoulbound
FNDA:0,_setSoulbound
FNDA:2,_beforeTokenTransfer
DA:17,0
DA:24,2
DA:28,0
DA:29,0
DA:43,2
DA:45,2
DA:46,2
DA:47,0
LF:8
LH:4
BRDA:17,1,0,0
BRDA:17,1,1,0
BRDA:46,2,0,0
BRDA:46,2,1,2
BRDA:47,3,0,0
BRDA:47,3,1,0
BRDA:48,4,0,0
BRDA:48,4,1,0
BRF:8
BRH:1
end_of_record
TN:
SF:/home/user/Documents/mainstream/EIP2535-Diamonds-Reference-Implementation/contracts/libraries/NFT/IERC5633.sol
FNF:0
FNH:0
LF:0
LH:0
BRF:0
BRH:0
end_of_record
TN:
SF:/home/user/Documents/mainstream/EIP2535-Diamonds-Reference-Implementation/contracts/upgradeInitializers/DiamondInit.sol
FN:28,init
FNF:1
FNH:1
FNDA:6,init
DA:30,6
DA:31,6
DA:32,6
DA:33,6
DA:34,6
LF:5
LH:5
BRF:0
BRH:0
end_of_record
TN:
SF:/home/user/Documents/mainstream/EIP2535-Diamonds-Reference-Implementation/contracts/upgradeInitializers/DiamondMultiInit.sol
FN:20,multiInit
FNF:1
FNH:0
FNDA:0,multiInit
DA:21,0
DA:22,0
DA:24,0
DA:25,0
LF:4
LH:0
BRDA:21,1,0,0
BRDA:21,1,1,0
BRF:2
BRH:0
end_of_record
