TN:
SF:/home/user/Documents/mainstream/dodao-diamond/contracts/contracts/AxelarGMP.sol
FN:19,constructor
FN:27,createTaskContract
FN:64,taskParticipate
FN:95,taskAuditParticipate
FN:126,taskStateChange
FN:163,taskAuditDecision
FN:198,sendMessage
FN:282,_execute
FNF:8
FNH:0
FNDA:0,constructor
FNDA:0,createTaskContract
FNDA:0,taskParticipate
FNDA:0,taskAuditParticipate
FNDA:0,taskStateChange
FNDA:0,taskAuditDecision
FNDA:0,sendMessage
FNDA:0,_execute
DA:20,0
DA:21,0
DA:22,0
DA:23,0
DA:36,0
DA:45,0
DA:47,0
DA:48,0
DA:57,0
DA:70,0
DA:76,0
DA:78,0
DA:79,0
DA:88,0
DA:101,0
DA:107,0
DA:109,0
DA:110,0
DA:119,0
DA:135,0
DA:144,0
DA:146,0
DA:147,0
DA:156,0
DA:171,0
DA:179,0
DA:181,0
DA:182,0
DA:191,0
DA:204,0
DA:210,0
DA:212,0
DA:213,0
DA:222,0
DA:287,0
DA:289,0
DA:294,0
DA:295,0
DA:302,0
DA:312,0
DA:320,0
DA:326,0
DA:327,0
DA:331,0
DA:337,0
DA:338,0
DA:346,0
DA:358,0
DA:367,0
DA:378,0
DA:389,0
DA:397,0
DA:405,0
DA:411,0
DA:412,0
LF:55
LH:0
BRDA:47,1,0,0
BRDA:47,1,1,0
BRDA:78,2,0,0
BRDA:78,2,1,0
BRDA:109,3,0,0
BRDA:109,3,1,0
BRDA:146,4,0,0
BRDA:146,4,1,0
BRDA:181,5,0,0
BRDA:181,5,1,0
BRDA:212,6,0,0
BRDA:212,6,1,0
BRDA:294,7,0,0
BRDA:294,7,1,0
BRDA:317,8,0,0
BRDA:317,8,1,0
BRDA:328,9,0,0
BRDA:328,9,1,0
BRDA:343,10,0,0
BRDA:343,10,1,0
BRDA:375,11,0,0
BRDA:375,11,1,0
BRDA:404,12,0,0
BRDA:404,12,1,0
BRF:24
BRH:0
end_of_record
TN:
SF:/home/user/Documents/mainstream/dodao-diamond/contracts/contracts/Hyperlane.sol
FN:16,constructor
FN:25,createTaskContract
FN:52,taskParticipate
FN:73,taskAuditParticipate
FN:94,taskStateChange
FN:121,taskAuditDecision
FN:146,sendMessage
FN:216,handle
FN:350,addressToBytes32
FN:355,bytes32ToAddress
FNF:10
FNH:0
FNDA:0,constructor
FNDA:0,createTaskContract
FNDA:0,taskParticipate
FNDA:0,taskAuditParticipate
FNDA:0,taskStateChange
FNDA:0,taskAuditDecision
FNDA:0,sendMessage
FNDA:0,handle
FNDA:0,addressToBytes32
FNDA:0,bytes32ToAddress
DA:17,0
DA:18,0
DA:19,0
DA:20,0
DA:34,0
DA:43,0
DA:44,0
DA:49,0
DA:58,0
DA:64,0
DA:65,0
DA:70,0
DA:79,0
DA:85,0
DA:86,0
DA:91,0
DA:103,0
DA:112,0
DA:113,0
DA:118,0
DA:129,0
DA:137,0
DA:138,0
DA:143,0
DA:152,0
DA:158,0
DA:159,0
DA:164,0
DA:221,0
DA:223,0
DA:225,0
DA:226,0
DA:233,0
DA:243,0
DA:251,0
DA:257,0
DA:258,0
DA:262,0
DA:268,0
DA:269,0
DA:277,0
DA:289,0
DA:298,0
DA:309,0
DA:320,0
DA:328,0
DA:336,0
DA:342,0
DA:343,0
DA:351,0
DA:356,0
LF:51
LH:0
BRDA:225,1,0,0
BRDA:225,1,1,0
BRDA:248,2,0,0
BRDA:248,2,1,0
BRDA:259,3,0,0
BRDA:259,3,1,0
BRDA:274,4,0,0
BRDA:274,4,1,0
BRDA:306,5,0,0
BRDA:306,5,1,0
BRDA:335,6,0,0
BRDA:335,6,1,0
BRF:12
BRH:0
end_of_record
TN:
SF:/home/user/Documents/mainstream/dodao-diamond/contracts/contracts/Layerzero.sol
FN:25,constructor
FN:34,createTaskContract
FN:67,taskParticipate
FN:94,taskAuditParticipate
FN:121,taskStateChange
FN:154,taskAuditDecision
FN:185,sendMessage
FN:257,lzReceive
FN:407,estimateFees
FNF:9
FNH:0
FNDA:0,constructor
FNDA:0,createTaskContract
FNDA:0,taskParticipate
FNDA:0,taskAuditParticipate
FNDA:0,taskStateChange
FNDA:0,taskAuditDecision
FNDA:0,sendMessage
FNDA:0,lzReceive
FNDA:0,estimateFees
DA:26,0
DA:27,0
DA:28,0
DA:29,0
DA:43,0
DA:52,0
DA:54,0
DA:55,0
DA:57,0
DA:73,0
DA:79,0
DA:81,0
DA:82,0
DA:84,0
DA:100,0
DA:106,0
DA:108,0
DA:109,0
DA:111,0
DA:130,0
DA:139,0
DA:141,0
DA:142,0
DA:144,0
DA:162,0
DA:170,0
DA:172,0
DA:173,0
DA:175,0
DA:191,0
DA:197,0
DA:199,0
DA:200,0
DA:202,0
DA:263,0
DA:264,0
DA:265,0
DA:268,0
DA:272,0
DA:282,0
DA:284,0
DA:285,0
DA:292,0
DA:302,0
DA:310,0
DA:316,0
DA:317,0
DA:321,0
DA:327,0
DA:328,0
DA:336,0
DA:348,0
DA:357,0
DA:368,0
DA:379,0
DA:387,0
DA:395,0
DA:401,0
DA:402,0
DA:414,0
LF:60
LH:0
BRDA:263,1,0,0
BRDA:263,1,1,0
BRDA:268,2,0,0
BRDA:268,2,1,0
BRDA:284,3,0,0
BRDA:284,3,1,0
BRDA:307,4,0,0
BRDA:307,4,1,0
BRDA:318,5,0,0
BRDA:318,5,1,0
BRDA:333,6,0,0
BRDA:333,6,1,0
BRDA:365,7,0,0
BRDA:365,7,1,0
BRDA:394,8,0,0
BRDA:394,8,1,0
BRF:16
BRH:0
end_of_record
TN:
SF:/home/user/Documents/mainstream/dodao-diamond/contracts/contracts/TaskContract.sol
FN:29,constructor
FN:49,getTaskData
FN:61,getBalance
FN:65,transferToaddress
FN:77,taskParticipate
FN:83,taskAuditParticipate
FN:105,taskStateChange
FN:126,taskAuditDecision
FN:149,sendMessage
FNF:9
FNH:6
FNDA:4,constructor
FNDA:113,getTaskData
FNDA:0,getBalance
FNDA:0,transferToaddress
FNDA:6,taskParticipate
FNDA:2,taskAuditParticipate
FNDA:17,taskStateChange
FNDA:2,taskAuditDecision
FNDA:0,sendMessage
DA:33,4
DA:34,4
DA:35,4
DA:36,4
DA:37,4
DA:38,4
DA:39,4
DA:40,4
DA:41,4
DA:42,4
DA:43,4
DA:44,4
DA:46,4
DA:51,113
DA:53,113
DA:54,113
DA:55,113
DA:57,113
DA:62,0
DA:73,0
DA:74,0
DA:78,6
DA:79,6
DA:84,2
DA:101,2
DA:102,2
DA:122,17
DA:123,15
DA:133,2
DA:145,2
DA:146,2
DA:161,0
DA:162,0
LF:33
LH:28
BRF:0
BRH:0
end_of_record
TN:
SF:/home/user/Documents/mainstream/dodao-diamond/contracts/contracts/Wormhole.sol
FN:25,constructor
FN:36,_sendMessageToRecipient
FN:60,addTrustedAddress
FN:64,createTaskContract
FN:88,taskParticipate
FN:106,taskAuditParticipate
FN:124,taskStateChange
FN:148,taskAuditDecision
FN:170,sendMessage
FN:236,processMyMessage
FNF:10
FNH:0
FNDA:0,constructor
FNDA:0,_sendMessageToRecipient
FNDA:0,addTrustedAddress
FNDA:0,createTaskContract
FNDA:0,taskParticipate
FNDA:0,taskAuditParticipate
FNDA:0,taskStateChange
FNDA:0,taskAuditDecision
FNDA:0,sendMessage
FNDA:0,processMyMessage
DA:26,0
DA:27,0
DA:28,0
DA:29,0
DA:30,0
DA:42,0
DA:53,0
DA:57,0
DA:61,0
DA:73,0
DA:82,0
DA:84,0
DA:85,0
DA:94,0
DA:100,0
DA:102,0
DA:103,0
DA:112,0
DA:118,0
DA:120,0
DA:121,0
DA:133,0
DA:142,0
DA:144,0
DA:145,0
DA:156,0
DA:164,0
DA:166,0
DA:167,0
DA:176,0
DA:182,0
DA:184,0
DA:185,0
DA:238,0
DA:242,0
DA:245,0
DA:251,0
DA:255,0
DA:265,0
DA:272,0
DA:275,0
DA:280,0
DA:282,0
DA:283,0
DA:290,0
DA:300,0
DA:308,0
DA:314,0
DA:315,0
DA:319,0
DA:325,0
DA:326,0
DA:334,0
DA:346,0
DA:355,0
DA:366,0
DA:377,0
DA:385,0
DA:393,0
DA:399,0
DA:400,0
LF:61
LH:0
BRDA:60,1,0,0
BRDA:60,1,1,0
BRDA:242,2,0,0
BRDA:242,2,1,0
BRDA:245,3,0,0
BRDA:245,3,1,0
BRDA:251,4,0,0
BRDA:251,4,1,0
BRDA:265,5,0,0
BRDA:265,5,1,0
BRDA:272,6,0,0
BRDA:272,6,1,0
BRDA:282,7,0,0
BRDA:282,7,1,0
BRDA:305,8,0,0
BRDA:305,8,1,0
BRDA:316,9,0,0
BRDA:316,9,1,0
BRDA:331,10,0,0
BRDA:331,10,1,0
BRDA:363,11,0,0
BRDA:363,11,1,0
BRDA:392,12,0,0
BRDA:392,12,1,0
BRF:24
BRH:0
end_of_record
TN:
SF:/home/user/Documents/mainstream/dodao-diamond/contracts/Diamond.sol
FN:31,constructor
FN:40,
FNF:2
FNH:2
FNDA:6,constructor
FNDA:279,
DA:32,6
DA:33,6
DA:41,279
DA:42,279
DA:44,279
DA:48,279
DA:49,279
DA:50,1
DA:53,278
LF:9
LH:9
BRDA:49,1,0,1
BRDA:49,1,1,278
BRF:2
BRH:2
end_of_record
TN:
SF:/home/user/Documents/mainstream/dodao-diamond/contracts/external/erc1155/Common.sol
FNF:0
FNH:0
LF:0
LH:0
BRF:0
BRH:0
end_of_record
TN:
SF:/home/user/Documents/mainstream/dodao-diamond/contracts/external/erc1155/ERC1155MockNonReceiver.sol
FNF:0
FNH:0
LF:0
LH:0
BRF:0
BRH:0
end_of_record
TN:
SF:/home/user/Documents/mainstream/dodao-diamond/contracts/external/erc1155/ERC1155MockReceiver.sol
FN:18,setShouldReject
FN:22,onERC1155Received
FN:35,onERC1155BatchReceived
FN:49,supportsInterface
FNF:4
FNH:3
FNDA:4,setShouldReject
FNDA:2,onERC1155Received
FNDA:2,onERC1155BatchReceived
FNDA:0,supportsInterface
DA:19,4
DA:23,2
DA:24,2
DA:25,2
DA:26,2
DA:27,2
DA:28,2
DA:29,1
DA:31,1
DA:36,2
DA:37,2
DA:38,2
DA:39,2
DA:40,2
DA:41,2
DA:42,1
DA:44,1
DA:50,0
LF:18
LH:17
BRDA:28,1,0,1
BRDA:28,1,1,1
BRDA:41,2,0,1
BRDA:41,2,1,1
BRDA:50,3,0,0
BRDA:50,3,1,0
BRF:6
BRH:4
end_of_record
TN:
SF:/home/user/Documents/mainstream/dodao-diamond/contracts/external/hyperlane/interfaces/IAbacusConnectionManager.sol
FNF:0
FNH:0
LF:0
LH:0
BRF:0
BRH:0
end_of_record
TN:
SF:/home/user/Documents/mainstream/dodao-diamond/contracts/external/hyperlane/interfaces/IInbox.sol
FNF:0
FNH:0
LF:0
LH:0
BRF:0
BRH:0
end_of_record
TN:
SF:/home/user/Documents/mainstream/dodao-diamond/contracts/external/hyperlane/interfaces/IInterchainGasPaymaster.sol
FNF:0
FNH:0
LF:0
LH:0
BRF:0
BRH:0
end_of_record
TN:
SF:/home/user/Documents/mainstream/dodao-diamond/contracts/external/hyperlane/interfaces/IMailbox.sol
FNF:0
FNH:0
LF:0
LH:0
BRF:0
BRH:0
end_of_record
TN:
SF:/home/user/Documents/mainstream/dodao-diamond/contracts/external/hyperlane/interfaces/IMessageRecipient.sol
FNF:0
FNH:0
LF:0
LH:0
BRF:0
BRH:0
end_of_record
TN:
SF:/home/user/Documents/mainstream/dodao-diamond/contracts/external/hyperlane/interfaces/IOutbox.sol
FNF:0
FNH:0
LF:0
LH:0
BRF:0
BRH:0
end_of_record
TN:
SF:/home/user/Documents/mainstream/dodao-diamond/contracts/external/layerzero/interfaces/ILayerZeroEndpoint.sol
FNF:0
FNH:0
LF:0
LH:0
BRF:0
BRH:0
end_of_record
TN:
SF:/home/user/Documents/mainstream/dodao-diamond/contracts/external/layerzero/interfaces/ILayerZeroReceiver.sol
FNF:0
FNH:0
LF:0
LH:0
BRF:0
BRH:0
end_of_record
TN:
SF:/home/user/Documents/mainstream/dodao-diamond/contracts/external/layerzero/interfaces/ILayerZeroUserApplicationConfig.sol
FNF:0
FNH:0
LF:0
LH:0
BRF:0
BRH:0
end_of_record
TN:
SF:/home/user/Documents/mainstream/dodao-diamond/contracts/external/layerzero/interfaces/IStargateFactory.sol
FNF:0
FNH:0
LF:0
LH:0
BRF:0
BRH:0
end_of_record
TN:
SF:/home/user/Documents/mainstream/dodao-diamond/contracts/external/layerzero/interfaces/IStargatePool.sol
FNF:0
FNH:0
LF:0
LH:0
BRF:0
BRH:0
end_of_record
TN:
SF:/home/user/Documents/mainstream/dodao-diamond/contracts/external/layerzero/interfaces/IStargateReceiver.sol
FNF:0
FNH:0
LF:0
LH:0
BRF:0
BRH:0
end_of_record
TN:
SF:/home/user/Documents/mainstream/dodao-diamond/contracts/external/layerzero/interfaces/IStargateRouter.sol
FNF:0
FNH:0
LF:0
LH:0
BRF:0
BRH:0
end_of_record
TN:
SF:/home/user/Documents/mainstream/dodao-diamond/contracts/external/layerzero/interfaces/IStargateRouterETH.sol
FNF:0
FNH:0
LF:0
LH:0
BRF:0
BRH:0
end_of_record
TN:
SF:/home/user/Documents/mainstream/dodao-diamond/contracts/external/layerzero/interfaces/IStargateWidget.sol
FNF:0
FNH:0
LF:0
LH:0
BRF:0
BRH:0
end_of_record
TN:
SF:/home/user/Documents/mainstream/dodao-diamond/contracts/external/wormhole/interfaces/IWormhole.sol
FNF:0
FNH:0
LF:0
LH:0
BRF:0
BRH:0
end_of_record
TN:
SF:/home/user/Documents/mainstream/dodao-diamond/contracts/facets/AccountFacet.sol
FN:28,addAccountToBlacklist
FN:40,removeAccountFromBlacklist
FN:57,addAccountData
FN:72,addParticipantTask
FN:88,addAuditParticipantTask
FN:104,addPerformerRating
FN:112,addCustomerRating
FN:121,getAccountsList
FN:130,getAccountsData
FNF:9
FNH:4
FNDA:0,addAccountToBlacklist
FNDA:0,removeAccountFromBlacklist
FNDA:0,addAccountData
FNDA:6,addParticipantTask
FNDA:2,addAuditParticipantTask
FNDA:0,addPerformerRating
FNDA:0,addCustomerRating
FNDA:3,getAccountsList
FNDA:12,getAccountsData
DA:31,0
DA:32,0
DA:33,0
DA:34,0
DA:35,0
DA:36,0
DA:37,0
DA:41,0
DA:42,0
DA:43,0
DA:44,0
DA:46,0
DA:47,0
DA:48,0
DA:49,0
DA:50,0
DA:52,0
DA:58,0
DA:59,0
DA:64,0
DA:66,0
DA:67,0
DA:68,0
DA:69,0
DA:73,6
DA:74,6
DA:75,6
DA:77,6
DA:78,2
DA:79,2
DA:82,6
DA:83,2
DA:85,6
DA:89,2
DA:90,2
DA:91,2
DA:93,2
DA:94,1
DA:95,1
DA:98,2
DA:99,1
DA:101,2
DA:105,0
DA:106,0
DA:107,0
DA:109,0
DA:113,0
DA:114,0
DA:115,0
DA:117,0
DA:126,3
DA:127,3
DA:135,12
DA:136,12
DA:137,12
DA:138,48
DA:140,12
LF:57
LH:25
BRDA:33,1,0,0
BRDA:33,1,1,0
BRDA:34,2,0,0
BRDA:34,2,1,0
BRDA:35,3,0,0
BRDA:35,3,1,0
BRDA:43,4,0,0
BRDA:43,4,1,0
BRDA:44,5,0,0
BRDA:44,5,1,0
BRDA:47,6,0,0
BRDA:47,6,1,0
BRDA:59,7,0,0
BRDA:59,7,1,0
BRDA:66,8,0,0
BRDA:66,8,1,0
BRDA:74,9,0,6
BRDA:74,9,1,0
BRDA:75,10,0,6
BRDA:75,10,1,0
BRDA:77,11,0,2
BRDA:77,11,1,4
BRDA:82,12,0,2
BRDA:82,12,1,4
BRDA:90,13,0,2
BRDA:90,13,1,0
BRDA:91,14,0,2
BRDA:91,14,1,0
BRDA:93,15,0,1
BRDA:93,15,1,1
BRDA:98,16,0,1
BRDA:98,16,1,1
BRDA:106,17,0,0
BRDA:106,17,1,0
BRDA:107,18,0,0
BRDA:107,18,1,0
BRDA:114,19,0,0
BRDA:114,19,1,0
BRDA:115,20,0,0
BRDA:115,20,1,0
BRF:40
BRH:12
end_of_record
TN:
SF:/home/user/Documents/mainstream/dodao-diamond/contracts/facets/DiamondCutFacet.sol
FN:22,diamondCut
FNF:1
FNH:1
FNDA:2,diamondCut
DA:27,2
DA:28,2
LF:2
LH:2
BRF:0
BRH:0
end_of_record
TN:
SF:/home/user/Documents/mainstream/dodao-diamond/contracts/facets/DiamondLoupeFacet.sol
FN:26,facets
FN:78,facetFunctionSelectors
FN:100,facetAddresses
FN:137,facetAddress
FN:143,supportsInterface
FNF:5
FNH:3
FNDA:3,facets
FNDA:0,facetFunctionSelectors
FNDA:1,facetAddresses
FNDA:0,facetAddress
FNDA:4,supportsInterface
DA:27,3
DA:28,3
DA:30,3
DA:32,3
DA:34,3
DA:36,3
DA:37,187
DA:38,187
DA:39,187
DA:41,187
DA:42,1371
DA:43,161
DA:44,161
DA:45,161
DA:46,161
DA:50,187
DA:51,161
DA:52,161
DA:55,26
DA:56,26
DA:57,26
DA:58,26
DA:59,26
DA:61,3
DA:62,26
DA:63,26
DA:65,26
DA:70,3
DA:79,0
DA:80,0
DA:81,0
DA:82,0
DA:84,0
DA:85,0
DA:86,0
DA:87,0
DA:88,0
DA:89,0
DA:93,0
DA:101,1
DA:102,1
DA:104,1
DA:105,1
DA:107,1
DA:108,96
DA:109,96
DA:110,96
DA:112,96
DA:113,755
DA:114,83
DA:115,83
DA:119,96
DA:120,83
DA:121,83
DA:124,13
DA:125,13
DA:128,1
DA:138,0
DA:139,0
DA:144,4
DA:145,4
LF:61
LH:48
BRDA:42,1,0,161
BRDA:42,1,1,1210
BRDA:50,2,0,161
BRDA:50,2,1,26
BRDA:87,3,0,0
BRDA:87,3,1,0
BRDA:113,4,0,83
BRDA:113,4,1,672
BRDA:119,5,0,83
BRDA:119,5,1,13
BRF:10
BRH:8
end_of_record
TN:
SF:/home/user/Documents/mainstream/dodao-diamond/contracts/facets/ERC5633Demo.sol
FNF:0
FNH:0
LF:0
LH:0
BRF:0
BRH:0
end_of_record
TN:
SF:/home/user/Documents/mainstream/dodao-diamond/contracts/facets/interchain/AxelarFacet.sol
FN:18,execute
FN:30,executeWithToken
FN:55,createTaskContractAxelar
FN:82,taskParticipateAxelar
FN:113,taskAuditParticipateAxelar
FN:144,taskStateChangeAxelar
FN:181,taskAuditDecisionAxelar
FN:216,sendMessageAxelar
FN:300,_execute
FN:447,gateway
FNF:10
FNH:0
FNDA:0,execute
FNDA:0,executeWithToken
FNDA:0,createTaskContractAxelar
FNDA:0,taskParticipateAxelar
FNDA:0,taskAuditParticipateAxelar
FNDA:0,taskStateChangeAxelar
FNDA:0,taskAuditDecisionAxelar
FNDA:0,sendMessageAxelar
FNDA:0,_execute
FNDA:0,gateway
DA:24,0
DA:27,0
DA:38,0
DA:39,0
DA:59,0
DA:63,0
DA:65,0
DA:66,0
DA:75,0
DA:88,0
DA:94,0
DA:96,0
DA:97,0
DA:106,0
DA:119,0
DA:125,0
DA:127,0
DA:128,0
DA:137,0
DA:153,0
DA:162,0
DA:164,0
DA:165,0
DA:174,0
DA:189,0
DA:197,0
DA:199,0
DA:200,0
DA:209,0
DA:222,0
DA:228,0
DA:230,0
DA:231,0
DA:240,0
DA:305,0
DA:307,0
DA:312,0
DA:313,0
DA:320,0
DA:330,0
DA:338,0
DA:344,0
DA:345,0
DA:349,0
DA:355,0
DA:356,0
DA:364,0
DA:376,0
DA:385,0
DA:396,0
DA:407,0
DA:415,0
DA:423,0
DA:429,0
DA:430,0
LF:55
LH:0
BRDA:39,1,0,0
BRDA:39,1,1,0
BRDA:65,2,0,0
BRDA:65,2,1,0
BRDA:96,3,0,0
BRDA:96,3,1,0
BRDA:127,4,0,0
BRDA:127,4,1,0
BRDA:164,5,0,0
BRDA:164,5,1,0
BRDA:199,6,0,0
BRDA:199,6,1,0
BRDA:230,7,0,0
BRDA:230,7,1,0
BRDA:312,8,0,0
BRDA:312,8,1,0
BRDA:335,9,0,0
BRDA:335,9,1,0
BRDA:346,10,0,0
BRDA:346,10,1,0
BRDA:361,11,0,0
BRDA:361,11,1,0
BRDA:393,12,0,0
BRDA:393,12,1,0
BRDA:422,13,0,0
BRDA:422,13,1,0
BRF:26
BRH:0
end_of_record
TN:
SF:/home/user/Documents/mainstream/dodao-diamond/contracts/facets/interchain/HyperlaneFacet.sol
FN:14,createTaskContractHyperlane
FN:31,taskParticipateHyperlane
FN:52,taskAuditParticipateHyperlane
FN:73,taskStateChangeHyperlane
FN:100,taskAuditDecisionHyperlane
FN:125,sendMessageHyperlane
FN:195,handle
FN:329,addressToBytes32
FN:334,bytes32ToAddress
FNF:9
FNH:0
FNDA:0,createTaskContractHyperlane
FNDA:0,taskParticipateHyperlane
FNDA:0,taskAuditParticipateHyperlane
FNDA:0,taskStateChangeHyperlane
FNDA:0,taskAuditDecisionHyperlane
FNDA:0,sendMessageHyperlane
FNDA:0,handle
FNDA:0,addressToBytes32
FNDA:0,bytes32ToAddress
DA:18,0
DA:22,0
DA:23,0
DA:28,0
DA:37,0
DA:43,0
DA:44,0
DA:49,0
DA:58,0
DA:64,0
DA:65,0
DA:70,0
DA:82,0
DA:91,0
DA:92,0
DA:97,0
DA:108,0
DA:116,0
DA:117,0
DA:122,0
DA:131,0
DA:137,0
DA:138,0
DA:143,0
DA:200,0
DA:202,0
DA:204,0
DA:205,0
DA:212,0
DA:222,0
DA:230,0
DA:236,0
DA:237,0
DA:241,0
DA:247,0
DA:248,0
DA:256,0
DA:268,0
DA:277,0
DA:288,0
DA:299,0
DA:307,0
DA:315,0
DA:321,0
DA:322,0
DA:330,0
DA:335,0
LF:47
LH:0
BRDA:204,1,0,0
BRDA:204,1,1,0
BRDA:227,2,0,0
BRDA:227,2,1,0
BRDA:238,3,0,0
BRDA:238,3,1,0
BRDA:253,4,0,0
BRDA:253,4,1,0
BRDA:285,5,0,0
BRDA:285,5,1,0
BRDA:314,6,0,0
BRDA:314,6,1,0
BRF:12
BRH:0
end_of_record
TN:
SF:/home/user/Documents/mainstream/dodao-diamond/contracts/facets/interchain/LayerzeroFacet.sol
FN:21,createTaskContractLayerzero
FN:44,taskParticipateLayerzero
FN:71,taskAuditParticipateLayerzero
FN:98,taskStateChangeLayerzero
FN:131,taskAuditDecisionLayerzero
FN:162,sendMessageLayerzero
FN:234,lzReceive
FN:384,estimateFees
FNF:8
FNH:0
FNDA:0,createTaskContractLayerzero
FNDA:0,taskParticipateLayerzero
FNDA:0,taskAuditParticipateLayerzero
FNDA:0,taskStateChangeLayerzero
FNDA:0,taskAuditDecisionLayerzero
FNDA:0,sendMessageLayerzero
FNDA:0,lzReceive
FNDA:0,estimateFees
DA:25,0
DA:29,0
DA:31,0
DA:32,0
DA:34,0
DA:50,0
DA:56,0
DA:58,0
DA:59,0
DA:61,0
DA:77,0
DA:83,0
DA:85,0
DA:86,0
DA:88,0
DA:107,0
DA:116,0
DA:118,0
DA:119,0
DA:121,0
DA:139,0
DA:147,0
DA:149,0
DA:150,0
DA:152,0
DA:168,0
DA:174,0
DA:176,0
DA:177,0
DA:179,0
DA:240,0
DA:241,0
DA:242,0
DA:245,0
DA:249,0
DA:259,0
DA:261,0
DA:262,0
DA:269,0
DA:279,0
DA:287,0
DA:293,0
DA:294,0
DA:298,0
DA:304,0
DA:305,0
DA:313,0
DA:325,0
DA:334,0
DA:345,0
DA:356,0
DA:364,0
DA:372,0
DA:378,0
DA:379,0
DA:391,0
LF:56
LH:0
BRDA:240,1,0,0
BRDA:240,1,1,0
BRDA:245,2,0,0
BRDA:245,2,1,0
BRDA:261,3,0,0
BRDA:261,3,1,0
BRDA:284,4,0,0
BRDA:284,4,1,0
BRDA:295,5,0,0
BRDA:295,5,1,0
BRDA:310,6,0,0
BRDA:310,6,1,0
BRDA:342,7,0,0
BRDA:342,7,1,0
BRDA:371,8,0,0
BRDA:371,8,1,0
BRF:16
BRH:0
end_of_record
TN:
SF:/home/user/Documents/mainstream/dodao-diamond/contracts/facets/interchain/WormholeFacet.sol
FN:18,_sendMessageToRecipient
FN:42,addTrustedAddress
FN:47,createTaskContractWormhole
FN:61,taskParticipateWormhole
FN:79,taskAuditParticipateWormhole
FN:97,taskStateChangeWormhole
FN:121,taskAuditDecisionWormhole
FN:143,sendMessageWormhole
FN:209,processMyMessage
FNF:9
FNH:0
FNDA:0,_sendMessageToRecipient
FNDA:0,addTrustedAddress
FNDA:0,createTaskContractWormhole
FNDA:0,taskParticipateWormhole
FNDA:0,taskAuditParticipateWormhole
FNDA:0,taskStateChangeWormhole
FNDA:0,taskAuditDecisionWormhole
FNDA:0,sendMessageWormhole
FNDA:0,processMyMessage
DA:24,0
DA:35,0
DA:39,0
DA:43,0
DA:44,0
DA:51,0
DA:55,0
DA:57,0
DA:58,0
DA:67,0
DA:73,0
DA:75,0
DA:76,0
DA:85,0
DA:91,0
DA:93,0
DA:94,0
DA:106,0
DA:115,0
DA:117,0
DA:118,0
DA:129,0
DA:137,0
DA:139,0
DA:140,0
DA:149,0
DA:155,0
DA:157,0
DA:158,0
DA:211,0
DA:215,0
DA:218,0
DA:224,0
DA:228,0
DA:238,0
DA:245,0
DA:248,0
DA:253,0
DA:255,0
DA:256,0
DA:263,0
DA:273,0
DA:281,0
DA:287,0
DA:288,0
DA:292,0
DA:298,0
DA:299,0
DA:307,0
DA:319,0
DA:328,0
DA:339,0
DA:350,0
DA:358,0
DA:366,0
DA:372,0
DA:373,0
LF:57
LH:0
BRDA:215,1,0,0
BRDA:215,1,1,0
BRDA:218,2,0,0
BRDA:218,2,1,0
BRDA:224,3,0,0
BRDA:224,3,1,0
BRDA:238,4,0,0
BRDA:238,4,1,0
BRDA:245,5,0,0
BRDA:245,5,1,0
BRDA:255,6,0,0
BRDA:255,6,1,0
BRDA:278,7,0,0
BRDA:278,7,1,0
BRDA:289,8,0,0
BRDA:289,8,1,0
BRDA:304,9,0,0
BRDA:304,9,1,0
BRDA:336,10,0,0
BRDA:336,10,1,0
BRDA:365,11,0,0
BRDA:365,11,1,0
BRF:22
BRH:0
end_of_record
TN:
SF:/home/user/Documents/mainstream/dodao-diamond/contracts/facets/InterchainFacet.sol
FN:27,getInterchainConfigs
FNF:1
FNH:0
FNDA:0,getInterchainConfigs
DA:32,0
DA:33,0
LF:2
LH:0
BRF:0
BRH:0
end_of_record
TN:
SF:/home/user/Documents/mainstream/dodao-diamond/contracts/facets/OwnershipFacet.sol
FN:13,transferOwnership
FN:18,owner
FNF:2
FNH:0
FNDA:0,transferOwnership
FNDA:0,owner
DA:14,0
DA:15,0
DA:19,0
LF:3
LH:0
BRF:0
BRH:0
end_of_record
TN:
SF:/home/user/Documents/mainstream/dodao-diamond/contracts/facets/TaskCreateFacet.sol
FN:33,createTaskContract
FNF:1
FNH:1
FNDA:4,createTaskContract
DA:38,4
DA:41,4
DA:46,4
DA:50,4
DA:57,4
DA:59,4
DA:60,4
DA:61,0
DA:64,0
DA:66,0
DA:73,4
DA:74,4
DA:75,4
DA:77,4
DA:78,1
DA:79,1
DA:82,4
DA:83,1
DA:86,4
DA:89,4
LF:20
LH:17
BRDA:41,1,0,4
BRDA:41,1,1,0
BRDA:60,2,0,0
BRDA:60,2,1,4
BRDA:63,3,0,0
BRDA:63,3,1,4
BRDA:77,4,0,1
BRDA:77,4,1,3
BRDA:82,5,0,1
BRDA:82,5,1,3
BRF:10
BRH:7
end_of_record
TN:
SF:/home/user/Documents/mainstream/dodao-diamond/contracts/facets/TaskDataFacet.sol
FN:44,addTaskToBlacklist
FN:55,removeTaskFromBlacklist
FN:70,getTaskContracts
FN:84,getTaskContractsByState
FN:116,getTaskContractsCustomers
FN:141,getTaskContractsPerformers
FN:167,getTaskContractsCustomer
FN:179,getTaskContractsPerformer
FN:188,getTasksData
FNF:9
FNH:6
FNDA:3,addTaskToBlacklist
FNDA:3,removeTaskFromBlacklist
FNDA:4,getTaskContracts
FNDA:21,getTaskContractsByState
FNDA:0,getTaskContractsCustomers
FNDA:0,getTaskContractsPerformers
FNDA:6,getTaskContractsCustomer
FNDA:3,getTaskContractsPerformer
FNDA:0,getTasksData
DA:47,3
DA:50,3
DA:51,3
DA:52,3
DA:56,3
DA:57,3
DA:58,3
DA:59,3
DA:60,3
DA:61,3
DA:62,3
DA:63,0
DA:65,3
DA:75,4
DA:81,4
DA:89,21
DA:90,21
DA:91,21
DA:92,42
DA:93,42
DA:97,12
DA:100,21
DA:101,21
DA:102,21
DA:103,42
DA:104,42
DA:108,12
DA:109,12
DA:112,21
DA:121,0
DA:125,0
DA:126,0
DA:128,0
DA:131,0
DA:132,0
DA:134,0
DA:135,0
DA:138,0
DA:146,0
DA:150,0
DA:151,0
DA:153,0
DA:156,0
DA:157,0
DA:159,0
DA:160,0
DA:163,0
DA:172,6
DA:176,6
DA:184,3
DA:185,3
DA:193,0
DA:195,0
DA:196,0
DA:198,0
DA:199,0
DA:200,0
DA:202,0
DA:203,0
DA:204,0
DA:205,0
DA:208,0
DA:211,0
DA:214,0
LF:64
LH:32
BRDA:50,1,0,3
BRDA:50,1,1,0
BRDA:58,2,0,3
BRDA:58,2,1,0
BRDA:60,3,0,3
BRDA:60,3,1,0
BRDA:93,4,0,12
BRDA:93,4,1,30
BRDA:94,5,0,6
BRDA:94,5,1,6
BRDA:104,6,0,12
BRDA:104,6,1,30
BRDA:105,7,0,6
BRDA:105,7,1,6
BRDA:204,8,0,0
BRDA:204,8,1,0
BRF:16
BRH:11
end_of_record
TN:
SF:/home/user/Documents/mainstream/dodao-diamond/contracts/facets/Test1Facet.sol
FN:15,diamondStorage
FN:22,setMyAddress
FN:27,getMyAddress
FN:36,test1Func1
FN:40,test1Func2
FN:43,test1Func3
FN:45,test1Func4
FN:47,test1Func5
FN:49,test1Func6
FN:51,test1Func7
FN:53,test1Func8
FN:55,test1Func9
FN:57,test1Func10
FN:59,test1Func11
FN:61,test1Func12
FN:63,test1Func13
FN:65,test1Func14
FN:67,test1Func15
FN:69,test1Func16
FN:71,test1Func17
FN:73,test1Func18
FN:75,test1Func19
FN:77,test1Func20
FN:79,supportsInterface
FNF:24
FNH:0
FNDA:0,diamondStorage
FNDA:0,setMyAddress
FNDA:0,getMyAddress
FNDA:0,test1Func1
FNDA:0,test1Func2
FNDA:0,test1Func3
FNDA:0,test1Func4
FNDA:0,test1Func5
FNDA:0,test1Func6
FNDA:0,test1Func7
FNDA:0,test1Func8
FNDA:0,test1Func9
FNDA:0,test1Func10
FNDA:0,test1Func11
FNDA:0,test1Func12
FNDA:0,test1Func13
FNDA:0,test1Func14
FNDA:0,test1Func15
FNDA:0,test1Func16
FNDA:0,test1Func17
FNDA:0,test1Func18
FNDA:0,test1Func19
FNDA:0,test1Func20
FNDA:0,supportsInterface
DA:16,0
DA:17,0
DA:23,0
DA:24,0
DA:28,0
DA:29,0
DA:37,0
DA:41,0
LF:8
LH:0
BRF:0
BRH:0
end_of_record
TN:
SF:/home/user/Documents/mainstream/dodao-diamond/contracts/facets/Test2Facet.sol
FN:5,test2Func1
FN:7,test2Func2
FN:9,test2Func3
FN:11,test2Func4
FN:13,test2Func5
FN:15,test2Func6
FN:17,test2Func7
FN:19,test2Func8
FN:21,test2Func9
FN:23,test2Func10
FN:25,test2Func11
FN:27,test2Func12
FN:29,test2Func13
FN:31,test2Func14
FN:33,test2Func15
FN:35,test2Func16
FN:37,test2Func17
FN:39,test2Func18
FN:41,test2Func19
FN:43,test2Func20
FNF:20
FNH:0
FNDA:0,test2Func1
FNDA:0,test2Func2
FNDA:0,test2Func3
FNDA:0,test2Func4
FNDA:0,test2Func5
FNDA:0,test2Func6
FNDA:0,test2Func7
FNDA:0,test2Func8
FNDA:0,test2Func9
FNDA:0,test2Func10
FNDA:0,test2Func11
FNDA:0,test2Func12
FNDA:0,test2Func13
FNDA:0,test2Func14
FNDA:0,test2Func15
FNDA:0,test2Func16
FNDA:0,test2Func17
FNDA:0,test2Func18
FNDA:0,test2Func19
FNDA:0,test2Func20
LF:0
LH:0
BRF:0
BRH:0
end_of_record
TN:
SF:/home/user/Documents/mainstream/dodao-diamond/contracts/facets/TokenDataFacet.sol
FN:17,uri
FN:21,uriOfBatch
FN:25,uriOfBatchName
FN:29,totalSupply
FN:33,totalSupplyOfNfType
FN:37,totalSupplyOfName
FN:43,exists
FN:47,existsNfType
FN:51,existsName
FN:55,getTokenBaseType
FN:61,getTokenName
FN:67,getTokenIds
FN:73,getTokenNames
FN:79,totalSupplyOfBatch
FN:85,totalSupplyOfBatchNfType
FN:91,totalSupplyOfBatchName
FN:97,balanceOfNfType
FN:104,balanceOfName
FN:111,balanceOfBatchNfType
FN:118,balanceOfBatchName
FNF:20
FNH:20
FNDA:4,uri
FNDA:1,uriOfBatch
FNDA:1,uriOfBatchName
FNDA:1,totalSupply
FNDA:1,totalSupplyOfNfType
FNDA:1,totalSupplyOfName
FNDA:1,exists
FNDA:1,existsNfType
FNDA:1,existsName
FNDA:1,getTokenBaseType
FNDA:1,getTokenName
FNDA:1,getTokenIds
FNDA:1,getTokenNames
FNDA:1,totalSupplyOfBatch
FNDA:1,totalSupplyOfBatchNfType
FNDA:1,totalSupplyOfBatchName
FNDA:1,balanceOfNfType
FNDA:4,balanceOfName
FNDA:1,balanceOfBatchNfType
FNDA:1,balanceOfBatchName
DA:18,4
DA:22,1
DA:26,1
DA:30,1
DA:34,1
DA:40,1
DA:44,1
DA:48,1
DA:52,1
DA:58,1
DA:64,1
DA:70,1
DA:76,1
DA:82,1
DA:88,1
DA:94,1
DA:101,1
DA:108,4
DA:115,1
DA:122,1
LF:20
LH:20
BRF:0
BRH:0
end_of_record
TN:
SF:/home/user/Documents/mainstream/dodao-diamond/contracts/facets/TokenFacet.sol
FN:16,name
FN:20,symbol
FN:25,create
FN:33,mintNonFungible
FN:40,mintNonFungibleByName
FN:47,mintFungible
FN:55,mintFungibleByName
FN:63,setURI
FN:70,setURIOfName
FN:77,balanceOf
FN:85,balanceOfBatch
FN:93,setApprovalForAll
FN:97,isApprovedForAll
FN:104,safeTransferFrom
FN:114,safeBatchTransferFrom
FN:124,onERC1155Received
FNF:16
FNH:11
FNDA:0,name
FNDA:0,symbol
FNDA:4,create
FNDA:1,mintNonFungible
FNDA:0,mintNonFungibleByName
FNDA:1,mintFungible
FNDA:3,mintFungibleByName
FNDA:3,setURI
FNDA:1,setURIOfName
FNDA:123,balanceOf
FNDA:3,balanceOfBatch
FNDA:10,setApprovalForAll
FNDA:0,isApprovedForAll
FNDA:13,safeTransferFrom
FNDA:13,safeBatchTransferFrom
FNDA:0,onERC1155Received
DA:17,0
DA:21,0
DA:30,4
DA:37,1
DA:44,0
DA:52,1
DA:60,3
DA:67,3
DA:74,1
DA:81,123
DA:89,3
DA:94,10
DA:101,0
DA:111,13
DA:121,13
DA:131,0
LF:16
LH:11
BRF:0
BRH:0
end_of_record
TN:
SF:/home/user/Documents/mainstream/dodao-diamond/contracts/facets/tokenstorage/ERC1155FacetStorage.sol
FNF:0
FNH:0
LF:0
LH:0
BRF:0
BRH:0
end_of_record
TN:
SF:/home/user/Documents/mainstream/dodao-diamond/contracts/facets/tokenstorage/ERC1155StorageFacet.sol
FN:9,erc1155Storage
FNF:1
FNH:1
FNDA:4,erc1155Storage
DA:10,4
DA:11,4
LF:2
LH:2
BRF:0
BRH:0
end_of_record
TN:
SF:/home/user/Documents/mainstream/dodao-diamond/contracts/interfaces/IAccountFacet.sol
FNF:0
FNH:0
LF:0
LH:0
BRF:0
BRH:0
end_of_record
TN:
SF:/home/user/Documents/mainstream/dodao-diamond/contracts/interfaces/IDiamond.sol
FNF:0
FNH:0
LF:0
LH:0
BRF:0
BRH:0
end_of_record
TN:
SF:/home/user/Documents/mainstream/dodao-diamond/contracts/interfaces/IDiamondCut.sol
FNF:0
FNH:0
LF:0
LH:0
BRF:0
BRH:0
end_of_record
TN:
SF:/home/user/Documents/mainstream/dodao-diamond/contracts/interfaces/IDiamondLoupe.sol
FNF:0
FNH:0
LF:0
LH:0
BRF:0
BRH:0
end_of_record
TN:
SF:/home/user/Documents/mainstream/dodao-diamond/contracts/interfaces/IDistributionExecutable.sol
FNF:0
FNH:0
LF:0
LH:0
BRF:0
BRH:0
end_of_record
TN:
SF:/home/user/Documents/mainstream/dodao-diamond/contracts/interfaces/IERC1155.sol
FNF:0
FNH:0
LF:0
LH:0
BRF:0
BRH:0
end_of_record
TN:
SF:/home/user/Documents/mainstream/dodao-diamond/contracts/interfaces/IERC1155Metadata.sol
FNF:0
FNH:0
LF:0
LH:0
BRF:0
BRH:0
end_of_record
TN:
SF:/home/user/Documents/mainstream/dodao-diamond/contracts/interfaces/IERC1155TokenReceiver.sol
FNF:0
FNH:0
LF:0
LH:0
BRF:0
BRH:0
end_of_record
TN:
SF:/home/user/Documents/mainstream/dodao-diamond/contracts/interfaces/IERC165.sol
FNF:0
FNH:0
LF:0
LH:0
BRF:0
BRH:0
end_of_record
TN:
SF:/home/user/Documents/mainstream/dodao-diamond/contracts/interfaces/IERC173.sol
FNF:0
FNH:0
LF:0
LH:0
BRF:0
BRH:0
end_of_record
TN:
SF:/home/user/Documents/mainstream/dodao-diamond/contracts/interfaces/IInterchainFacet.sol
FNF:0
FNH:0
LF:0
LH:0
BRF:0
BRH:0
end_of_record
TN:
SF:/home/user/Documents/mainstream/dodao-diamond/contracts/interfaces/ITaskContract.sol
FNF:0
FNH:0
LF:0
LH:0
BRF:0
BRH:0
end_of_record
TN:
SF:/home/user/Documents/mainstream/dodao-diamond/contracts/interfaces/ITokenFacet.sol
FNF:0
FNH:0
LF:0
LH:0
BRF:0
BRH:0
end_of_record
TN:
SF:/home/user/Documents/mainstream/dodao-diamond/contracts/libraries/interchain/LibAxelar.sol
FNF:0
FNH:0
LF:0
LH:0
BRF:0
BRH:0
end_of_record
TN:
SF:/home/user/Documents/mainstream/dodao-diamond/contracts/libraries/interchain/LibHyperlane.sol
FNF:0
FNH:0
LF:0
LH:0
BRF:0
BRH:0
end_of_record
TN:
SF:/home/user/Documents/mainstream/dodao-diamond/contracts/libraries/interchain/LibLayerzero.sol
FNF:0
FNH:0
LF:0
LH:0
BRF:0
BRH:0
end_of_record
TN:
SF:/home/user/Documents/mainstream/dodao-diamond/contracts/libraries/interchain/LibWormhole.sol
FNF:0
FNH:0
LF:0
LH:0
BRF:0
BRH:0
end_of_record
TN:
SF:/home/user/Documents/mainstream/dodao-diamond/contracts/libraries/LibAddress.sol
FN:16,isContract
FNF:1
FNH:1
FNDA:22,isContract
DA:17,22
DA:25,22
DA:26,22
LF:3
LH:3
BRF:0
BRH:0
end_of_record
TN:
SF:/home/user/Documents/mainstream/dodao-diamond/contracts/libraries/LibAppStorage.sol
FNF:0
FNH:0
LF:0
LH:0
BRF:0
BRH:0
end_of_record
TN:
SF:/home/user/Documents/mainstream/dodao-diamond/contracts/libraries/LibChat.sol
FN:30,taskStorage
FN:41,sendMessage
FNF:2
FNH:0
FNDA:0,taskStorage
FNDA:0,sendMessage
DA:35,0
DA:36,0
DA:46,0
DA:48,0
DA:49,0
DA:54,0
DA:57,0
DA:66,0
DA:67,0
DA:68,0
DA:69,0
DA:70,0
DA:71,0
DA:72,0
DA:73,0
LF:15
LH:0
BRDA:49,1,0,0
BRDA:49,1,1,0
BRDA:57,2,0,0
BRDA:57,2,1,0
BRDA:61,3,0,0
BRDA:61,3,1,0
BRDA:61,4,0,0
BRDA:61,4,1,0
BRDA:58,5,0,0
BRDA:58,5,1,0
BRF:10
BRH:0
end_of_record
TN:
SF:/home/user/Documents/mainstream/dodao-diamond/contracts/libraries/LibDiamond.sol
FN:47,diamondStorage
FN:56,setContractOwner
FN:63,contractOwner
FN:67,enforceIsContractOwner
FN:76,diamondCut
FN:102,addFunctions
FN:121,replaceFunctions
FN:145,removeFunctions
FN:176,initializeDiamondCut
FN:196,enforceHasContractCode
FNF:10
FNH:8
FNDA:110,diamondStorage
FNDA:6,setContractOwner
FNDA:0,contractOwner
FNDA:2,enforceIsContractOwner
FNDA:8,diamondCut
FNDA:87,addFunctions
FNDA:0,replaceFunctions
FNDA:1,removeFunctions
FNDA:8,initializeDiamondCut
FNDA:93,enforceHasContractCode
DA:48,110
DA:49,110
DA:57,6
DA:58,6
DA:59,6
DA:60,6
DA:64,0
DA:68,2
DA:69,0
DA:81,8
DA:82,88
DA:83,88
DA:84,88
DA:85,0
DA:87,88
DA:88,88
DA:89,87
DA:91,0
DA:93,1
DA:95,0
DA:98,8
DA:99,8
DA:103,87
DA:104,0
DA:106,87
DA:107,87
DA:108,87
DA:109,87
DA:110,663
DA:111,663
DA:112,663
DA:113,0
DA:115,663
DA:116,663
DA:117,663
DA:122,0
DA:123,0
DA:124,0
DA:126,0
DA:127,0
DA:128,0
DA:129,0
DA:131,0
DA:132,0
DA:134,0
DA:135,0
DA:137,0
DA:138,0
DA:141,0
DA:146,1
DA:147,1
DA:148,1
DA:149,0
DA:151,1
DA:152,94
DA:153,94
DA:154,94
DA:155,0
DA:160,94
DA:161,0
DA:164,94
DA:165,94
DA:166,50
DA:167,50
DA:168,50
DA:171,94
DA:172,94
DA:177,8
DA:178,2
DA:180,6
DA:181,6
DA:182,6
DA:183,0
DA:186,0
DA:191,0
DA:197,93
DA:198,93
DA:201,93
DA:202,0
LF:79
LH:51
BRDA:68,1,0,0
BRDA:68,1,1,2
BRDA:84,2,0,0
BRDA:84,2,1,88
BRDA:88,3,0,87
BRDA:88,3,1,1
BRDA:90,4,0,0
BRDA:90,4,1,1
BRDA:92,5,0,1
BRDA:92,5,1,0
BRDA:103,6,0,0
BRDA:103,6,1,87
BRDA:112,7,0,0
BRDA:112,7,1,663
BRDA:123,8,0,0
BRDA:123,8,1,0
BRDA:131,9,0,0
BRDA:131,9,1,0
BRDA:134,10,0,0
BRDA:134,10,1,0
BRDA:137,11,0,0
BRDA:137,11,1,0
BRDA:148,12,0,0
BRDA:148,12,1,1
BRDA:154,13,0,0
BRDA:154,13,1,94
BRDA:160,14,0,0
BRDA:160,14,1,94
BRDA:165,15,0,50
BRDA:165,15,1,44
BRDA:177,16,0,2
BRDA:177,16,1,6
BRDA:182,17,0,0
BRDA:182,17,1,6
BRDA:183,18,0,0
BRDA:183,18,1,0
BRDA:201,19,0,0
BRDA:201,19,1,93
BRF:38
BRH:17
end_of_record
TN:
SF:/home/user/Documents/mainstream/dodao-diamond/contracts/libraries/LibInterchain.sol
FN:69,interchainStorage
FN:76,addTrustedInterchainContractAddress
FN:86,addConfigAxelar
FN:104,addConfigHyperlane
FN:120,addConfigLayerzero
FN:136,addConfigWormhole
FNF:6
FNH:0
FNDA:0,interchainStorage
FNDA:0,addTrustedInterchainContractAddress
FNDA:0,addConfigAxelar
FNDA:0,addConfigHyperlane
FNDA:0,addConfigLayerzero
FNDA:0,addConfigWormhole
DA:70,0
DA:71,0
DA:81,0
DA:82,0
DA:83,0
DA:94,0
DA:95,0
DA:96,0
DA:97,0
DA:98,0
DA:99,0
DA:100,0
DA:101,0
DA:111,0
DA:112,0
DA:113,0
DA:114,0
DA:115,0
DA:116,0
DA:117,0
DA:127,0
DA:128,0
DA:129,0
DA:130,0
DA:131,0
DA:132,0
DA:133,0
DA:144,0
DA:145,0
DA:146,0
DA:147,0
DA:148,0
DA:149,0
DA:150,0
DA:151,0
LF:35
LH:0
BRF:0
BRH:0
end_of_record
TN:
SF:/home/user/Documents/mainstream/dodao-diamond/contracts/libraries/LibTasks.sol
FN:150,taskStorage
FN:161,erc1155Storage
FN:172,taskParticipate
FN:254,taskStateChange
FNF:4
FNH:4
FNDA:215,taskStorage
FNDA:9,erc1155Storage
FNDA:6,taskParticipate
FNDA:17,taskStateChange
DA:155,215
DA:156,215
DA:166,9
DA:167,9
DA:177,6
DA:189,6
DA:196,6
DA:202,6
DA:203,6
DA:204,6
DA:205,0
DA:209,6
DA:210,6
DA:211,6
DA:212,6
DA:213,6
DA:214,6
DA:215,6
DA:216,6
DA:219,6
DA:220,3
DA:221,3
DA:222,3
DA:226,3
DA:231,3
DA:232,0
DA:235,3
DA:236,3
DA:237,3
DA:238,3
DA:243,3
DA:262,17
DA:273,17
DA:285,17
DA:287,17
DA:288,17
DA:289,17
DA:290,17
DA:291,17
DA:292,17
DA:293,17
DA:294,17
DA:304,3
DA:305,3
DA:308,3
DA:311,3
DA:312,3
DA:315,3
DA:316,3
DA:317,3
DA:318,3
DA:320,0
DA:329,0
DA:332,0
DA:333,0
DA:335,0
DA:343,3
DA:344,3
DA:345,3
DA:346,3
DA:347,3
DA:348,0
DA:349,0
DA:355,0
DA:356,0
DA:370,3
DA:371,3
DA:378,3
DA:379,3
DA:390,1
DA:391,1
DA:392,1
DA:398,1
DA:399,1
DA:403,6
DA:413,1
DA:414,1
DA:415,1
DA:418,1
DA:424,1
DA:425,1
DA:426,1
DA:429,1
DA:439,4
DA:440,4
DA:441,4
DA:442,2
DA:443,2
DA:446,4
DA:447,2
DA:450,2
DA:451,2
DA:453,2
DA:457,0
DA:460,0
LF:95
LH:82
BRDA:189,1,0,6
BRDA:189,1,1,0
BRDA:196,2,0,6
BRDA:196,2,1,0
BRDA:204,3,0,0
BRDA:204,3,1,6
BRDA:219,4,0,3
BRDA:219,4,1,3
BRDA:231,5,0,0
BRDA:231,5,1,3
BRDA:235,6,0,3
BRDA:235,6,1,0
BRDA:273,7,0,17
BRDA:273,7,1,0
BRDA:274,8,0,17
BRDA:274,8,1,0
BRDA:294,9,0,3
BRDA:294,9,1,14
BRDA:299,10,0,3
BRDA:299,10,1,0
BRDA:308,11,0,3
BRDA:308,11,1,0
BRDA:315,12,0,3
BRDA:315,12,1,0
BRDA:322,13,0,0
BRDA:322,13,1,14
BRDA:329,14,0,0
BRDA:329,14,1,0
BRDA:337,15,0,3
BRDA:337,15,1,11
BRDA:347,16,0,0
BRDA:347,16,1,3
BRDA:348,17,0,0
BRDA:348,17,1,0
BRDA:355,18,0,0
BRDA:355,18,1,0
BRDA:372,19,0,3
BRDA:372,19,1,8
BRDA:380,20,0,1
BRDA:380,20,1,7
BRDA:393,21,0,1
BRDA:393,21,1,6
BRDA:400,22,0,6
BRDA:400,22,1,0
BRDA:403,23,0,1
BRDA:403,23,1,5
BRDA:406,24,0,0
BRDA:406,24,1,0
BRDA:406,25,0,0
BRDA:406,25,1,1
BRDA:419,26,0,1
BRDA:419,26,1,4
BRDA:431,27,0,4
BRDA:431,27,1,0
BRDA:441,28,0,2
BRDA:441,28,1,2
BRDA:446,29,0,2
BRDA:446,29,1,2
BRF:58
BRH:35
end_of_record
TN:
SF:/home/user/Documents/mainstream/dodao-diamond/contracts/libraries/LibTasksAudit.sol
FN:33,erc1155Storage
FN:45,taskAuditParticipate
FN:109,taskAuditDecision
FNF:3
FNH:2
FNDA:0,erc1155Storage
FNDA:2,taskAuditParticipate
FNDA:2,taskAuditDecision
DA:38,0
DA:39,0
DA:50,2
DA:61,2
DA:68,2
DA:75,2
DA:76,2
DA:77,2
DA:78,2
DA:79,2
DA:80,2
DA:81,2
DA:82,2
DA:83,2
DA:84,2
DA:85,2
DA:86,2
DA:88,0
DA:93,0
DA:94,0
DA:95,0
DA:98,0
DA:99,0
DA:100,0
DA:101,0
DA:102,0
DA:116,2
DA:127,2
DA:132,2
DA:133,2
DA:134,2
DA:135,2
DA:138,2
DA:139,2
DA:140,2
DA:141,2
DA:142,2
DA:143,2
DA:144,2
DA:154,1
DA:157,1
DA:158,1
DA:159,1
DA:160,1
DA:171,0
DA:174,0
DA:175,0
DA:176,0
DA:177,0
DA:187,1
DA:190,1
DA:191,1
DA:192,1
DA:193,1
LF:54
LH:38
BRDA:61,1,0,2
BRDA:61,1,1,0
BRDA:68,2,0,2
BRDA:68,2,1,0
BRDA:83,3,0,2
BRDA:83,3,1,0
BRDA:93,4,0,0
BRDA:93,4,1,0
BRDA:98,5,0,0
BRDA:98,5,1,0
BRDA:127,6,0,2
BRDA:127,6,1,0
BRDA:128,7,0,2
BRDA:128,7,1,0
BRDA:144,8,0,1
BRDA:144,8,1,1
BRDA:161,9,0,0
BRDA:161,9,1,1
BRDA:178,10,0,1
BRDA:178,10,1,0
BRF:20
BRH:9
end_of_record
TN:
SF:/home/user/Documents/mainstream/dodao-diamond/contracts/libraries/LibTokenData.sol
FN:8,erc1155Storage
FN:19,uri
FN:37,uriOfName
FN:48,uriOfBatch
FN:67,uriOfBatchName
FN:79,totalSupply
FN:84,totalSupplyOfNfType
FN:95,totalSupplyOfName
FN:103,totalSupplyOfBatch
FN:118,totalSupplyOfBatchNfType
FN:137,totalSupplyOfBatchName
FN:156,balanceOf
FN:167,balanceOfNfType
FN:181,balanceOfName
FN:195,balanceOfBatch
FN:217,balanceOfBatchNfType
FN:242,balanceOfBatchName
FN:260,exists
FN:264,existsNfType
FN:275,existsName
FN:283,getTokenBaseType
FN:290,getTokenName
FN:298,getTokenIds
FN:305,getTokenNames
FN:332,isNonFungible
FN:336,isFungible
FN:340,getNonFungibleIndex
FN:344,getNonFungibleBaseType
FN:348,isNonFungibleBaseType
FN:353,isNonFungibleItem
FN:358,ownerOf
FNF:31
FNH:22
FNDA:0,erc1155Storage
FNDA:156,uri
FNDA:0,uriOfName
FNDA:0,uriOfBatch
FNDA:1,uriOfBatchName
FNDA:1,totalSupply
FNDA:2,totalSupplyOfNfType
FNDA:0,totalSupplyOfName
FNDA:1,totalSupplyOfBatch
FNDA:1,totalSupplyOfBatchNfType
FNDA:1,totalSupplyOfBatchName
FNDA:1,balanceOf
FNDA:122,balanceOfNfType
FNDA:0,balanceOfName
FNDA:0,balanceOfBatch
FNDA:2,balanceOfBatchNfType
FNDA:1,balanceOfBatchName
FNDA:1,exists
FNDA:1,existsNfType
FNDA:0,existsName
FNDA:1,getTokenBaseType
FNDA:1,getTokenName
FNDA:1,getTokenIds
FNDA:1,getTokenNames
FNDA:1,isNonFungible
FNDA:13,isFungible
FNDA:0,getNonFungibleIndex
FNDA:0,getNonFungibleBaseType
FNDA:15,isNonFungibleBaseType
FNDA:5,isNonFungibleItem
FNDA:134,ownerOf
DA:13,0
DA:14,156
DA:21,156
DA:22,4
DA:23,4
DA:24,4
DA:27,4
DA:29,0
DA:30,4
DA:33,4
DA:38,0
DA:39,0
DA:40,0
DA:41,0
DA:44,0
DA:49,0
DA:52,1
DA:54,1
DA:55,1
DA:56,1
DA:57,1
DA:60,1
DA:64,0
DA:68,1
DA:70,1
DA:72,1
DA:73,1
DA:74,1
DA:76,1
DA:80,1
DA:81,2
DA:85,2
DA:86,1
DA:87,1
DA:88,1
DA:91,1
DA:98,0
DA:99,1
DA:100,1
DA:106,1
DA:108,1
DA:110,1
DA:111,1
DA:112,1
DA:115,1
DA:121,1
DA:122,1
DA:124,1
DA:125,1
DA:126,1
DA:127,1
DA:130,1
DA:134,0
DA:140,1
DA:141,1
DA:143,1
DA:144,1
DA:145,1
DA:146,1
DA:149,1
DA:153,0
DA:160,1
DA:161,123
DA:162,123
DA:164,0
DA:171,122
DA:172,5
DA:173,5
DA:174,5
DA:177,5
DA:185,0
DA:186,4
DA:187,4
DA:188,4
DA:191,4
DA:199,0
DA:201,3
DA:203,3
DA:205,2
DA:206,2
DA:207,11
DA:208,11
DA:210,0
DA:214,10
DA:221,2
DA:223,1
DA:225,1
DA:227,1
DA:228,1
DA:229,1
DA:230,1
DA:231,1
DA:234,1
DA:238,0
DA:246,1
DA:248,1
DA:250,1
DA:252,1
DA:253,1
DA:254,1
DA:257,1
DA:261,1
DA:265,1
DA:266,1
DA:267,1
DA:268,1
DA:271,1
DA:278,0
DA:279,1
DA:280,1
DA:286,1
DA:287,1
DA:293,1
DA:294,1
DA:295,1
DA:301,1
DA:302,1
DA:308,1
DA:310,1
DA:311,1
DA:312,1
DA:313,1
DA:315,1
DA:333,1
DA:337,13
DA:341,0
DA:345,0
DA:350,15
DA:355,5
DA:359,134
DA:360,0
LF:131
LH:110
BRDA:23,1,0,4
BRDA:23,1,1,4
BRDA:29,2,0,4
BRDA:29,2,1,4
BRDA:40,3,0,0
BRDA:40,3,1,0
BRDA:56,4,0,1
BRDA:56,4,1,1
BRDA:86,5,0,1
BRDA:86,5,1,1
BRDA:125,6,0,1
BRDA:125,6,1,1
BRDA:145,7,0,1
BRDA:145,7,1,1
BRDA:161,8,0,123
BRDA:161,8,1,1
BRDA:162,9,0,1
BRDA:162,9,1,1
BRDA:172,10,0,5
BRDA:172,10,1,5
BRDA:187,11,0,4
BRDA:187,11,1,4
BRDA:201,12,0,3
BRDA:201,12,1,0
BRDA:207,13,0,11
BRDA:207,13,1,1
BRDA:208,14,0,1
BRDA:208,14,1,1
BRDA:223,15,0,1
BRDA:223,15,1,0
BRDA:229,16,0,1
BRDA:229,16,1,1
BRDA:248,17,0,1
BRDA:248,17,1,0
BRDA:266,18,0,1
BRDA:266,18,1,1
BRF:36
BRH:31
end_of_record
TN:
SF:/home/user/Documents/mainstream/dodao-diamond/contracts/libraries/LibTokens.sol
FN:68,erc1155Storage
FN:293,isNonFungible
FN:297,isFungible
FN:301,getNonFungibleIndex
FN:305,getNonFungibleBaseType
FN:309,isNonFungibleBaseType
FN:314,isNonFungibleItem
FN:319,ownerOf
FN:324,creatorOnly
FN:332,supportsInterface
FN:345,create
FN:381,mintNonFungible
FN:422,mintNonFungibleByName
FN:436,mintFungible
FN:468,mintFungibleByName2
FN:481,setURI
FN:487,setURIOfName
FN:497,safeTransferFrom
FN:555,safeBatchTransferFrom
FN:734,setApprovalForAll
FN:751,isApprovedForAll
FN:759,setShouldReject
FN:764,onERC1155Received
FN:779,onERC1155BatchReceived
FN:794,_doSafeTransferAcceptanceCheck
FN:805,_doSafeBatchTransferAcceptanceCheck
FN:844,_requireAuth
FN:851,_requireNonZero
FN:858,_requireBalance
FNF:29
FNH:12
FNDA:0,erc1155Storage
FNDA:101,isNonFungible
FNDA:37,isFungible
FNDA:3,getNonFungibleIndex
FNDA:0,getNonFungibleBaseType
FNDA:0,isNonFungibleBaseType
FNDA:0,isNonFungibleItem
FNDA:0,ownerOf
FNDA:0,creatorOnly
FNDA:7,supportsInterface
FNDA:0,create
FNDA:0,mintNonFungible
FNDA:0,mintNonFungibleByName
FNDA:0,mintFungible
FNDA:0,mintFungibleByName2
FNDA:0,setURI
FNDA:3,setURIOfName
FNDA:1,safeTransferFrom
FNDA:3,safeBatchTransferFrom
FNDA:3,setApprovalForAll
FNDA:10,isApprovedForAll
FNDA:0,setShouldReject
FNDA:0,onERC1155Received
FNDA:0,onERC1155BatchReceived
FNDA:0,_doSafeTransferAcceptanceCheck
FNDA:3,_doSafeBatchTransferAcceptanceCheck
FNDA:3,_requireAuth
FNDA:0,_requireNonZero
FNDA:4,_requireBalance
DA:73,0
DA:74,101
DA:294,101
DA:298,37
DA:302,3
DA:306,0
DA:311,0
DA:316,0
DA:320,0
DA:321,0
DA:325,0
DA:328,9
DA:329,9
DA:336,7
DA:338,0
DA:341,0
DA:350,0
DA:351,4
DA:353,4
DA:356,4
DA:359,1
DA:360,3
DA:361,4
DA:362,4
DA:372,4
DA:374,4
DA:375,4
DA:382,0
DA:385,1
DA:388,1
DA:389,1
DA:391,1
DA:393,1
DA:394,1
DA:395,1
DA:398,1
DA:399,1
DA:400,1
DA:401,1
DA:405,1
DA:407,1
DA:409,1
DA:410,1
DA:426,1
DA:427,0
DA:428,0
DA:437,0
DA:439,3
DA:441,3
DA:442,3
DA:443,3
DA:444,3
DA:447,3
DA:448,3
DA:453,3
DA:455,3
DA:456,3
DA:473,3
DA:474,3
DA:475,3
DA:482,0
DA:483,3
DA:484,3
DA:491,3
DA:492,1
DA:493,1
DA:504,1
DA:505,13
DA:506,13
DA:511,2
DA:513,12
DA:514,9
DA:515,0
DA:517,0
DA:518,0
DA:519,0
DA:522,0
DA:523,0
DA:525,0
DA:526,0
DA:528,0
DA:530,0
DA:533,0
DA:536,9
DA:540,9
DA:542,9
DA:543,9
DA:562,6
DA:564,13
DA:565,13
DA:568,13
DA:573,2
DA:575,11
DA:576,29
DA:577,29
DA:579,29
DA:580,27
DA:581,0
DA:584,0
DA:585,0
DA:586,0
DA:601,0
DA:603,27
DA:608,27
DA:610,9
DA:611,9
DA:735,6
DA:736,10
DA:741,10
DA:742,10
DA:755,10
DA:756,0
DA:760,0
DA:761,0
DA:771,0
DA:772,0
DA:773,0
DA:775,0
DA:786,0
DA:787,0
DA:788,0
DA:790,0
DA:802,0
DA:812,1
DA:845,1
DA:852,0
DA:863,4
DA:864,41
LF:128
LH:84
BRDA:328,1,0,9
BRDA:328,1,1,0
BRDA:336,2,0,0
BRDA:336,2,1,0
BRDA:336,3,0,0
BRDA:336,3,1,0
BRDA:351,4,0,4
BRDA:351,4,1,0
BRDA:356,5,0,4
BRDA:356,5,1,4
BRDA:374,6,0,4
BRDA:374,6,1,4
BRDA:381,7,0,0
BRDA:381,7,1,0
BRDA:385,8,0,1
BRDA:385,8,1,0
BRDA:409,9,0,1
BRDA:409,9,1,0
BRDA:436,10,0,0
BRDA:436,10,1,0
BRDA:439,11,0,3
BRDA:439,11,1,0
BRDA:455,12,0,3
BRDA:455,12,1,0
BRDA:481,13,0,0
BRDA:481,13,1,0
BRDA:505,14,0,13
BRDA:505,14,1,0
BRDA:506,15,0,10
BRDA:506,15,1,3
BRDA:507,16,0,13
BRDA:507,16,1,13
BRDA:513,17,0,9
BRDA:513,17,1,0
BRDA:514,18,0,0
BRDA:514,18,1,0
BRDA:523,19,0,0
BRDA:523,19,1,0
BRDA:542,20,0,9
BRDA:542,20,1,3
BRDA:564,21,0,13
BRDA:564,21,1,0
BRDA:565,22,0,13
BRDA:565,22,1,0
BRDA:568,23,0,9
BRDA:568,23,1,4
BRDA:569,24,0,13
BRDA:569,24,1,13
BRDA:579,25,0,27
BRDA:579,25,1,0
BRDA:580,26,0,0
BRDA:580,26,1,0
BRDA:610,27,0,9
BRDA:610,27,1,3
BRDA:736,28,0,10
BRDA:736,28,1,0
BRDA:772,29,0,0
BRDA:772,29,1,0
BRDA:787,30,0,0
BRDA:787,30,1,0
BRDA:802,31,0,3
BRDA:802,31,1,0
BRDA:812,32,0,3
BRDA:812,32,1,0
BRDA:845,33,0,0
BRDA:845,33,1,0
BRDA:846,34,0,0
BRDA:846,34,1,0
BRDA:852,35,0,4
BRDA:852,35,1,0
BRDA:864,36,0,41
BRDA:864,36,1,0
BRF:72
BRH:32
end_of_record
TN:
SF:/home/user/Documents/mainstream/dodao-diamond/contracts/libraries/LibUtils.sol
FN:11,addressToString
FN:15,uint2str
FNF:2
FNH:0
FNDA:0,addressToString
FNDA:0,uint2str
DA:12,0
DA:22,0
DA:24,0
DA:26,0
DA:27,0
DA:28,0
DA:30,0
DA:31,0
DA:33,0
DA:34,0
DA:35,0
DA:36,0
DA:38,0
DA:39,0
DA:41,0
LF:15
LH:0
BRDA:22,1,0,0
BRDA:22,1,1,0
BRF:2
BRH:0
end_of_record
TN:
SF:/home/user/Documents/mainstream/dodao-diamond/contracts/libraries/LibWithdraw.sol
FN:25,appStorage
FN:31,taskStorage
FN:42,erc1155Storage
FN:54,withdraw
FNF:4
FNH:0
FNDA:0,appStorage
FNDA:0,taskStorage
FNDA:0,erc1155Storage
FNDA:0,withdraw
DA:26,0
DA:36,0
DA:37,0
DA:47,0
DA:48,0
DA:55,0
DA:56,0
DA:57,0
DA:60,0
DA:62,0
DA:63,0
DA:67,0
DA:68,0
DA:69,0
DA:72,0
DA:73,0
DA:76,0
DA:77,0
DA:78,0
DA:81,0
DA:82,0
DA:83,0
DA:84,0
DA:85,0
DA:86,0
DA:97,0
DA:98,0
DA:100,0
DA:101,0
DA:102,0
DA:105,0
DA:113,0
LF:32
LH:0
BRDA:56,1,0,0
BRDA:56,1,1,0
BRDA:62,2,0,0
BRDA:62,2,1,0
BRDA:64,3,0,0
BRDA:64,3,1,0
BRDA:76,4,0,0
BRDA:76,4,1,0
BRDA:82,5,0,0
BRDA:82,5,1,0
BRDA:83,6,0,0
BRDA:83,6,1,0
BRDA:85,7,0,0
BRDA:85,7,1,0
BRDA:90,8,0,0
BRDA:90,8,1,0
BRDA:91,9,0,0
BRDA:91,9,1,0
BRDA:91,10,0,0
BRDA:91,10,1,0
BRDA:91,11,0,0
BRDA:91,11,1,0
BRDA:91,12,0,0
BRDA:91,12,1,0
BRDA:99,13,0,0
BRDA:99,13,1,0
BRF:26
BRH:0
end_of_record
TN:
SF:/home/user/Documents/mainstream/dodao-diamond/contracts/libraries/structs/ERC1155FacetStorage.sol
FNF:0
FNH:0
LF:0
LH:0
BRF:0
BRH:0
end_of_record
TN:
SF:/home/user/Documents/mainstream/dodao-diamond/contracts/upgradeInitializers/DiamondInit.sol
FN:30,init
FNF:1
FNH:0
FNDA:0,init
DA:32,0
DA:33,6
DA:34,6
DA:35,6
DA:36,6
DA:37,6
DA:38,6
LF:7
LH:6
BRF:0
BRH:0
end_of_record
TN:
SF:/home/user/Documents/mainstream/dodao-diamond/contracts/upgradeInitializers/DiamondMultiInit.sol
FN:20,multiInit
FNF:1
FNH:0
FNDA:0,multiInit
DA:21,0
DA:22,0
DA:24,0
DA:25,0
LF:4
LH:0
BRDA:21,1,0,0
BRDA:21,1,1,0
BRF:2
BRH:0
end_of_record
